2023-05-27 16:34:39.998 [main] INFO  org.testng.internal.Utils - [Utils] MethodGroupsHelper.collectMethodsByGroup() took 1 ms.
2023-05-27 16:34:40.007 [main] INFO  org.testng.internal.Utils - [Utils] MethodGroupsHelper.sortMethods() took 2 ms.
2023-05-27 16:34:40.010 [main] INFO  org.testng.internal.Utils - [Utils] MethodGroupsHelper.collectMethodsByGroup() took 0 ms.
2023-05-27 16:34:40.010 [main] INFO  org.testng.internal.Utils - [Utils] MethodGroupsHelper.sortMethods() took 0 ms.
2023-05-27 16:34:40.012 [main] INFO  org.testng.internal.Utils - [Utils] MethodGroupsHelper.collectMethodsByGroup() took 0 ms.
2023-05-27 16:34:40.012 [main] INFO  org.testng.internal.Utils - [Utils] MethodGroupsHelper.sortMethods() took 0 ms.
2023-05-27 16:34:40.018 [main] INFO  org.testng.internal.Utils - [Utils] MethodGroupsHelper.collectMethodsByGroup() took 0 ms.
2023-05-27 16:34:40.018 [main] INFO  org.testng.internal.Utils - [Utils] MethodGroupsHelper.sortMethods() took 0 ms.
2023-05-27 16:34:40.023 [main] INFO  org.testng.internal.Utils - [Utils] MethodGroupsHelper.collectMethodsByGroup() took 3 ms.
2023-05-27 16:34:40.036 [main] INFO  org.testng.internal.Utils - [Utils] MethodGroupsHelper.sortMethods() took 12 ms.
2023-05-27 16:34:40.038 [main] INFO  org.testng.internal.Utils - [Utils] MethodGroupsHelper.collectMethodsByGroup() took 0 ms.
2023-05-27 16:34:40.039 [main] INFO  org.testng.internal.Utils - [Utils] MethodGroupsHelper.sortMethods() took 1 ms.
2023-05-27 16:34:40.041 [main] INFO  org.testng.internal.Utils - [Utils] MethodGroupsHelper.collectMethodsByGroup() took 0 ms.
2023-05-27 16:34:40.041 [main] INFO  org.testng.internal.Utils - [Utils] MethodGroupsHelper.sortMethods() took 0 ms.
2023-05-27 16:34:40.042 [main] INFO  org.testng.internal.Utils - [Utils] MethodGroupsHelper.collectMethodsByGroup() took 0 ms.
2023-05-27 16:34:40.042 [main] INFO  org.testng.internal.Utils - [Utils] MethodGroupsHelper.sortMethods() took 0 ms.
2023-05-27 16:34:40.045 [main] INFO  org.testng.internal.Utils - [Utils] MethodGroupsHelper.collectMethodsByGroup() took 0 ms.
2023-05-27 16:34:40.046 [main] INFO  org.testng.internal.Utils - [Utils] MethodGroupsHelper.sortMethods() took 0 ms.
2023-05-27 16:34:40.046 [main] INFO  org.testng.internal.Utils - [Utils] MethodGroupsHelper.collectMethodsByGroup() took 0 ms.
2023-05-27 16:34:40.047 [main] INFO  org.testng.internal.Utils - [Utils] MethodGroupsHelper.sortMethods() took 0 ms.
2023-05-27 16:34:40.047 [main] INFO  org.testng.internal.Utils - [Utils] MethodGroupsHelper.collectMethodsByGroup() took 0 ms.
2023-05-27 16:34:40.049 [main] INFO  org.testng.internal.Utils - [Utils] MethodGroupsHelper.sortMethods() took 1 ms.
2023-05-27 16:34:40.049 [main] INFO  org.testng.internal.Utils - [Utils] MethodGroupsHelper.collectMethodsByGroup() took 0 ms.
2023-05-27 16:34:40.049 [main] INFO  org.testng.internal.Utils - [Utils] MethodGroupsHelper.sortMethods() took 0 ms.
2023-05-27 16:34:40.050 [main] INFO  org.testng.internal.Utils - [Utils] MethodGroupsHelper.collectMethodsByGroup() took 0 ms.
2023-05-27 16:34:40.051 [main] INFO  org.testng.internal.Utils - [Utils] MethodGroupsHelper.sortMethods() took 0 ms.
2023-05-27 16:34:40.052 [main] INFO  org.testng.internal.Utils - [Utils] MethodGroupsHelper.collectMethodsByGroup() took 0 ms.
2023-05-27 16:34:40.053 [main] INFO  org.testng.internal.Utils - [Utils] MethodGroupsHelper.sortMethods() took 0 ms.
2023-05-27 16:34:40.053 [main] INFO  org.testng.internal.Utils - [Utils] MethodGroupsHelper.collectMethodsByGroup() took 0 ms.
2023-05-27 16:34:40.053 [main] INFO  org.testng.internal.Utils - [Utils] MethodGroupsHelper.sortMethods() took 0 ms.
2023-05-27 16:34:40.064 [main] INFO  org.testng.internal.Utils - [TestNG] Running:
  C:\Users\akila\AppData\Local\Temp\testng-eclipse-855421342\testng-customsuite.xml

2023-05-27 16:34:40.090 [main] INFO  org.testng.internal.Utils - [Utils] DynamicGraphHelper.createDynamicGraph() took 6 ms.
2023-05-27 16:34:43.338 [main] INFO  TC_LoginTest_001 - Navigated to login page
2023-05-27 16:34:47.296 [main] INFO  TC_LoginTest_001 - Entered user name
2023-05-27 16:34:47.468 [main] INFO  TC_LoginTest_001 - Entered password
2023-05-27 16:34:47.634 [main] INFO  TC_LoginTest_001 - Clicked on login button
2023-05-27 16:34:48.959 [main] INFO  TC_LoginTest_001 - TC_LoginTest_001 passed
2023-05-27 16:34:49.904 [main] INFO  org.testng.internal.Utils - [TestNG] Time taken by org.testng.internal.ExitCodeListener@20cece0b: 0 ms
2023-05-27 16:34:50.017 [main] INFO  org.testng.internal.Utils - [TestNG] Time taken by org.testng.reporters.SuiteHTMLReporter@7e19755a: 113 ms
2023-05-27 16:34:50.181 [main] INFO  org.testng.internal.Utils - [TestNG] Time taken by org.testng.reporters.jq.Main@26c47874: 164 ms
2023-05-27 16:34:50.181 [main] INFO  org.testng.internal.Utils - [TestNG] Time taken by org.testng.reporters.FailedReporter@421056e5: 0 ms
2023-05-27 16:34:50.206 [main] INFO  org.testng.internal.Utils - [TestNG] Time taken by org.testng.reporters.XMLReporter@352c44a8: 25 ms
2023-05-27 16:34:50.220 [main] INFO  org.testng.internal.Utils - [TestNG] Time taken by org.testng.reporters.EmailableReporter2@e84fb85: 11 ms
2023-05-27 16:34:50.256 [main] INFO  org.testng.internal.Utils - [TestNG] Time taken by org.testng.reporters.JUnitReportReporter@7e74a380: 36 ms
2023-05-27 16:44:22.367 [main] INFO  TC_LoginTest_001 - Navigated to login page
2023-05-27 16:44:26.611 [main] INFO  TC_LoginTest_001 - Entered user name
2023-05-27 16:44:27.002 [main] INFO  TC_LoginTest_001 - Entered password
2023-05-27 16:44:27.354 [main] INFO  TC_LoginTest_001 - Clicked on login button
2023-05-27 16:44:28.668 [main] INFO  TC_LoginTest_001 - TC_LoginTest_001 passed
2023-05-27 16:47:07.309 [main] INFO  TC_LoginTest_001 - Navigated to login page
2023-05-27 16:47:12.613 [main] INFO  TC_LoginTest_001 - Entered user name
2023-05-27 16:47:12.830 [main] INFO  TC_LoginTest_001 - Entered password
2023-05-27 16:47:12.990 [main] INFO  TC_LoginTest_001 - Clicked on login button
2023-05-27 16:47:14.367 [main] INFO  TC_LoginTest_001 - TC_LoginTest_001 passed
2023-05-27 16:47:14.533 [AsyncHttpClient-1-4] WARN  org.asynchttpclient.netty.handler.WebSocketHandler - onError
java.net.SocketException: Connection reset
	at sun.nio.ch.SocketChannelImpl.throwConnectionReset(SocketChannelImpl.java:401) ~[?:?]
	at sun.nio.ch.SocketChannelImpl.read(SocketChannelImpl.java:434) ~[?:?]
	at io.netty.buffer.PooledByteBuf.setBytes(PooledByteBuf.java:256) ~[netty-buffer-4.1.91.Final.jar:4.1.91.Final]
	at io.netty.buffer.AbstractByteBuf.writeBytes(AbstractByteBuf.java:1132) ~[netty-buffer-4.1.91.Final.jar:4.1.91.Final]
	at io.netty.channel.socket.nio.NioSocketChannel.doReadBytes(NioSocketChannel.java:357) ~[netty-transport-4.1.91.Final.jar:4.1.91.Final]
	at io.netty.channel.nio.AbstractNioByteChannel$NioByteUnsafe.read(AbstractNioByteChannel.java:151) [netty-transport-4.1.91.Final.jar:4.1.91.Final]
	at io.netty.channel.nio.NioEventLoop.processSelectedKey(NioEventLoop.java:788) [netty-transport-4.1.91.Final.jar:4.1.91.Final]
	at io.netty.channel.nio.NioEventLoop.processSelectedKeysOptimized(NioEventLoop.java:724) [netty-transport-4.1.91.Final.jar:4.1.91.Final]
	at io.netty.channel.nio.NioEventLoop.processSelectedKeys(NioEventLoop.java:650) [netty-transport-4.1.91.Final.jar:4.1.91.Final]
	at io.netty.channel.nio.NioEventLoop.run(NioEventLoop.java:562) [netty-transport-4.1.91.Final.jar:4.1.91.Final]
	at io.netty.util.concurrent.SingleThreadEventExecutor$4.run(SingleThreadEventExecutor.java:997) [netty-common-4.1.91.Final.jar:4.1.91.Final]
	at io.netty.util.internal.ThreadExecutorMap$2.run(ThreadExecutorMap.java:74) [netty-common-4.1.91.Final.jar:4.1.91.Final]
	at io.netty.util.concurrent.FastThreadLocalRunnable.run(FastThreadLocalRunnable.java:30) [netty-common-4.1.91.Final.jar:4.1.91.Final]
	at java.lang.Thread.run(Thread.java:1589) [?:?]
2023-05-27 16:49:56.096 [main] INFO  TC_LoginTest_001 - Navigated to login page
2023-05-27 16:50:02.343 [main] INFO  TC_LoginTest_001 - Entered user name
2023-05-27 16:50:02.527 [main] INFO  TC_LoginTest_001 - Entered password
2023-05-27 16:50:02.678 [main] INFO  TC_LoginTest_001 - Clicked on login button
2023-05-27 16:50:03.739 [main] INFO  TC_LoginTest_001 - TC_LoginTest_001 passed
2023-05-27 20:50:20.010 [main] INFO  TC_LoginTest_001 - Navigated to login page
2023-05-27 20:50:23.830 [main] INFO  TC_LoginTest_001 - Entered user name
2023-05-27 20:50:24.233 [main] INFO  TC_LoginTest_001 - Entered password
2023-05-27 20:50:24.453 [main] INFO  TC_LoginTest_001 - Clicked on login button
2023-05-27 20:50:25.820 [main] INFO  TC_LoginTest_001 - TC_LoginTest_001 passed
2023-05-27 20:52:33.521 [main] INFO  TC_LoginTest_001 - Navigated to login page
2023-05-27 20:52:37.884 [main] INFO  TC_LoginTest_001 - Entered user name
2023-05-27 20:52:38.103 [main] INFO  TC_LoginTest_001 - Entered password
2023-05-27 20:52:38.291 [main] INFO  TC_LoginTest_001 - Clicked on login button
2023-05-27 20:52:39.552 [main] INFO  TC_LoginTest_001 - TC_LoginTest_001 passed
2023-05-27 20:52:39.688 [AsyncHttpClient-1-4] WARN  org.asynchttpclient.netty.handler.WebSocketHandler - onError
java.net.SocketException: Connection reset
	at sun.nio.ch.SocketChannelImpl.throwConnectionReset(SocketChannelImpl.java:401) ~[?:?]
	at sun.nio.ch.SocketChannelImpl.read(SocketChannelImpl.java:434) ~[?:?]
	at io.netty.buffer.PooledByteBuf.setBytes(PooledByteBuf.java:256) ~[netty-buffer-4.1.91.Final.jar:4.1.91.Final]
	at io.netty.buffer.AbstractByteBuf.writeBytes(AbstractByteBuf.java:1132) ~[netty-buffer-4.1.91.Final.jar:4.1.91.Final]
	at io.netty.channel.socket.nio.NioSocketChannel.doReadBytes(NioSocketChannel.java:357) ~[netty-transport-4.1.91.Final.jar:4.1.91.Final]
	at io.netty.channel.nio.AbstractNioByteChannel$NioByteUnsafe.read(AbstractNioByteChannel.java:151) [netty-transport-4.1.91.Final.jar:4.1.91.Final]
	at io.netty.channel.nio.NioEventLoop.processSelectedKey(NioEventLoop.java:788) [netty-transport-4.1.91.Final.jar:4.1.91.Final]
	at io.netty.channel.nio.NioEventLoop.processSelectedKeysOptimized(NioEventLoop.java:724) [netty-transport-4.1.91.Final.jar:4.1.91.Final]
	at io.netty.channel.nio.NioEventLoop.processSelectedKeys(NioEventLoop.java:650) [netty-transport-4.1.91.Final.jar:4.1.91.Final]
	at io.netty.channel.nio.NioEventLoop.run(NioEventLoop.java:562) [netty-transport-4.1.91.Final.jar:4.1.91.Final]
	at io.netty.util.concurrent.SingleThreadEventExecutor$4.run(SingleThreadEventExecutor.java:997) [netty-common-4.1.91.Final.jar:4.1.91.Final]
	at io.netty.util.internal.ThreadExecutorMap$2.run(ThreadExecutorMap.java:74) [netty-common-4.1.91.Final.jar:4.1.91.Final]
	at io.netty.util.concurrent.FastThreadLocalRunnable.run(FastThreadLocalRunnable.java:30) [netty-common-4.1.91.Final.jar:4.1.91.Final]
	at java.lang.Thread.run(Thread.java:1589) [?:?]
2023-05-27 20:54:34.231 [main] INFO  TC_LoginTest_001 - Navigated to login page
2023-05-27 20:54:38.391 [main] INFO  TC_LoginTest_001 - Entered user name
2023-05-27 20:54:38.673 [main] INFO  TC_LoginTest_001 - Entered password
2023-05-27 20:54:38.940 [main] INFO  TC_LoginTest_001 - Clicked on login button
2023-05-27 20:54:40.608 [main] INFO  TC_LoginTest_001 - TC_LoginTest_001 passed
2023-05-27 20:54:40.743 [AsyncHttpClient-1-4] WARN  org.asynchttpclient.netty.handler.WebSocketHandler - onError
java.net.SocketException: Connection reset
	at sun.nio.ch.SocketChannelImpl.throwConnectionReset(SocketChannelImpl.java:401) ~[?:?]
	at sun.nio.ch.SocketChannelImpl.read(SocketChannelImpl.java:434) ~[?:?]
	at io.netty.buffer.PooledByteBuf.setBytes(PooledByteBuf.java:256) ~[netty-buffer-4.1.91.Final.jar:4.1.91.Final]
	at io.netty.buffer.AbstractByteBuf.writeBytes(AbstractByteBuf.java:1132) ~[netty-buffer-4.1.91.Final.jar:4.1.91.Final]
	at io.netty.channel.socket.nio.NioSocketChannel.doReadBytes(NioSocketChannel.java:357) ~[netty-transport-4.1.91.Final.jar:4.1.91.Final]
	at io.netty.channel.nio.AbstractNioByteChannel$NioByteUnsafe.read(AbstractNioByteChannel.java:151) [netty-transport-4.1.91.Final.jar:4.1.91.Final]
	at io.netty.channel.nio.NioEventLoop.processSelectedKey(NioEventLoop.java:788) [netty-transport-4.1.91.Final.jar:4.1.91.Final]
	at io.netty.channel.nio.NioEventLoop.processSelectedKeysOptimized(NioEventLoop.java:724) [netty-transport-4.1.91.Final.jar:4.1.91.Final]
	at io.netty.channel.nio.NioEventLoop.processSelectedKeys(NioEventLoop.java:650) [netty-transport-4.1.91.Final.jar:4.1.91.Final]
	at io.netty.channel.nio.NioEventLoop.run(NioEventLoop.java:562) [netty-transport-4.1.91.Final.jar:4.1.91.Final]
	at io.netty.util.concurrent.SingleThreadEventExecutor$4.run(SingleThreadEventExecutor.java:997) [netty-common-4.1.91.Final.jar:4.1.91.Final]
	at io.netty.util.internal.ThreadExecutorMap$2.run(ThreadExecutorMap.java:74) [netty-common-4.1.91.Final.jar:4.1.91.Final]
	at io.netty.util.concurrent.FastThreadLocalRunnable.run(FastThreadLocalRunnable.java:30) [netty-common-4.1.91.Final.jar:4.1.91.Final]
	at java.lang.Thread.run(Thread.java:1589) [?:?]
2023-05-27 22:40:55.153 [main] INFO  TC_LoginTest_001 - Navigated to login page
2023-05-27 22:40:58.811 [main] INFO  TC_LoginTest_001 - Entered user name
2023-05-27 22:40:59.034 [main] INFO  TC_LoginTest_001 - Entered password
2023-05-27 22:40:59.150 [main] INFO  TC_LoginTest_001 - Clicked on login button
2023-05-27 22:41:00.366 [main] INFO  TC_LoginTest_001 - TC_LoginTest_001 passed
2023-05-27 22:43:11.467 [main] INFO  TC_LoginTest_001 - Loading Firefox browser
2023-05-27 22:43:15.305 [main] INFO  TC_LoginTest_001 - Navigated to login page
2023-05-27 22:43:19.203 [main] INFO  TC_LoginTest_001 - Entered user name
2023-05-27 22:43:19.606 [main] INFO  TC_LoginTest_001 - Entered password
2023-05-27 22:43:20.246 [main] INFO  TC_LoginTest_001 - Clicked on login button
2023-05-27 22:43:21.743 [main] INFO  TC_LoginTest_001 - TC_LoginTest_001 passed
2023-05-27 22:55:51.309 [main] INFO  TC_LoginTest_001 - Loading Edge browser
2023-05-27 22:56:27.703 [main] INFO  TC_LoginTest_001 - Loading Firefox browser
2023-05-27 22:58:27.187 [main] INFO  TC_LoginTest_001 - Loading Firefox browser
2023-05-27 23:01:06.098 [main] INFO  TC_LoginTest_001 - Loading Chrome browser
2023-05-27 23:01:09.267 [main] INFO  TC_LoginTest_001 - Navigated to login page
2023-05-27 23:01:13.198 [main] INFO  TC_LoginTest_001 - Entered user name
2023-05-27 23:01:13.363 [main] INFO  TC_LoginTest_001 - Entered password
2023-05-27 23:01:13.485 [main] INFO  TC_LoginTest_001 - Clicked on login button
2023-05-27 23:01:14.495 [main] INFO  TC_LoginTest_001 - TC_LoginTest_001 passed
2023-05-27 23:03:19.354 [main] INFO  TC_LoginTest_001 - Loading Firefox browser
2023-05-27 23:05:20.468 [main] INFO  TC_LoginTest_001 - Loading Edge browser
2023-05-27 23:05:49.288 [main] INFO  TC_LoginTest_001 - Loading Edge browser
2023-05-27 23:12:59.922 [main] INFO  TC_LoginTest_001 - Loading Firefox browser
2023-05-27 23:27:08.228 [main] INFO  TC_LoginTest_001 - Loading Firefox browser
2023-05-27 23:27:46.824 [main] INFO  TC_LoginTest_001 - Loading Firefox browser
2023-05-27 23:30:41.950 [main] INFO  TC_LoginTest_001 - Loading Firefox browser
2023-05-28 10:18:14.933 [main] INFO  TC_LoginTest_001 - Loading Firefox browser
2023-05-28 10:19:34.011 [main] INFO  TC_LoginTest_001 - Loading Firefox browser
2023-05-28 10:19:48.294 [main] INFO  TC_LoginTest_001 - Navigated to login page
2023-05-28 10:19:53.638 [main] INFO  TC_LoginTest_001 - Entered user name
2023-05-28 10:19:53.755 [main] INFO  TC_LoginTest_001 - Entered password
2023-05-28 10:19:53.791 [main] INFO  TC_LoginTest_001 - Clicked on login button
2023-05-28 10:19:55.642 [main] INFO  TC_LoginTest_001 - TC_LoginTest_001 passed
2023-05-28 10:25:24.008 [main] INFO  TC_LoginTest_001 - Loading Firefox browser
2023-05-28 10:25:31.277 [main] INFO  TC_LoginTest_001 - Navigated to login page
2023-05-28 10:25:37.017 [main] INFO  TC_LoginTest_001 - Entered user name
2023-05-28 10:25:37.287 [main] INFO  TC_LoginTest_001 - Entered password
2023-05-28 10:25:37.341 [main] INFO  TC_LoginTest_001 - Clicked on login button
2023-05-28 10:26:33.731 [main] INFO  TC_LoginTest_001 - Loading Firefox browser
2023-05-28 10:26:40.666 [main] INFO  TC_LoginTest_001 - Navigated to login page
2023-05-28 10:26:45.586 [main] INFO  TC_LoginTest_001 - Entered user name
2023-05-28 10:26:45.721 [main] INFO  TC_LoginTest_001 - Entered password
2023-05-28 10:26:45.759 [main] INFO  TC_LoginTest_001 - Clicked on login button
2023-05-28 10:26:47.964 [main] INFO  TC_LoginTest_001 - TC_LoginTest_001 passed
2023-05-28 10:31:05.032 [main] INFO  TC_LoginTest_001 - Loading Edge browser
2023-05-28 10:31:19.365 [main] INFO  TC_LoginTest_001 - Navigated to login page
2023-05-28 10:31:23.242 [main] INFO  TC_LoginTest_001 - Entered user name
2023-05-28 10:31:23.536 [main] INFO  TC_LoginTest_001 - Entered password
2023-05-28 10:31:23.880 [main] INFO  TC_LoginTest_001 - Clicked on login button
2023-05-28 10:31:25.154 [main] INFO  TC_LoginTest_001 - TC_LoginTest_001 passed
2023-05-28 10:33:25.757 [main] INFO  TC_LoginTest_001 - Loading Edge browser
2023-05-28 10:33:30.175 [main] INFO  TC_LoginTest_001 - Navigated to login page
2023-05-28 10:33:34.597 [main] INFO  TC_LoginTest_001 - Entered user name
2023-05-28 10:33:34.860 [main] INFO  TC_LoginTest_001 - Entered password
2023-05-28 10:33:35.261 [main] INFO  TC_LoginTest_001 - Clicked on login button
2023-05-28 10:33:36.420 [main] INFO  TC_LoginTest_001 - TC_LoginTest_001 passed
2023-05-28 10:34:49.049 [main] INFO  TC_LoginTest_001 - Loading Edge browser
2023-05-28 10:34:53.471 [main] INFO  TC_LoginTest_001 - Navigated to login page
2023-05-28 10:34:57.135 [main] INFO  TC_LoginTest_001 - Entered user name
2023-05-28 10:34:57.385 [main] INFO  TC_LoginTest_001 - Entered password
2023-05-28 10:34:57.790 [main] INFO  TC_LoginTest_001 - Clicked on login button
2023-05-28 10:34:58.947 [main] INFO  TC_LoginTest_001 - TC_LoginTest_001 passed
2023-05-28 10:35:21.536 [main] INFO  TC_LoginTest_001 - Loading Firefox browser
2023-05-28 10:35:28.484 [main] INFO  TC_LoginTest_001 - Navigated to login page
2023-05-28 10:35:50.452 [main] INFO  TC_LoginTest_001 - Entered user name
2023-05-28 10:36:01.110 [main] INFO  TC_LoginTest_001 - Loading Firefox browser
2023-05-28 10:36:08.150 [main] INFO  TC_LoginTest_001 - Navigated to login page
2023-05-28 10:36:13.260 [main] INFO  TC_LoginTest_001 - Entered user name
2023-05-28 10:36:13.399 [main] INFO  TC_LoginTest_001 - Entered password
2023-05-28 10:36:13.465 [main] INFO  TC_LoginTest_001 - Clicked on login button
2023-05-28 10:36:14.611 [main] INFO  TC_LoginTest_001 - TC_LoginTest_001 passed
2023-05-28 10:37:06.813 [main] INFO  TC_LoginTest_001 - Loading Chrome browser
2023-05-28 10:37:12.026 [main] INFO  TC_LoginTest_001 - Navigated to login page
2023-05-28 10:37:16.924 [main] INFO  TC_LoginTest_001 - Entered user name
2023-05-28 10:37:17.118 [main] INFO  TC_LoginTest_001 - Entered password
2023-05-28 10:37:17.272 [main] INFO  TC_LoginTest_001 - Clicked on login button
2023-05-28 10:37:18.448 [main] INFO  TC_LoginTest_001 - TC_LoginTest_001 passed
2023-05-29 17:06:19.536 [main] INFO  TC_LoginTest_001 - Loading Chrome browser
2023-05-29 17:06:23.774 [main] INFO  TC_LoginTest_001 - Navigated to login page
2023-05-29 17:06:27.494 [main] INFO  TC_LoginTest_001 - Entered user name
2023-05-29 17:06:27.827 [main] INFO  TC_LoginTest_001 - Entered password
2023-05-29 17:06:28.109 [main] INFO  TC_LoginTest_001 - Clicked on login button
2023-05-29 17:06:29.301 [main] INFO  TC_LoginTest_001 - TC_LoginTest_001 passed
2023-05-29 17:08:23.534 [main] INFO  TC_LoginTest_001 - Loading Chrome browser
2023-05-29 17:08:26.333 [main] INFO  TC_LoginTest_001 - Navigated to login page
2023-05-29 17:08:30.649 [main] INFO  TC_LoginTest_001 - Entered user name
2023-05-29 17:08:30.906 [main] INFO  TC_LoginTest_001 - Entered password
2023-05-29 17:08:31.122 [main] INFO  TC_LoginTest_001 - Clicked on login button
2023-05-29 17:08:32.654 [main] INFO  TC_LoginTest_001 - TC_LoginTest_001 passed
2023-05-29 17:14:25.155 [main] INFO  TC_LoginTest_001 - Loading Chrome browser
2023-05-29 17:14:27.973 [main] INFO  TC_LoginTest_001 - Navigated to login page
2023-05-29 17:14:32.409 [main] INFO  TC_LoginTest_001 - Entered user name
2023-05-29 17:14:32.840 [main] INFO  TC_LoginTest_001 - Entered password
2023-05-29 17:14:33.745 [main] INFO  TC_LoginTest_001 - Clicked on login button
2023-05-29 17:14:35.216 [main] INFO  TC_LoginTest_001 - TC_LoginTest_001 passed
2023-05-29 18:08:24.310 [main] INFO  TC_LoginTest_001 - Loading Chrome browser
2023-05-29 18:08:28.252 [main] INFO  TC_LoginTest_001 - Navigated to login page
2023-05-29 18:08:33.903 [main] INFO  TC_LoginTest_001 - Entered user name
2023-05-29 18:08:34.195 [AsyncHttpClient-1-4] WARN  org.asynchttpclient.netty.handler.WebSocketHandler - onError
java.net.SocketException: Connection reset
	at sun.nio.ch.SocketChannelImpl.throwConnectionReset(SocketChannelImpl.java:401) ~[?:?]
	at sun.nio.ch.SocketChannelImpl.read(SocketChannelImpl.java:434) ~[?:?]
	at io.netty.buffer.PooledByteBuf.setBytes(PooledByteBuf.java:256) ~[netty-buffer-4.1.91.Final.jar:4.1.91.Final]
	at io.netty.buffer.AbstractByteBuf.writeBytes(AbstractByteBuf.java:1132) ~[netty-buffer-4.1.91.Final.jar:4.1.91.Final]
	at io.netty.channel.socket.nio.NioSocketChannel.doReadBytes(NioSocketChannel.java:357) ~[netty-transport-4.1.91.Final.jar:4.1.91.Final]
	at io.netty.channel.nio.AbstractNioByteChannel$NioByteUnsafe.read(AbstractNioByteChannel.java:151) [netty-transport-4.1.91.Final.jar:4.1.91.Final]
	at io.netty.channel.nio.NioEventLoop.processSelectedKey(NioEventLoop.java:788) [netty-transport-4.1.91.Final.jar:4.1.91.Final]
	at io.netty.channel.nio.NioEventLoop.processSelectedKeysOptimized(NioEventLoop.java:724) [netty-transport-4.1.91.Final.jar:4.1.91.Final]
	at io.netty.channel.nio.NioEventLoop.processSelectedKeys(NioEventLoop.java:650) [netty-transport-4.1.91.Final.jar:4.1.91.Final]
	at io.netty.channel.nio.NioEventLoop.run(NioEventLoop.java:562) [netty-transport-4.1.91.Final.jar:4.1.91.Final]
	at io.netty.util.concurrent.SingleThreadEventExecutor$4.run(SingleThreadEventExecutor.java:997) [netty-common-4.1.91.Final.jar:4.1.91.Final]
	at io.netty.util.internal.ThreadExecutorMap$2.run(ThreadExecutorMap.java:74) [netty-common-4.1.91.Final.jar:4.1.91.Final]
	at io.netty.util.concurrent.FastThreadLocalRunnable.run(FastThreadLocalRunnable.java:30) [netty-common-4.1.91.Final.jar:4.1.91.Final]
	at java.lang.Thread.run(Thread.java:1589) [?:?]
2023-05-29 18:09:23.311 [main] INFO  TC_LoginTest_001 - Loading Chrome browser
2023-05-29 18:09:26.629 [main] INFO  TC_LoginTest_001 - Navigated to login page
2023-05-29 18:09:30.179 [main] INFO  TC_LoginTest_001 - Entered user name
2023-05-29 18:16:13.872 [main] INFO  TC_LoginTest_001 - Loading Chrome browser
2023-05-29 18:16:16.762 [main] INFO  TC_LoginTest_001 - Navigated to login page
2023-05-29 18:16:22.360 [main] INFO  TC_LoginTest_001 - Entered user name
2023-05-29 18:16:22.682 [main] INFO  TC_LoginTest_001 - Entered password
2023-05-29 18:16:22.981 [main] INFO  TC_LoginTest_001 - Clicked on login button
2023-05-29 18:16:24.769 [main] INFO  TC_LoginTest_001 - TC_LoginTest_001 passed
2023-05-29 18:19:57.255 [main] INFO  TC_LoginTest_001 - Loading Chrome browser
2023-05-29 18:20:00.095 [main] INFO  TC_LoginTest_001 - Navigated to login page
2023-05-29 18:20:07.357 [main] INFO  TC_LoginTest_001 - Entered user name
2023-05-29 18:20:07.790 [main] INFO  TC_LoginTest_001 - Entered password
2023-05-29 18:20:08.049 [main] INFO  TC_LoginTest_001 - Clicked on login button
2023-05-29 18:20:09.664 [main] INFO  TC_LoginTest_001 - TC_LoginTest_001 passed
2023-05-29 19:05:22.776 [main] INFO  TC_LoginTest_001 - Loading Chrome browser
2023-05-29 19:05:25.610 [main] INFO  TC_LoginTest_001 - Navigated to login page
2023-05-29 19:05:29.683 [main] INFO  TC_LoginTest_001 - Entered user name
2023-05-29 19:05:29.977 [main] INFO  TC_LoginTest_001 - Entered password
2023-05-29 19:05:30.185 [main] INFO  TC_LoginTest_001 - Clicked on login button
2023-05-29 19:05:31.690 [main] INFO  TC_LoginTest_001 - TC_LoginTest_001 passed
2023-05-29 19:08:24.941 [main] INFO  TC_LoginTest_001 - Loading Chrome browser
2023-05-29 19:08:27.721 [main] INFO  TC_LoginTest_001 - Navigated to login page
2023-05-29 19:08:34.503 [main] INFO  TC_LoginTest_001 - Entered user name
2023-05-29 19:08:34.735 [main] INFO  TC_LoginTest_001 - Entered password
2023-05-29 19:08:35.195 [main] INFO  TC_LoginTest_001 - Clicked on login button
2023-05-29 19:08:36.453 [main] INFO  TC_LoginTest_001 - TC_LoginTest_001 passed
2023-05-29 19:10:47.277 [main] INFO  TC_LoginTest_001 - Loading Chrome browser
2023-05-29 19:10:49.990 [main] INFO  TC_LoginTest_001 - Navigated to login page
2023-05-29 19:10:55.800 [main] INFO  TC_LoginTest_001 - Entered user name
2023-05-29 19:10:56.058 [main] INFO  TC_LoginTest_001 - Entered password
2023-05-29 19:10:56.761 [main] INFO  TC_LoginTest_001 - Clicked on login button
2023-05-29 19:10:57.947 [main] INFO  TC_LoginTest_001 - TC_LoginTest_001 failed
2023-05-29 19:10:58.197 [AsyncHttpClient-1-4] WARN  org.asynchttpclient.netty.handler.WebSocketHandler - onError
java.net.SocketException: Connection reset
	at sun.nio.ch.SocketChannelImpl.throwConnectionReset(SocketChannelImpl.java:401) ~[?:?]
	at sun.nio.ch.SocketChannelImpl.read(SocketChannelImpl.java:434) ~[?:?]
	at io.netty.buffer.PooledByteBuf.setBytes(PooledByteBuf.java:256) ~[netty-buffer-4.1.91.Final.jar:4.1.91.Final]
	at io.netty.buffer.AbstractByteBuf.writeBytes(AbstractByteBuf.java:1132) ~[netty-buffer-4.1.91.Final.jar:4.1.91.Final]
	at io.netty.channel.socket.nio.NioSocketChannel.doReadBytes(NioSocketChannel.java:357) ~[netty-transport-4.1.91.Final.jar:4.1.91.Final]
	at io.netty.channel.nio.AbstractNioByteChannel$NioByteUnsafe.read(AbstractNioByteChannel.java:151) [netty-transport-4.1.91.Final.jar:4.1.91.Final]
	at io.netty.channel.nio.NioEventLoop.processSelectedKey(NioEventLoop.java:788) [netty-transport-4.1.91.Final.jar:4.1.91.Final]
	at io.netty.channel.nio.NioEventLoop.processSelectedKeysOptimized(NioEventLoop.java:724) [netty-transport-4.1.91.Final.jar:4.1.91.Final]
	at io.netty.channel.nio.NioEventLoop.processSelectedKeys(NioEventLoop.java:650) [netty-transport-4.1.91.Final.jar:4.1.91.Final]
	at io.netty.channel.nio.NioEventLoop.run(NioEventLoop.java:562) [netty-transport-4.1.91.Final.jar:4.1.91.Final]
	at io.netty.util.concurrent.SingleThreadEventExecutor$4.run(SingleThreadEventExecutor.java:997) [netty-common-4.1.91.Final.jar:4.1.91.Final]
	at io.netty.util.internal.ThreadExecutorMap$2.run(ThreadExecutorMap.java:74) [netty-common-4.1.91.Final.jar:4.1.91.Final]
	at io.netty.util.concurrent.FastThreadLocalRunnable.run(FastThreadLocalRunnable.java:30) [netty-common-4.1.91.Final.jar:4.1.91.Final]
	at java.lang.Thread.run(Thread.java:1589) [?:?]
2023-05-29 19:11:40.599 [main] INFO  TC_LoginTest_001 - Loading Chrome browser
2023-05-29 19:11:43.336 [main] INFO  TC_LoginTest_001 - Navigated to login page
2023-05-29 19:11:49.139 [main] INFO  TC_LoginTest_001 - Entered user name
2023-05-29 19:11:49.295 [main] INFO  TC_LoginTest_001 - Entered password
2023-05-29 19:11:49.453 [main] INFO  TC_LoginTest_001 - Clicked on login button
2023-05-29 19:11:50.482 [main] INFO  TC_LoginTest_001 - TC_LoginTest_001 failed
2023-05-29 20:01:50.204 [main] INFO  TC_LoginTest_001 - Loading Chrome browser
2023-05-29 20:01:52.941 [main] INFO  TC_LoginTest_001 - Navigated to login page
2023-05-29 20:01:56.843 [main] INFO  TC_LoginTest_001 - Entered user name
2023-05-29 20:01:57.041 [main] INFO  TC_LoginTest_001 - Entered password
2023-05-29 20:01:57.197 [main] INFO  TC_LoginTest_001 - Clicked on login button
2023-05-29 20:01:58.431 [main] INFO  TC_LoginTest_001 - TC_LoginTest_001 failed
2023-05-29 20:05:43.172 [main] INFO  TC_LoginTest_001 - Loading Chrome browser
2023-05-29 20:05:46.028 [main] INFO  TC_LoginTest_001 - Navigated to login page
2023-05-29 20:05:50.634 [main] INFO  TC_LoginTest_001 - Entered user name
2023-05-29 20:05:50.962 [main] INFO  TC_LoginTest_001 - Entered password
2023-05-29 20:05:51.160 [main] INFO  TC_LoginTest_001 - Clicked on login button
2023-05-29 20:05:52.368 [main] INFO  TC_LoginTest_001 - TC_LoginTest_001 failed
2023-05-29 20:05:53.284 [AsyncHttpClient-1-4] WARN  org.asynchttpclient.netty.handler.WebSocketHandler - onError
java.net.SocketException: Connection reset
	at sun.nio.ch.SocketChannelImpl.throwConnectionReset(SocketChannelImpl.java:401) ~[?:?]
	at sun.nio.ch.SocketChannelImpl.read(SocketChannelImpl.java:434) ~[?:?]
	at io.netty.buffer.PooledByteBuf.setBytes(PooledByteBuf.java:256) ~[netty-buffer-4.1.91.Final.jar:4.1.91.Final]
	at io.netty.buffer.AbstractByteBuf.writeBytes(AbstractByteBuf.java:1132) ~[netty-buffer-4.1.91.Final.jar:4.1.91.Final]
	at io.netty.channel.socket.nio.NioSocketChannel.doReadBytes(NioSocketChannel.java:357) ~[netty-transport-4.1.91.Final.jar:4.1.91.Final]
	at io.netty.channel.nio.AbstractNioByteChannel$NioByteUnsafe.read(AbstractNioByteChannel.java:151) [netty-transport-4.1.91.Final.jar:4.1.91.Final]
	at io.netty.channel.nio.NioEventLoop.processSelectedKey(NioEventLoop.java:788) [netty-transport-4.1.91.Final.jar:4.1.91.Final]
	at io.netty.channel.nio.NioEventLoop.processSelectedKeysOptimized(NioEventLoop.java:724) [netty-transport-4.1.91.Final.jar:4.1.91.Final]
	at io.netty.channel.nio.NioEventLoop.processSelectedKeys(NioEventLoop.java:650) [netty-transport-4.1.91.Final.jar:4.1.91.Final]
	at io.netty.channel.nio.NioEventLoop.run(NioEventLoop.java:562) [netty-transport-4.1.91.Final.jar:4.1.91.Final]
	at io.netty.util.concurrent.SingleThreadEventExecutor$4.run(SingleThreadEventExecutor.java:997) [netty-common-4.1.91.Final.jar:4.1.91.Final]
	at io.netty.util.internal.ThreadExecutorMap$2.run(ThreadExecutorMap.java:74) [netty-common-4.1.91.Final.jar:4.1.91.Final]
	at io.netty.util.concurrent.FastThreadLocalRunnable.run(FastThreadLocalRunnable.java:30) [netty-common-4.1.91.Final.jar:4.1.91.Final]
	at java.lang.Thread.run(Thread.java:1589) [?:?]
2023-05-29 20:18:55.553 [main] INFO  TC_LoginTest_001 - Loading Chrome browser
2023-05-29 20:18:58.269 [main] INFO  TC_LoginTest_001 - Navigated to login page
2023-05-29 20:19:03.628 [main] INFO  TC_LoginTest_001 - Entered user name
2023-05-29 20:19:03.898 [main] INFO  TC_LoginTest_001 - Entered password
2023-05-29 20:19:04.591 [main] INFO  TC_LoginTest_001 - Clicked on login button
2023-05-29 20:19:06.381 [main] INFO  TC_LoginTest_001 - TC_LoginTest_001 failed
2023-05-29 20:32:47.432 [main] INFO  TC_LoginTest_001 - Loading Chrome browser
2023-05-29 20:32:50.384 [main] INFO  TC_LoginTest_001 - Navigated to login page
2023-05-29 20:32:54.454 [main] INFO  TC_LoginTest_001 - Entered user name
2023-05-29 20:32:54.927 [main] INFO  TC_LoginTest_001 - Entered password
2023-05-29 20:32:55.132 [main] INFO  TC_LoginTest_001 - Clicked on login button
2023-05-29 20:32:56.419 [main] INFO  TC_LoginTest_001 - TC_LoginTest_001 failed
2023-05-29 20:33:48.821 [main] INFO  TC_LoginTest_001 - Loading Chrome browser
2023-05-29 20:33:51.815 [main] INFO  TC_LoginTest_001 - Navigated to login page
2023-05-29 20:33:56.358 [main] INFO  TC_LoginTest_001 - Entered user name
2023-05-29 20:33:56.527 [main] INFO  TC_LoginTest_001 - Entered password
2023-05-29 20:33:56.648 [main] INFO  TC_LoginTest_001 - Clicked on login button
2023-05-29 20:33:57.672 [main] INFO  TC_LoginTest_001 - TC_LoginTest_001 failed
2023-05-29 20:38:47.696 [main] INFO  TC_LoginTest_001 - Loading Chrome browser
2023-05-29 20:38:50.658 [main] INFO  TC_LoginTest_001 - Navigated to login page
2023-05-29 20:38:56.257 [main] INFO  TC_LoginTest_001 - Entered user name
2023-05-29 20:38:56.468 [main] INFO  TC_LoginTest_001 - Entered password
2023-05-29 20:38:56.749 [main] INFO  TC_LoginTest_001 - Clicked on login button
2023-05-29 20:38:57.829 [main] INFO  TC_LoginTest_001 - TC_LoginTest_001 failed
2023-05-29 20:50:59.348 [main] INFO  TC_LoginTest_001 - Loading Chrome browser
2023-05-29 20:51:02.201 [main] INFO  TC_LoginTest_001 - Navigated to login page
2023-05-29 20:51:07.419 [main] INFO  TC_LoginTest_001 - Entered user name
2023-05-29 20:51:07.654 [main] INFO  TC_LoginTest_001 - Entered password
2023-05-29 20:51:07.866 [main] INFO  TC_LoginTest_001 - Clicked on login button
2023-05-29 20:51:09.330 [main] INFO  TC_LoginTest_001 - TC_LoginTest_001 failed
2023-05-29 21:39:13.654 [main] INFO  TC_LoginTest_001 - Loading Chrome browser
2023-05-29 21:39:16.566 [main] INFO  TC_LoginTest_001 - Navigated to login page
2023-05-29 21:39:21.010 [main] INFO  TC_LoginTest_001 - Entered user name
2023-05-29 21:39:21.325 [main] INFO  TC_LoginTest_001 - Entered password
2023-05-29 21:39:21.698 [main] INFO  TC_LoginTest_001 - Clicked on login button
2023-05-29 21:39:23.675 [main] INFO  TC_LoginTest_001 - TC_LoginTest_001 failed
2023-05-29 21:43:49.045 [main] INFO  TC_LoginTest_001 - Loading Chrome browser
2023-05-29 21:43:51.849 [main] INFO  TC_LoginTest_001 - Navigated to login page
2023-05-29 21:43:57.045 [main] INFO  TC_LoginTest_001 - Entered user name
2023-05-29 21:43:57.333 [main] INFO  TC_LoginTest_001 - Entered password
2023-05-29 21:43:57.814 [main] INFO  TC_LoginTest_001 - Clicked on login button
2023-05-29 21:43:59.669 [main] INFO  TC_LoginTest_001 - TC_LoginTest_001 failed
2023-05-29 21:50:42.204 [main] INFO  TC_LoginTest_001 - Loading Chrome browser
2023-05-29 21:50:45.012 [main] INFO  TC_LoginTest_001 - Navigated to login page
2023-05-29 21:50:51.011 [main] INFO  TC_LoginTest_001 - Entered user name
2023-05-29 21:50:52.131 [main] INFO  TC_LoginTest_001 - Entered password
2023-05-29 21:50:52.346 [main] INFO  TC_LoginTest_001 - Clicked on login button
2023-05-29 21:50:53.839 [main] INFO  TC_LoginTest_001 - TC_LoginTest_001 failed
2023-05-29 22:00:22.743 [main] INFO  TC_LoginTest_001 - Loading Chrome browser
2023-05-29 22:00:25.590 [main] INFO  TC_LoginTest_001 - Navigated to login page
2023-05-29 22:00:30.865 [main] INFO  TC_LoginTest_001 - Entered user name
2023-05-29 22:00:31.142 [main] INFO  TC_LoginTest_001 - Entered password
2023-05-29 22:00:31.410 [main] INFO  TC_LoginTest_001 - Clicked on login button
2023-05-29 22:00:33.109 [main] INFO  TC_LoginTest_001 - TC_LoginTest_001 failed
2023-05-29 22:19:06.578 [main] INFO  TC_LoginTest_001 - Loading Chrome browser
2023-05-29 22:19:11.340 [main] INFO  TC_LoginTest_001 - Navigated to login page
2023-05-29 22:19:15.867 [main] INFO  TC_LoginTest_001 - Entered user name
2023-05-29 22:19:16.201 [main] INFO  TC_LoginTest_001 - Entered password
2023-05-29 22:19:16.529 [main] INFO  TC_LoginTest_001 - Clicked on login button
2023-05-29 22:19:17.560 [main] INFO  TC_LoginTest_001 - TC_LoginTest_001 failed
2023-05-29 22:27:45.623 [main] INFO  TC_LoginTest_001 - Loading Chrome browser
2023-05-29 22:27:48.338 [main] INFO  TC_LoginTest_001 - Navigated to login page
2023-05-29 22:27:53.295 [main] INFO  TC_LoginTest_001 - Entered user name
2023-05-29 22:27:53.487 [main] INFO  TC_LoginTest_001 - Entered password
2023-05-29 22:27:53.657 [main] INFO  TC_LoginTest_001 - Clicked on login button
2023-05-29 22:27:54.786 [main] INFO  TC_LoginTest_001 - TC_LoginTest_001 failed
2023-05-29 22:29:00.253 [main] INFO  TC_LoginTest_001 - Loading Chrome browser
2023-05-29 22:29:02.950 [main] INFO  TC_LoginTest_001 - Navigated to login page
2023-05-29 22:29:07.245 [main] INFO  TC_LoginTest_001 - Entered user name
2023-05-29 22:29:07.490 [main] INFO  TC_LoginTest_001 - Entered password
2023-05-29 22:29:07.657 [main] INFO  TC_LoginTest_001 - Clicked on login button
2023-05-29 22:29:08.783 [main] INFO  TC_LoginTest_001 - TC_LoginTest_001 failed
2023-05-31 21:42:08.833 [main] INFO  TC_LoginTest_001 - Loading Chrome browser
2023-05-31 21:42:13.640 [main] INFO  TC_LoginTest_001 - Navigated to login page
2023-05-31 21:42:19.075 [main] INFO  TC_LoginTest_001 - Entered user name
2023-05-31 21:42:19.256 [main] INFO  TC_LoginTest_001 - Entered password
2023-05-31 21:42:19.400 [main] INFO  TC_LoginTest_001 - Clicked on login button
2023-05-31 21:42:20.526 [main] INFO  TC_LoginTest_001 - TC_LoginTest_001 failed
2023-05-31 21:42:21.980 [main] INFO  TC_LoginTestDDT_002 - Loading Chrome browser
2023-05-31 21:42:25.118 [main] INFO  TC_LoginTestDDT_002 - Navigated to login page
2023-05-31 21:42:28.376 [main] INFO  TC_LoginTestDDT_002 - Entered user name
2023-05-31 21:42:28.750 [main] INFO  TC_LoginTestDDT_002 - Entered password
2023-05-31 21:42:29.011 [main] INFO  TC_LoginTestDDT_002 - Clicked on login button
2023-05-31 21:42:29.605 [main] INFO  TC_LoginTestDDT_002 - Navigated to login page
2023-05-31 21:42:31.349 [main] INFO  TC_LoginTestDDT_002 - Entered user name
2023-05-31 21:42:31.527 [main] INFO  TC_LoginTestDDT_002 - Entered password
2023-05-31 21:42:31.795 [main] INFO  TC_LoginTestDDT_002 - Clicked on login button
2023-05-31 21:42:33.080 [main] INFO  TC_LoginTestDDT_002 - Navigated to login page
2023-05-31 21:42:33.868 [main] INFO  TC_LoginTestDDT_002 - Entered user name
2023-05-31 21:42:34.780 [main] INFO  TC_LoginTestDDT_002 - Entered password
2023-05-31 21:42:34.948 [main] INFO  TC_LoginTestDDT_002 - Clicked on login button
2023-05-31 22:03:24.768 [main] INFO  TC_LoginTest_001 - Loading Chrome browser
2023-05-31 22:03:27.623 [main] INFO  TC_LoginTest_001 - Navigated to login page
2023-05-31 22:03:36.434 [main] INFO  TC_LoginTest_001 - Entered user name
2023-05-31 22:03:36.634 [main] INFO  TC_LoginTest_001 - Entered password
2023-05-31 22:03:36.821 [main] INFO  TC_LoginTest_001 - Clicked on login button
2023-05-31 22:03:37.963 [main] INFO  TC_LoginTest_001 - TC_LoginTest_001 failed
2023-05-31 22:03:39.559 [main] INFO  TC_LoginTestDDT_002 - Loading Chrome browser
2023-05-31 22:03:42.540 [main] INFO  TC_LoginTestDDT_002 - Navigated to login page
2023-05-31 22:03:49.012 [main] INFO  TC_LoginTestDDT_002 - Entered user name
2023-05-31 22:03:49.200 [main] INFO  TC_LoginTestDDT_002 - Entered password
2023-05-31 22:03:49.360 [main] INFO  TC_LoginTestDDT_002 - Clicked on login button
2023-05-31 22:03:49.857 [main] INFO  TC_LoginTestDDT_002 - Navigated to login page
2023-05-31 22:03:51.521 [main] INFO  TC_LoginTestDDT_002 - Entered user name
2023-05-31 22:03:51.684 [main] INFO  TC_LoginTestDDT_002 - Entered password
2023-05-31 22:03:51.852 [main] INFO  TC_LoginTestDDT_002 - Clicked on login button
2023-05-31 22:03:53.238 [main] INFO  TC_LoginTestDDT_002 - Navigated to login page
2023-05-31 22:03:53.971 [main] INFO  TC_LoginTestDDT_002 - Entered user name
2023-05-31 22:03:54.180 [main] INFO  TC_LoginTestDDT_002 - Entered password
2023-05-31 22:03:54.432 [main] INFO  TC_LoginTestDDT_002 - Clicked on login button
2023-05-31 22:06:36.518 [main] INFO  TC_LoginTest_001 - Loading Chrome browser
2023-05-31 22:06:39.339 [main] INFO  TC_LoginTest_001 - Navigated to login page
2023-05-31 22:06:45.188 [main] INFO  TC_LoginTest_001 - Entered user name
2023-05-31 22:06:45.553 [main] INFO  TC_LoginTest_001 - Entered password
2023-05-31 22:06:45.910 [main] INFO  TC_LoginTest_001 - Clicked on login button
2023-05-31 22:06:47.382 [main] INFO  TC_LoginTest_001 - TC_LoginTest_001 failed
2023-05-31 22:06:49.176 [main] INFO  TC_LoginTestDDT_002 - Loading Chrome browser
2023-05-31 22:06:52.218 [main] INFO  TC_LoginTestDDT_002 - Navigated to login page
2023-05-31 22:06:57.099 [main] INFO  TC_LoginTestDDT_002 - Entered user name
2023-05-31 22:06:57.339 [main] INFO  TC_LoginTestDDT_002 - Entered password
2023-05-31 22:06:57.501 [main] INFO  TC_LoginTestDDT_002 - Clicked on login button
2023-05-31 22:06:57.984 [main] INFO  TC_LoginTestDDT_002 - Navigated to login page
2023-05-31 22:06:59.928 [main] INFO  TC_LoginTestDDT_002 - Entered user name
2023-05-31 22:07:00.081 [main] INFO  TC_LoginTestDDT_002 - Entered password
2023-05-31 22:07:00.481 [main] INFO  TC_LoginTestDDT_002 - Clicked on login button
2023-05-31 22:07:01.768 [main] INFO  TC_LoginTestDDT_002 - Navigated to login page
2023-05-31 22:07:02.549 [main] INFO  TC_LoginTestDDT_002 - Entered user name
2023-05-31 22:07:02.689 [main] INFO  TC_LoginTestDDT_002 - Entered password
2023-05-31 22:07:02.936 [main] INFO  TC_LoginTestDDT_002 - Clicked on login button
2023-06-02 12:32:39.510 [main] INFO  TC_LoginTest_001 - Loading Chrome browser
2023-06-02 12:32:44.781 [main] INFO  TC_LoginTest_001 - Navigated to login page
2023-06-02 12:32:50.778 [main] INFO  TC_LoginTest_001 - Entered user name
2023-06-02 12:32:50.986 [main] INFO  TC_LoginTest_001 - Entered password
2023-06-02 12:32:51.189 [main] INFO  TC_LoginTest_001 - Clicked on login button
2023-06-02 12:32:53.792 [main] INFO  TC_LoginTest_001 - TC_LoginTest_001 passed
2023-06-02 12:32:54.934 [main] INFO  TC_LoginTestDDT_002 - Loading Chrome browser
2023-06-02 12:32:57.604 [main] INFO  TC_LoginTestDDT_002 - Navigated to login page
2023-06-02 12:33:04.147 [main] INFO  TC_LoginTestDDT_002 - Entered user name
2023-06-02 12:33:04.374 [main] INFO  TC_LoginTestDDT_002 - Entered password
2023-06-02 12:33:04.520 [main] INFO  TC_LoginTestDDT_002 - Clicked on login button
2023-06-02 12:33:05.000 [main] INFO  TC_LoginTestDDT_002 - Navigated to login page
2023-06-02 12:33:05.033 [main] INFO  TC_LoginTestDDT_002 - Navigated to login page
2023-06-02 12:33:06.480 [main] INFO  TC_LoginTestDDT_002 - Entered user name
2023-06-02 12:33:06.684 [main] INFO  TC_LoginTestDDT_002 - Entered password
2023-06-02 12:33:06.914 [main] INFO  TC_LoginTestDDT_002 - Clicked on login button
2023-06-02 12:34:43.469 [main] INFO  TC_LoginTest_001 - Loading Chrome browser
2023-06-02 12:34:46.276 [main] INFO  TC_LoginTest_001 - Navigated to login page
2023-06-02 12:35:23.111 [main] INFO  TC_LoginTest_001 - Entered user name
2023-06-02 12:35:23.335 [main] INFO  TC_LoginTest_001 - Entered password
2023-06-02 12:35:23.482 [main] INFO  TC_LoginTest_001 - Clicked on login button
2023-06-02 12:35:24.775 [main] INFO  TC_LoginTest_001 - TC_LoginTest_001 passed
2023-06-02 12:35:25.902 [main] INFO  TC_LoginTestDDT_002 - Loading Chrome browser
2023-06-02 12:35:28.655 [main] INFO  TC_LoginTestDDT_002 - Navigated to login page
2023-06-02 12:35:33.724 [main] INFO  TC_LoginTestDDT_002 - Entered user name
2023-06-02 12:35:33.909 [main] INFO  TC_LoginTestDDT_002 - Entered password
2023-06-02 12:35:34.074 [main] INFO  TC_LoginTestDDT_002 - Clicked on login button
2023-06-02 12:35:37.536 [main] INFO  TC_LoginTestDDT_002 - Navigated to login page
2023-06-02 12:35:37.569 [main] INFO  TC_LoginTestDDT_002 - Navigated to login page
2023-06-02 12:35:39.854 [main] INFO  TC_LoginTestDDT_002 - Entered user name
2023-06-02 12:35:40.028 [main] INFO  TC_LoginTestDDT_002 - Entered password
2023-06-02 12:35:40.266 [main] INFO  TC_LoginTestDDT_002 - Clicked on login button
2023-06-02 12:37:32.821 [main] INFO  TC_LoginTest_001 - Loading Chrome browser
2023-06-02 12:37:35.723 [main] INFO  TC_LoginTest_001 - Navigated to login page
2023-06-02 12:37:41.473 [main] INFO  TC_LoginTest_001 - Entered user name
2023-06-02 12:37:41.723 [main] INFO  TC_LoginTest_001 - Entered password
2023-06-02 12:37:41.924 [main] INFO  TC_LoginTest_001 - Clicked on login button
2023-06-02 12:37:43.587 [main] INFO  TC_LoginTest_001 - TC_LoginTest_001 passed
2023-06-02 12:37:45.005 [main] INFO  TC_LoginTestDDT_002 - Loading Chrome browser
2023-06-02 12:37:47.663 [main] INFO  TC_LoginTestDDT_002 - Navigated to login page
2023-06-02 12:37:56.004 [main] INFO  TC_LoginTestDDT_002 - Entered user name
2023-06-02 12:37:56.189 [main] INFO  TC_LoginTestDDT_002 - Entered password
2023-06-02 12:37:56.358 [main] INFO  TC_LoginTestDDT_002 - Clicked on login button
2023-06-02 12:37:59.846 [main] INFO  TC_LoginTestDDT_002 - Navigated to login page
2023-06-02 12:38:03.922 [main] INFO  TC_LoginTestDDT_002 - Entered user name
2023-06-02 12:38:04.090 [main] INFO  TC_LoginTestDDT_002 - Entered password
2023-06-02 12:38:04.257 [main] INFO  TC_LoginTestDDT_002 - Clicked on login button
2023-06-02 12:38:09.006 [main] INFO  TC_LoginTestDDT_002 - Navigated to login page
2023-06-02 12:38:11.878 [main] INFO  TC_LoginTestDDT_002 - Entered user name
2023-06-02 12:38:12.296 [main] INFO  TC_LoginTestDDT_002 - Entered password
2023-06-02 12:38:12.427 [main] INFO  TC_LoginTestDDT_002 - Clicked on login button
2023-06-02 12:38:17.224 [main] ERROR org.testng.reporters.jq.Main - C:\Users\akila\OneDrive\Desktop\TesingPortfolio\UdemySeleniumJava\inetBankingV1\test-output\jquery-3.6.0.min.js: The process cannot access the file because it is being used by another process
java.nio.file.FileSystemException: C:\Users\akila\OneDrive\Desktop\TesingPortfolio\UdemySeleniumJava\inetBankingV1\test-output\jquery-3.6.0.min.js: The process cannot access the file because it is being used by another process
	at sun.nio.fs.WindowsException.translateToIOException(WindowsException.java:92) ~[?:?]
	at sun.nio.fs.WindowsException.rethrowAsIOException(WindowsException.java:103) ~[?:?]
	at sun.nio.fs.WindowsException.rethrowAsIOException(WindowsException.java:108) ~[?:?]
	at sun.nio.fs.WindowsFileSystemProvider.implDelete(WindowsFileSystemProvider.java:275) ~[?:?]
	at sun.nio.fs.AbstractFileSystemProvider.deleteIfExists(AbstractFileSystemProvider.java:110) ~[?:?]
	at java.nio.file.Files.deleteIfExists(Files.java:1191) ~[?:?]
	at java.nio.file.Files.copy(Files.java:3147) ~[?:?]
	at org.testng.reporters.jq.Main.generateReport(Main.java:95) [testng-7.7.1.jar:7.7.1]
	at org.testng.TestNG.generateReports(TestNG.java:1134) [testng-7.7.1.jar:7.7.1]
	at org.testng.TestNG.run(TestNG.java:1072) [testng-7.7.1.jar:7.7.1]
	at org.testng.remote.AbstractRemoteTestNG.run(AbstractRemoteTestNG.java:115) [testng-remote.jar:?]
	at org.testng.remote.RemoteTestNG.initAndRun(RemoteTestNG.java:251) [testng-remote.jar:?]
	at org.testng.remote.RemoteTestNG.main(RemoteTestNG.java:77) [testng-remote.jar:?]
2023-06-02 12:55:58.476 [main] INFO  TC_LoginTest_001 - Loading Chrome browser
2023-06-02 12:56:01.596 [main] INFO  TC_LoginTest_001 - Navigated to login page
2023-06-02 12:56:08.759 [main] INFO  TC_LoginTest_001 - Entered user name
2023-06-02 12:56:08.983 [main] INFO  TC_LoginTest_001 - Entered password
2023-06-02 12:56:09.169 [main] INFO  TC_LoginTest_001 - Clicked on login button
2023-06-02 12:56:10.271 [main] INFO  TC_LoginTest_001 - TC_LoginTest_001 passed
2023-06-02 12:56:11.372 [main] INFO  TC_LoginTestDDT_002 - Loading Chrome browser
2023-06-02 12:56:14.298 [main] INFO  TC_LoginTestDDT_002 - Navigated to login page
2023-06-02 12:56:18.947 [main] INFO  TC_LoginTestDDT_002 - Entered user name
2023-06-02 12:56:19.117 [main] INFO  TC_LoginTestDDT_002 - Entered password
2023-06-02 12:56:19.289 [main] INFO  TC_LoginTestDDT_002 - Clicked on login button
2023-06-02 12:56:24.190 [main] WARN  TC_LoginTestDDT_002 - Login failed
2023-06-02 12:56:24.195 [main] INFO  TC_LoginTestDDT_002 - Navigated to login page
2023-06-02 12:56:51.957 [main] INFO  TC_LoginTestDDT_002 - Entered user name
2023-06-02 12:56:51.992 [main] INFO  TC_LoginTestDDT_002 - Navigated to login page
2023-06-02 12:57:08.947 [main] INFO  TC_LoginTest_001 - Loading Chrome browser
2023-06-02 12:57:11.602 [main] INFO  TC_LoginTest_001 - Navigated to login page
2023-06-02 12:57:18.242 [main] INFO  TC_LoginTest_001 - Entered user name
2023-06-02 12:57:18.483 [main] INFO  TC_LoginTest_001 - Entered password
2023-06-02 12:57:18.665 [main] INFO  TC_LoginTest_001 - Clicked on login button
2023-06-02 12:57:19.968 [main] INFO  TC_LoginTest_001 - TC_LoginTest_001 passed
2023-06-02 12:57:20.074 [AsyncHttpClient-1-4] WARN  org.asynchttpclient.netty.handler.WebSocketHandler - onError
java.net.SocketException: Connection reset
	at sun.nio.ch.SocketChannelImpl.throwConnectionReset(SocketChannelImpl.java:401) ~[?:?]
	at sun.nio.ch.SocketChannelImpl.read(SocketChannelImpl.java:434) ~[?:?]
	at io.netty.buffer.PooledByteBuf.setBytes(PooledByteBuf.java:256) ~[netty-buffer-4.1.91.Final.jar:4.1.91.Final]
	at io.netty.buffer.AbstractByteBuf.writeBytes(AbstractByteBuf.java:1132) ~[netty-buffer-4.1.91.Final.jar:4.1.91.Final]
	at io.netty.channel.socket.nio.NioSocketChannel.doReadBytes(NioSocketChannel.java:357) ~[netty-transport-4.1.91.Final.jar:4.1.91.Final]
	at io.netty.channel.nio.AbstractNioByteChannel$NioByteUnsafe.read(AbstractNioByteChannel.java:151) [netty-transport-4.1.91.Final.jar:4.1.91.Final]
	at io.netty.channel.nio.NioEventLoop.processSelectedKey(NioEventLoop.java:788) [netty-transport-4.1.91.Final.jar:4.1.91.Final]
	at io.netty.channel.nio.NioEventLoop.processSelectedKeysOptimized(NioEventLoop.java:724) [netty-transport-4.1.91.Final.jar:4.1.91.Final]
	at io.netty.channel.nio.NioEventLoop.processSelectedKeys(NioEventLoop.java:650) [netty-transport-4.1.91.Final.jar:4.1.91.Final]
	at io.netty.channel.nio.NioEventLoop.run(NioEventLoop.java:562) [netty-transport-4.1.91.Final.jar:4.1.91.Final]
	at io.netty.util.concurrent.SingleThreadEventExecutor$4.run(SingleThreadEventExecutor.java:997) [netty-common-4.1.91.Final.jar:4.1.91.Final]
	at io.netty.util.internal.ThreadExecutorMap$2.run(ThreadExecutorMap.java:74) [netty-common-4.1.91.Final.jar:4.1.91.Final]
	at io.netty.util.concurrent.FastThreadLocalRunnable.run(FastThreadLocalRunnable.java:30) [netty-common-4.1.91.Final.jar:4.1.91.Final]
	at java.lang.Thread.run(Thread.java:1589) [?:?]
2023-06-02 12:57:21.034 [main] INFO  TC_LoginTestDDT_002 - Loading Chrome browser
2023-06-02 12:57:23.712 [main] INFO  TC_LoginTestDDT_002 - Navigated to login page
2023-06-02 12:57:28.143 [main] INFO  TC_LoginTestDDT_002 - Entered user name
2023-06-02 12:57:28.337 [main] INFO  TC_LoginTestDDT_002 - Entered password
2023-06-02 12:57:28.486 [main] INFO  TC_LoginTestDDT_002 - Clicked on login button
2023-06-02 12:57:34.779 [main] WARN  TC_LoginTestDDT_002 - Login failed
2023-06-02 12:57:34.787 [main] INFO  TC_LoginTestDDT_002 - Navigated to login page
2023-06-02 12:57:35.947 [main] INFO  TC_LoginTestDDT_002 - Entered user name
2023-06-02 12:57:36.147 [main] INFO  TC_LoginTestDDT_002 - Entered password
2023-06-02 12:57:36.437 [main] INFO  TC_LoginTestDDT_002 - Clicked on login button
2023-06-02 12:57:41.718 [main] INFO  TC_LoginTestDDT_002 - Navigated to login page
2023-06-02 12:59:09.759 [main] INFO  TC_LoginTest_001 - Loading Chrome browser
2023-06-02 12:59:12.723 [main] INFO  TC_LoginTest_001 - Navigated to login page
2023-06-02 12:59:17.570 [main] INFO  TC_LoginTest_001 - Entered user name
2023-06-02 12:59:17.927 [main] INFO  TC_LoginTest_001 - Entered password
2023-06-02 12:59:18.209 [main] INFO  TC_LoginTest_001 - Clicked on login button
2023-06-02 12:59:19.463 [main] INFO  TC_LoginTest_001 - TC_LoginTest_001 passed
2023-06-02 12:59:20.573 [main] INFO  TC_LoginTestDDT_002 - Loading Chrome browser
2023-06-02 12:59:23.223 [main] INFO  TC_LoginTestDDT_002 - Navigated to login page
2023-06-02 12:59:27.775 [main] INFO  TC_LoginTestDDT_002 - Entered user name
2023-06-02 12:59:28.060 [main] INFO  TC_LoginTestDDT_002 - Entered password
2023-06-02 12:59:28.220 [main] INFO  TC_LoginTestDDT_002 - Clicked on login button
2023-06-02 12:59:33.130 [main] WARN  TC_LoginTestDDT_002 - Login failed
2023-06-02 12:59:33.138 [main] INFO  TC_LoginTestDDT_002 - Navigated to login page
2023-06-02 12:59:34.473 [main] INFO  TC_LoginTestDDT_002 - Entered user name
2023-06-02 12:59:34.998 [main] INFO  TC_LoginTestDDT_002 - Entered password
2023-06-02 12:59:35.127 [main] INFO  TC_LoginTestDDT_002 - Clicked on login button
2023-06-02 12:59:40.203 [main] INFO  TC_LoginTestDDT_002 - Loggin passed
2023-06-02 12:59:40.205 [main] INFO  TC_LoginTestDDT_002 - Navigated to login page
2023-06-02 13:02:09.739 [main] INFO  TC_LoginTest_001 - Loading Chrome browser
2023-06-02 13:02:12.449 [main] INFO  TC_LoginTest_001 - Navigated to login page
2023-06-02 13:02:17.112 [main] INFO  TC_LoginTest_001 - Entered user name
2023-06-02 13:02:17.427 [main] INFO  TC_LoginTest_001 - Entered password
2023-06-02 13:02:17.655 [main] INFO  TC_LoginTest_001 - Clicked on login button
2023-06-02 13:02:18.804 [main] INFO  TC_LoginTest_001 - TC_LoginTest_001 passed
2023-06-02 13:02:19.928 [main] INFO  TC_LoginTestDDT_002 - Loading Chrome browser
2023-06-02 13:02:22.482 [main] INFO  TC_LoginTestDDT_002 - Navigated to login page
2023-06-02 13:02:26.773 [main] INFO  TC_LoginTestDDT_002 - Entered user name
2023-06-02 13:02:26.967 [main] INFO  TC_LoginTestDDT_002 - Entered password
2023-06-02 13:02:27.125 [main] INFO  TC_LoginTestDDT_002 - Clicked on login button
2023-06-02 13:02:32.291 [main] WARN  TC_LoginTestDDT_002 - Login failed
2023-06-02 13:02:32.300 [main] INFO  TC_LoginTestDDT_002 - Navigated to login page
2023-06-02 13:02:33.287 [main] INFO  TC_LoginTestDDT_002 - Entered user name
2023-06-02 13:02:33.515 [main] INFO  TC_LoginTestDDT_002 - Entered password
2023-06-02 13:02:33.910 [main] INFO  TC_LoginTestDDT_002 - Clicked on login button
2023-06-02 13:02:39.333 [main] INFO  TC_LoginTestDDT_002 - Loggin passed
2023-06-02 13:02:39.350 [main] INFO  TC_LoginTestDDT_002 - Navigated to login page
2023-06-02 13:03:22.689 [main] INFO  TC_LoginTest_001 - Loading Chrome browser
2023-06-02 13:03:25.526 [main] INFO  TC_LoginTest_001 - Navigated to login page
2023-06-02 13:03:30.188 [main] INFO  TC_LoginTest_001 - Entered user name
2023-06-02 13:03:30.478 [main] INFO  TC_LoginTest_001 - Entered password
2023-06-02 13:03:30.731 [main] INFO  TC_LoginTest_001 - Clicked on login button
2023-06-02 13:03:32.078 [main] INFO  TC_LoginTest_001 - TC_LoginTest_001 passed
2023-06-02 13:03:33.282 [main] INFO  TC_LoginTestDDT_002 - Loading Chrome browser
2023-06-02 13:03:35.968 [main] INFO  TC_LoginTestDDT_002 - Navigated to login page
2023-06-02 13:03:42.871 [main] INFO  TC_LoginTestDDT_002 - Entered user name
2023-06-02 13:03:43.078 [main] INFO  TC_LoginTestDDT_002 - Entered password
2023-06-02 13:03:43.238 [main] INFO  TC_LoginTestDDT_002 - Clicked on login button
2023-06-02 13:03:48.273 [main] WARN  TC_LoginTestDDT_002 - Login failed
2023-06-02 13:03:48.280 [main] INFO  TC_LoginTestDDT_002 - Navigated to login page
2023-06-02 13:03:49.070 [main] INFO  TC_LoginTestDDT_002 - Entered user name
2023-06-02 13:03:49.253 [main] INFO  TC_LoginTestDDT_002 - Entered password
2023-06-02 13:03:49.653 [main] INFO  TC_LoginTestDDT_002 - Clicked on login button
2023-06-02 13:03:53.927 [main] INFO  TC_LoginTestDDT_002 - Loggin passed
2023-06-02 13:03:53.927 [main] INFO  TC_LoginTestDDT_002 - Navigated to login page
2023-06-02 13:03:55.093 [main] INFO  TC_LoginTestDDT_002 - Entered user name
2023-06-02 13:03:55.267 [main] INFO  TC_LoginTestDDT_002 - Entered password
2023-06-02 13:03:55.496 [main] INFO  TC_LoginTestDDT_002 - Clicked on login button
2023-06-02 13:04:00.178 [main] WARN  TC_LoginTestDDT_002 - Login failed
2023-06-02 13:05:07.129 [main] INFO  TC_LoginTest_001 - Loading Chrome browser
2023-06-02 13:05:09.982 [main] INFO  TC_LoginTest_001 - Navigated to login page
2023-06-02 13:05:15.996 [main] INFO  TC_LoginTest_001 - Entered user name
2023-06-02 13:05:16.218 [main] INFO  TC_LoginTest_001 - Entered password
2023-06-02 13:05:16.805 [main] INFO  TC_LoginTest_001 - Clicked on login button
2023-06-02 13:05:18.130 [main] INFO  TC_LoginTest_001 - TC_LoginTest_001 passed
2023-06-02 13:05:19.253 [main] INFO  TC_LoginTestDDT_002 - Loading Chrome browser
2023-06-02 13:05:21.897 [main] INFO  TC_LoginTestDDT_002 - Navigated to login page
2023-06-02 13:05:26.217 [main] INFO  TC_LoginTestDDT_002 - Entered user name
2023-06-02 13:05:26.413 [main] INFO  TC_LoginTestDDT_002 - Entered password
2023-06-02 13:05:26.576 [main] INFO  TC_LoginTestDDT_002 - Clicked on login button
2023-06-02 13:05:32.266 [main] WARN  TC_LoginTestDDT_002 - Login failed
2023-06-02 13:05:32.277 [main] INFO  TC_LoginTestDDT_002 - Navigated to login page
2023-06-02 13:05:33.597 [main] INFO  TC_LoginTestDDT_002 - Entered user name
2023-06-02 13:05:34.094 [main] INFO  TC_LoginTestDDT_002 - Entered password
2023-06-02 13:05:34.233 [main] INFO  TC_LoginTestDDT_002 - Clicked on login button
2023-06-02 13:05:38.476 [main] INFO  TC_LoginTestDDT_002 - Loggin passed
2023-06-02 13:05:38.483 [main] INFO  TC_LoginTestDDT_002 - Navigated to login page
2023-06-02 13:05:39.709 [main] INFO  TC_LoginTestDDT_002 - Entered user name
2023-06-02 13:05:39.870 [main] INFO  TC_LoginTestDDT_002 - Entered password
2023-06-02 13:05:40.251 [main] INFO  TC_LoginTestDDT_002 - Clicked on login button
2023-06-02 13:05:47.942 [main] WARN  TC_LoginTestDDT_002 - Login failed
2023-06-02 13:07:05.928 [main] INFO  TC_LoginTest_001 - Loading Chrome browser
2023-06-02 13:07:08.719 [main] INFO  TC_LoginTest_001 - Navigated to login page
2023-06-02 13:07:17.522 [main] INFO  TC_LoginTest_001 - Entered user name
2023-06-02 13:07:17.733 [main] INFO  TC_LoginTest_001 - Entered password
2023-06-02 13:07:17.897 [main] INFO  TC_LoginTest_001 - Clicked on login button
2023-06-02 13:07:19.174 [main] INFO  TC_LoginTest_001 - TC_LoginTest_001 passed
2023-06-02 13:07:20.347 [main] INFO  TC_LoginTestDDT_002 - Loading Chrome browser
2023-06-02 13:07:22.954 [main] INFO  TC_LoginTestDDT_002 - Navigated to login page
2023-06-02 13:07:27.294 [main] INFO  TC_LoginTestDDT_002 - Entered user name
2023-06-02 13:07:27.467 [main] INFO  TC_LoginTestDDT_002 - Entered password
2023-06-02 13:07:27.640 [main] INFO  TC_LoginTestDDT_002 - Clicked on login button
2023-06-02 13:07:33.759 [main] WARN  TC_LoginTestDDT_002 - Login failed
2023-06-02 13:07:33.775 [main] INFO  TC_LoginTestDDT_002 - Navigated to login page
2023-06-02 13:07:34.465 [main] INFO  TC_LoginTestDDT_002 - Entered user name
2023-06-02 13:07:34.676 [main] INFO  TC_LoginTestDDT_002 - Entered password
2023-06-02 13:07:34.950 [main] INFO  TC_LoginTestDDT_002 - Clicked on login button
2023-06-02 13:07:39.192 [main] INFO  TC_LoginTestDDT_002 - Loggin passed
2023-06-02 13:07:39.203 [main] INFO  TC_LoginTestDDT_002 - Navigated to login page
2023-06-02 13:07:40.465 [main] INFO  TC_LoginTestDDT_002 - Entered user name
2023-06-02 13:07:40.604 [main] INFO  TC_LoginTestDDT_002 - Entered password
2023-06-02 13:07:40.835 [main] INFO  TC_LoginTestDDT_002 - Clicked on login button
2023-06-02 13:07:47.347 [main] WARN  TC_LoginTestDDT_002 - Login failed
2023-06-02 13:09:53.895 [main] INFO  TC_LoginTest_001 - Loading Chrome browser
2023-06-02 13:09:57.337 [main] INFO  TC_LoginTest_001 - Navigated to login page
2023-06-02 13:10:01.838 [main] INFO  TC_LoginTest_001 - Entered user name
2023-06-02 13:10:02.043 [main] INFO  TC_LoginTest_001 - Entered password
2023-06-02 13:10:02.398 [main] INFO  TC_LoginTest_001 - Clicked on login button
2023-06-02 13:10:04.167 [main] INFO  TC_LoginTest_001 - TC_LoginTest_001 passed
2023-06-02 13:10:07.105 [main] INFO  TC_LoginTestDDT_002 - Loading Chrome browser
2023-06-02 13:10:11.393 [main] INFO  TC_LoginTestDDT_002 - Navigated to login page
2023-06-02 13:10:17.707 [main] INFO  TC_LoginTestDDT_002 - Entered user name
2023-06-02 13:10:18.628 [main] INFO  TC_LoginTestDDT_002 - Entered password
2023-06-02 13:10:20.866 [main] INFO  TC_LoginTestDDT_002 - Clicked on login button
2023-06-02 13:10:26.513 [main] WARN  TC_LoginTestDDT_002 - Login failed
2023-06-02 13:10:26.529 [main] INFO  TC_LoginTestDDT_002 - Navigated to login page
2023-06-02 13:10:27.525 [main] INFO  TC_LoginTestDDT_002 - Entered user name
2023-06-02 13:10:27.669 [main] INFO  TC_LoginTestDDT_002 - Entered password
2023-06-02 13:10:27.866 [main] INFO  TC_LoginTestDDT_002 - Clicked on login button
2023-06-02 13:10:32.310 [main] INFO  TC_LoginTestDDT_002 - Loggin passed
2023-06-02 13:10:32.310 [main] INFO  TC_LoginTestDDT_002 - *********************************
2023-06-02 13:10:32.322 [main] INFO  TC_LoginTestDDT_002 - Navigated to login page
2023-06-02 13:10:33.505 [main] INFO  TC_LoginTestDDT_002 - Entered user name
2023-06-02 13:10:33.650 [main] INFO  TC_LoginTestDDT_002 - Entered password
2023-06-02 13:10:34.064 [main] INFO  TC_LoginTestDDT_002 - Clicked on login button
2023-06-02 13:10:40.518 [main] WARN  TC_LoginTestDDT_002 - Login failed
2023-06-02 13:12:52.526 [main] INFO  TC_LoginTest_001 - Loading Chrome browser
2023-06-02 13:12:55.281 [main] INFO  TC_LoginTest_001 - Navigated to login page
2023-06-02 13:13:00.024 [main] INFO  TC_LoginTest_001 - Entered user name
2023-06-02 13:13:00.221 [main] INFO  TC_LoginTest_001 - Entered password
2023-06-02 13:13:00.389 [main] INFO  TC_LoginTest_001 - Clicked on login button
2023-06-02 13:13:01.755 [main] INFO  TC_LoginTest_001 - TC_LoginTest_001 passed
2023-06-02 13:13:02.914 [main] INFO  TC_LoginTestDDT_002 - Loading Chrome browser
2023-06-02 13:13:05.463 [main] INFO  TC_LoginTestDDT_002 - Navigated to login page
2023-06-02 13:13:11.656 [main] INFO  TC_LoginTestDDT_002 - Entered user name
2023-06-02 13:13:11.868 [main] INFO  TC_LoginTestDDT_002 - Entered password
2023-06-02 13:13:12.050 [main] INFO  TC_LoginTestDDT_002 - Clicked on login button
2023-06-02 13:13:16.859 [main] WARN  TC_LoginTestDDT_002 - Login failed
2023-06-02 13:13:16.874 [main] INFO  TC_LoginTestDDT_002 - Navigated to login page
2023-06-02 13:13:17.579 [main] INFO  TC_LoginTestDDT_002 - Entered user name
2023-06-02 13:13:17.784 [main] INFO  TC_LoginTestDDT_002 - Entered password
2023-06-02 13:13:18.039 [main] INFO  TC_LoginTestDDT_002 - Clicked on login button
2023-06-02 13:13:22.416 [main] INFO  TC_LoginTestDDT_002 - Loggin passed
2023-06-02 13:13:22.416 [main] INFO  TC_LoginTestDDT_002 - *********************************
2023-06-02 13:13:22.416 [main] INFO  TC_LoginTestDDT_002 - Navigated to login page
2023-06-02 13:13:23.611 [main] INFO  TC_LoginTestDDT_002 - Entered user name
2023-06-02 13:13:23.820 [main] INFO  TC_LoginTestDDT_002 - Entered password
2023-06-02 13:13:24.001 [main] INFO  TC_LoginTestDDT_002 - Clicked on login button
2023-06-02 13:13:28.917 [main] WARN  TC_LoginTestDDT_002 - Login failed
2023-06-02 13:14:59.402 [main] INFO  TC_LoginTest_001 - Loading Chrome browser
2023-06-02 13:15:02.522 [main] INFO  TC_LoginTest_001 - Navigated to login page
2023-06-02 13:15:08.152 [main] INFO  TC_LoginTest_001 - Entered user name
2023-06-02 13:15:08.350 [main] INFO  TC_LoginTest_001 - Entered password
2023-06-02 13:15:08.534 [main] INFO  TC_LoginTest_001 - Clicked on login button
2023-06-02 13:15:09.926 [main] INFO  TC_LoginTest_001 - TC_LoginTest_001 passed
2023-06-02 13:15:10.052 [AsyncHttpClient-1-4] WARN  org.asynchttpclient.netty.handler.WebSocketHandler - onError
java.net.SocketException: Connection reset
	at sun.nio.ch.SocketChannelImpl.throwConnectionReset(SocketChannelImpl.java:401) ~[?:?]
	at sun.nio.ch.SocketChannelImpl.read(SocketChannelImpl.java:434) ~[?:?]
	at io.netty.buffer.PooledByteBuf.setBytes(PooledByteBuf.java:256) ~[netty-buffer-4.1.91.Final.jar:4.1.91.Final]
	at io.netty.buffer.AbstractByteBuf.writeBytes(AbstractByteBuf.java:1132) ~[netty-buffer-4.1.91.Final.jar:4.1.91.Final]
	at io.netty.channel.socket.nio.NioSocketChannel.doReadBytes(NioSocketChannel.java:357) ~[netty-transport-4.1.91.Final.jar:4.1.91.Final]
	at io.netty.channel.nio.AbstractNioByteChannel$NioByteUnsafe.read(AbstractNioByteChannel.java:151) [netty-transport-4.1.91.Final.jar:4.1.91.Final]
	at io.netty.channel.nio.NioEventLoop.processSelectedKey(NioEventLoop.java:788) [netty-transport-4.1.91.Final.jar:4.1.91.Final]
	at io.netty.channel.nio.NioEventLoop.processSelectedKeysOptimized(NioEventLoop.java:724) [netty-transport-4.1.91.Final.jar:4.1.91.Final]
	at io.netty.channel.nio.NioEventLoop.processSelectedKeys(NioEventLoop.java:650) [netty-transport-4.1.91.Final.jar:4.1.91.Final]
	at io.netty.channel.nio.NioEventLoop.run(NioEventLoop.java:562) [netty-transport-4.1.91.Final.jar:4.1.91.Final]
	at io.netty.util.concurrent.SingleThreadEventExecutor$4.run(SingleThreadEventExecutor.java:997) [netty-common-4.1.91.Final.jar:4.1.91.Final]
	at io.netty.util.internal.ThreadExecutorMap$2.run(ThreadExecutorMap.java:74) [netty-common-4.1.91.Final.jar:4.1.91.Final]
	at io.netty.util.concurrent.FastThreadLocalRunnable.run(FastThreadLocalRunnable.java:30) [netty-common-4.1.91.Final.jar:4.1.91.Final]
	at java.lang.Thread.run(Thread.java:1589) [?:?]
2023-06-02 13:15:11.025 [main] INFO  TC_LoginTestDDT_002 - Loading Chrome browser
2023-06-02 13:15:13.687 [main] INFO  TC_LoginTestDDT_002 - Navigated to login page
2023-06-02 13:15:17.992 [main] INFO  TC_LoginTestDDT_002 - Entered user name
2023-06-02 13:15:18.147 [main] INFO  TC_LoginTestDDT_002 - Entered password
2023-06-02 13:15:18.275 [main] INFO  TC_LoginTestDDT_002 - Clicked on login button
2023-06-02 13:15:24.186 [main] WARN  TC_LoginTestDDT_002 - Login failed
2023-06-02 13:15:24.186 [main] INFO  TC_LoginTestDDT_002 - *********************************
2023-06-02 13:15:24.202 [main] INFO  TC_LoginTestDDT_002 - Navigated to login page
2023-06-02 13:15:24.905 [main] INFO  TC_LoginTestDDT_002 - Entered user name
2023-06-02 13:15:25.052 [main] INFO  TC_LoginTestDDT_002 - Entered password
2023-06-02 13:15:25.257 [main] INFO  TC_LoginTestDDT_002 - Clicked on login button
2023-06-02 13:15:29.493 [main] INFO  TC_LoginTestDDT_002 - Loggin passed
2023-06-02 13:15:29.493 [main] INFO  TC_LoginTestDDT_002 - *********************************
2023-06-02 13:15:29.502 [main] INFO  TC_LoginTestDDT_002 - Navigated to login page
2023-06-02 13:15:30.979 [main] INFO  TC_LoginTestDDT_002 - Entered user name
2023-06-02 13:15:31.116 [main] INFO  TC_LoginTestDDT_002 - Entered password
2023-06-02 13:15:31.429 [main] INFO  TC_LoginTestDDT_002 - Clicked on login button
2023-06-02 13:15:36.055 [main] WARN  TC_LoginTestDDT_002 - Login failed
2023-06-02 13:15:36.055 [main] INFO  TC_LoginTestDDT_002 - *********************************
2023-06-02 13:22:26.354 [main] INFO  TC_LoginTest_001 - Loading Chrome browser
2023-06-02 13:22:29.265 [main] INFO  TC_LoginTest_001 - Navigated to login page
2023-06-02 13:22:34.118 [main] INFO  TC_LoginTest_001 - Entered user name
2023-06-02 13:22:34.315 [main] INFO  TC_LoginTest_001 - Entered password
2023-06-02 13:22:34.474 [main] INFO  TC_LoginTest_001 - Clicked on login button
2023-06-02 13:22:35.724 [main] INFO  TC_LoginTest_001 - TC_LoginTest_001 passed
2023-06-02 13:22:37.032 [main] INFO  TC_LoginTestDDT_002 - Loading Chrome browser
2023-06-02 13:22:39.717 [main] INFO  TC_LoginTestDDT_002 - Navigated to login page
2023-06-02 13:22:44.210 [main] INFO  TC_LoginTestDDT_002 - Entered user name
2023-06-02 13:22:44.394 [main] INFO  TC_LoginTestDDT_002 - Entered password
2023-06-02 13:22:44.567 [main] INFO  TC_LoginTestDDT_002 - Clicked on login button
2023-06-02 13:22:49.341 [main] WARN  TC_LoginTestDDT_002 - Login failed
2023-06-02 13:22:49.341 [main] INFO  TC_LoginTestDDT_002 - *********************************
2023-06-02 13:22:49.360 [main] INFO  TC_LoginTestDDT_002 - Navigated to login page
2023-06-02 13:22:50.054 [main] INFO  TC_LoginTestDDT_002 - Entered user name
2023-06-02 13:22:50.260 [main] INFO  TC_LoginTestDDT_002 - Entered password
2023-06-02 13:22:51.122 [main] INFO  TC_LoginTestDDT_002 - Clicked on login button
2023-06-02 13:22:55.441 [main] INFO  TC_LoginTestDDT_002 - Loggin passed
2023-06-02 13:22:55.441 [main] INFO  TC_LoginTestDDT_002 - *********************************
2023-06-02 13:22:55.441 [main] INFO  TC_LoginTestDDT_002 - Navigated to login page
2023-06-02 13:22:56.681 [main] INFO  TC_LoginTestDDT_002 - Entered user name
2023-06-02 13:22:56.858 [main] INFO  TC_LoginTestDDT_002 - Entered password
2023-06-02 13:22:57.070 [main] INFO  TC_LoginTestDDT_002 - Clicked on login button
2023-06-02 13:23:01.772 [main] WARN  TC_LoginTestDDT_002 - Login failed
2023-06-02 13:23:01.772 [main] INFO  TC_LoginTestDDT_002 - *********************************
2023-06-02 13:24:34.078 [main] INFO  TC_LoginTest_001 - Loading Chrome browser
2023-06-02 13:24:36.915 [main] INFO  TC_LoginTest_001 - Navigated to login page
2023-06-02 13:24:41.569 [main] INFO  TC_LoginTest_001 - Entered user name
2023-06-02 13:24:41.791 [main] INFO  TC_LoginTest_001 - Entered password
2023-06-02 13:24:41.951 [main] INFO  TC_LoginTest_001 - Clicked on login button
2023-06-02 13:24:43.298 [main] INFO  TC_LoginTest_001 - TC_LoginTest_001 passed
2023-06-02 13:24:44.572 [main] INFO  TC_LoginTestDDT_002 - Loading Chrome browser
2023-06-02 13:24:46.876 [main] INFO  TC_LoginTestDDT_002 - Navigated to login page
2023-06-02 13:24:51.181 [main] INFO  TC_LoginTestDDT_002 - Entered user name
2023-06-02 13:24:51.327 [main] INFO  TC_LoginTestDDT_002 - Entered password
2023-06-02 13:24:51.442 [main] INFO  TC_LoginTestDDT_002 - Clicked on login button
2023-06-02 13:24:57.303 [main] WARN  TC_LoginTestDDT_002 - Login failed
2023-06-02 13:24:57.303 [main] INFO  TC_LoginTestDDT_002 - *********************************
2023-06-02 13:24:57.318 [main] INFO  TC_LoginTestDDT_002 - Navigated to login page
2023-06-02 13:24:58.161 [main] INFO  TC_LoginTestDDT_002 - Entered user name
2023-06-02 13:24:58.328 [main] INFO  TC_LoginTestDDT_002 - Entered password
2023-06-02 13:24:58.456 [main] INFO  TC_LoginTestDDT_002 - Clicked on login button
2023-06-02 13:25:02.698 [main] INFO  TC_LoginTestDDT_002 - Loggin passed
2023-06-02 13:25:02.698 [main] INFO  TC_LoginTestDDT_002 - *********************************
2023-06-02 13:25:02.707 [main] INFO  TC_LoginTestDDT_002 - Navigated to login page
2023-06-02 13:25:03.918 [main] INFO  TC_LoginTestDDT_002 - Entered user name
2023-06-02 13:25:04.049 [main] INFO  TC_LoginTestDDT_002 - Entered password
2023-06-02 13:25:04.253 [main] INFO  TC_LoginTestDDT_002 - Clicked on login button
2023-06-02 13:25:10.237 [main] WARN  TC_LoginTestDDT_002 - Login failed
2023-06-02 13:25:10.237 [main] INFO  TC_LoginTestDDT_002 - *********************************
2023-06-02 13:28:58.602 [main] INFO  TC_LoginTest_001 - Loading Chrome browser
2023-06-02 13:29:01.593 [main] INFO  TC_LoginTest_001 - Navigated to login page
2023-06-02 13:29:06.637 [main] INFO  TC_LoginTest_001 - Entered user name
2023-06-02 13:29:06.790 [main] INFO  TC_LoginTest_001 - Entered password
2023-06-02 13:29:06.931 [main] INFO  TC_LoginTest_001 - Clicked on login button
2023-06-02 13:29:08.268 [main] INFO  TC_LoginTest_001 - TC_LoginTest_001 passed
2023-06-02 13:29:08.422 [AsyncHttpClient-1-4] WARN  org.asynchttpclient.netty.handler.WebSocketHandler - onError
java.net.SocketException: Connection reset
	at sun.nio.ch.SocketChannelImpl.throwConnectionReset(SocketChannelImpl.java:401) ~[?:?]
	at sun.nio.ch.SocketChannelImpl.read(SocketChannelImpl.java:434) ~[?:?]
	at io.netty.buffer.PooledByteBuf.setBytes(PooledByteBuf.java:256) ~[netty-buffer-4.1.91.Final.jar:4.1.91.Final]
	at io.netty.buffer.AbstractByteBuf.writeBytes(AbstractByteBuf.java:1132) ~[netty-buffer-4.1.91.Final.jar:4.1.91.Final]
	at io.netty.channel.socket.nio.NioSocketChannel.doReadBytes(NioSocketChannel.java:357) ~[netty-transport-4.1.91.Final.jar:4.1.91.Final]
	at io.netty.channel.nio.AbstractNioByteChannel$NioByteUnsafe.read(AbstractNioByteChannel.java:151) [netty-transport-4.1.91.Final.jar:4.1.91.Final]
	at io.netty.channel.nio.NioEventLoop.processSelectedKey(NioEventLoop.java:788) [netty-transport-4.1.91.Final.jar:4.1.91.Final]
	at io.netty.channel.nio.NioEventLoop.processSelectedKeysOptimized(NioEventLoop.java:724) [netty-transport-4.1.91.Final.jar:4.1.91.Final]
	at io.netty.channel.nio.NioEventLoop.processSelectedKeys(NioEventLoop.java:650) [netty-transport-4.1.91.Final.jar:4.1.91.Final]
	at io.netty.channel.nio.NioEventLoop.run(NioEventLoop.java:562) [netty-transport-4.1.91.Final.jar:4.1.91.Final]
	at io.netty.util.concurrent.SingleThreadEventExecutor$4.run(SingleThreadEventExecutor.java:997) [netty-common-4.1.91.Final.jar:4.1.91.Final]
	at io.netty.util.internal.ThreadExecutorMap$2.run(ThreadExecutorMap.java:74) [netty-common-4.1.91.Final.jar:4.1.91.Final]
	at io.netty.util.concurrent.FastThreadLocalRunnable.run(FastThreadLocalRunnable.java:30) [netty-common-4.1.91.Final.jar:4.1.91.Final]
	at java.lang.Thread.run(Thread.java:1589) [?:?]
2023-06-02 13:29:09.377 [main] INFO  TC_LoginTestDDT_002 - Loading Chrome browser
2023-06-02 13:29:11.885 [main] INFO  TC_LoginTestDDT_002 - Navigated to login page
2023-06-02 13:29:14.609 [main] INFO  TC_LoginTestDDT_002 - Entered user name
2023-06-02 13:29:14.651 [main] INFO  TC_LoginTestDDT_002 - Navigated to login page
2023-06-02 13:29:14.669 [main] INFO  TC_LoginTestDDT_002 - Navigated to login page
2023-06-02 14:35:30.662 [main] INFO  TC_LoginTest_001 - Loading Chrome browser
2023-06-02 14:35:33.757 [main] INFO  TC_LoginTest_001 - Navigated to login page
2023-06-02 14:35:40.092 [main] INFO  TC_LoginTest_001 - Entered user name
2023-06-02 14:35:40.276 [main] INFO  TC_LoginTest_001 - Entered password
2023-06-02 14:35:40.429 [main] INFO  TC_LoginTest_001 - Clicked on login button
2023-06-02 14:36:05.411 [main] INFO  TC_LoginTest_001 - TC_LoginTest_001 passed
2023-06-02 14:39:13.123 [main] INFO  TC_LoginTest_001 - Loading Chrome browser
2023-06-02 14:39:16.152 [main] INFO  TC_LoginTest_001 - Navigated to login page
2023-06-02 14:39:23.068 [main] INFO  TC_LoginTest_001 - Entered user name
2023-06-02 14:39:23.348 [main] INFO  TC_LoginTest_001 - Entered password
2023-06-02 14:39:23.560 [main] INFO  TC_LoginTest_001 - Clicked on login button
2023-06-02 14:39:25.298 [main] INFO  TC_LoginTest_001 - TC_LoginTest_001 passed
2023-06-02 14:39:26.652 [main] INFO  TC_LoginTestDDT_002 - Loading Chrome browser
2023-06-02 14:39:29.296 [main] INFO  TC_LoginTestDDT_002 - Navigated to login page
2023-06-02 14:39:33.767 [main] INFO  TC_LoginTestDDT_002 - Entered user name
2023-06-02 14:39:33.959 [main] INFO  TC_LoginTestDDT_002 - Entered password
2023-06-02 14:39:34.124 [main] INFO  TC_LoginTestDDT_002 - Clicked on login button
2023-06-02 14:39:39.026 [main] WARN  TC_LoginTestDDT_002 - Login failed
2023-06-02 14:39:39.026 [main] INFO  TC_LoginTestDDT_002 - *********************************
2023-06-02 14:39:39.041 [main] INFO  TC_LoginTestDDT_002 - Navigated to login page
2023-06-02 14:39:39.728 [main] INFO  TC_LoginTestDDT_002 - Entered user name
2023-06-02 14:39:39.940 [main] INFO  TC_LoginTestDDT_002 - Entered password
2023-06-02 14:39:40.187 [main] INFO  TC_LoginTestDDT_002 - Clicked on login button
2023-06-02 14:39:45.157 [main] INFO  TC_LoginTestDDT_002 - Loggin passed
2023-06-02 14:39:45.157 [main] INFO  TC_LoginTestDDT_002 - *********************************
2023-06-02 14:39:45.157 [main] INFO  TC_LoginTestDDT_002 - Navigated to login page
2023-06-02 14:39:46.323 [main] INFO  TC_LoginTestDDT_002 - Entered user name
2023-06-02 14:39:46.459 [main] INFO  TC_LoginTestDDT_002 - Entered password
2023-06-02 14:39:46.686 [main] INFO  TC_LoginTestDDT_002 - Clicked on login button
2023-06-02 14:39:51.285 [main] WARN  TC_LoginTestDDT_002 - Login failed
2023-06-02 14:39:51.289 [main] INFO  TC_LoginTestDDT_002 - *********************************
2023-06-02 14:46:42.460 [main] INFO  TC_LoginTest_001 - Loading Chrome browser
2023-06-02 14:46:45.320 [main] INFO  TC_LoginTest_001 - Navigated to login page
2023-06-02 14:46:52.373 [main] INFO  TC_LoginTest_001 - Entered user name
2023-06-02 14:46:52.506 [main] INFO  TC_LoginTest_001 - Entered password
2023-06-02 14:46:52.716 [main] INFO  TC_LoginTest_001 - Clicked on login button
2023-06-02 14:46:54.248 [main] INFO  TC_LoginTest_001 - TC_LoginTest_001 passed
2023-06-02 14:46:55.102 [main] INFO  TC_LoginTestDDT_002 - Loading Chrome browser
2023-06-02 14:46:57.399 [main] INFO  TC_LoginTestDDT_002 - Navigated to login page
2023-06-02 14:47:02.976 [main] INFO  TC_LoginTestDDT_002 - Entered user name
2023-06-02 14:47:03.107 [main] INFO  TC_LoginTestDDT_002 - Entered password
2023-06-02 14:47:03.242 [main] INFO  TC_LoginTestDDT_002 - Clicked on login button
2023-06-02 14:47:09.464 [main] WARN  TC_LoginTestDDT_002 - Login failed
2023-06-02 14:47:09.464 [main] INFO  TC_LoginTestDDT_002 - *********************************
2023-06-02 14:47:09.477 [main] INFO  TC_LoginTestDDT_002 - Navigated to login page
2023-06-02 14:47:10.209 [main] INFO  TC_LoginTestDDT_002 - Entered user name
2023-06-02 14:47:10.369 [main] INFO  TC_LoginTestDDT_002 - Entered password
2023-06-02 14:47:10.508 [main] INFO  TC_LoginTestDDT_002 - Clicked on login button
2023-06-02 14:47:14.999 [main] INFO  TC_LoginTestDDT_002 - Loggin passed
2023-06-02 14:47:14.999 [main] INFO  TC_LoginTestDDT_002 - *********************************
2023-06-02 14:47:14.999 [main] INFO  TC_LoginTestDDT_002 - Navigated to login page
2023-06-02 14:47:16.929 [main] INFO  TC_LoginTestDDT_002 - Entered user name
2023-06-02 14:47:17.083 [main] INFO  TC_LoginTestDDT_002 - Entered password
2023-06-02 14:47:17.198 [main] INFO  TC_LoginTestDDT_002 - Clicked on login button
2023-06-02 14:47:22.601 [main] WARN  TC_LoginTestDDT_002 - Login failed
2023-06-02 14:47:22.601 [main] INFO  TC_LoginTestDDT_002 - *********************************
2023-06-02 14:52:48.151 [main] INFO  TC_LoginTest_001 - Loading Chrome browser
2023-06-02 14:52:50.914 [main] INFO  TC_LoginTest_001 - Navigated to login page
2023-06-02 14:52:56.293 [main] INFO  TC_LoginTest_001 - Entered user name
2023-06-02 14:52:56.467 [main] INFO  TC_LoginTest_001 - Entered password
2023-06-02 14:52:56.664 [main] INFO  TC_LoginTest_001 - Clicked on login button
2023-06-02 14:52:58.419 [main] INFO  TC_LoginTest_001 - TC_LoginTest_001 passed
2023-06-02 14:52:58.530 [AsyncHttpClient-1-4] WARN  org.asynchttpclient.netty.handler.WebSocketHandler - onError
java.net.SocketException: Connection reset
	at sun.nio.ch.SocketChannelImpl.throwConnectionReset(SocketChannelImpl.java:401) ~[?:?]
	at sun.nio.ch.SocketChannelImpl.read(SocketChannelImpl.java:434) ~[?:?]
	at io.netty.buffer.PooledByteBuf.setBytes(PooledByteBuf.java:256) ~[netty-buffer-4.1.91.Final.jar:4.1.91.Final]
	at io.netty.buffer.AbstractByteBuf.writeBytes(AbstractByteBuf.java:1132) ~[netty-buffer-4.1.91.Final.jar:4.1.91.Final]
	at io.netty.channel.socket.nio.NioSocketChannel.doReadBytes(NioSocketChannel.java:357) ~[netty-transport-4.1.91.Final.jar:4.1.91.Final]
	at io.netty.channel.nio.AbstractNioByteChannel$NioByteUnsafe.read(AbstractNioByteChannel.java:151) [netty-transport-4.1.91.Final.jar:4.1.91.Final]
	at io.netty.channel.nio.NioEventLoop.processSelectedKey(NioEventLoop.java:788) [netty-transport-4.1.91.Final.jar:4.1.91.Final]
	at io.netty.channel.nio.NioEventLoop.processSelectedKeysOptimized(NioEventLoop.java:724) [netty-transport-4.1.91.Final.jar:4.1.91.Final]
	at io.netty.channel.nio.NioEventLoop.processSelectedKeys(NioEventLoop.java:650) [netty-transport-4.1.91.Final.jar:4.1.91.Final]
	at io.netty.channel.nio.NioEventLoop.run(NioEventLoop.java:562) [netty-transport-4.1.91.Final.jar:4.1.91.Final]
	at io.netty.util.concurrent.SingleThreadEventExecutor$4.run(SingleThreadEventExecutor.java:997) [netty-common-4.1.91.Final.jar:4.1.91.Final]
	at io.netty.util.internal.ThreadExecutorMap$2.run(ThreadExecutorMap.java:74) [netty-common-4.1.91.Final.jar:4.1.91.Final]
	at io.netty.util.concurrent.FastThreadLocalRunnable.run(FastThreadLocalRunnable.java:30) [netty-common-4.1.91.Final.jar:4.1.91.Final]
	at java.lang.Thread.run(Thread.java:1589) [?:?]
2023-06-02 14:52:59.342 [main] INFO  TC_LoginTestDDT_002 - Loading Chrome browser
2023-06-02 14:53:01.831 [main] INFO  TC_LoginTestDDT_002 - Navigated to login page
2023-06-02 14:53:10.230 [main] INFO  TC_LoginTestDDT_002 - Entered user name
2023-06-02 14:53:10.425 [main] INFO  TC_LoginTestDDT_002 - Entered password
2023-06-02 14:53:10.594 [main] INFO  TC_LoginTestDDT_002 - Clicked on login button
2023-06-02 14:53:15.932 [main] WARN  TC_LoginTestDDT_002 - Login failed
2023-06-02 14:53:15.932 [main] INFO  TC_LoginTestDDT_002 - *********************************
2023-06-02 14:53:15.948 [main] INFO  TC_LoginTestDDT_002 - Navigated to login page
2023-06-02 14:53:16.633 [main] INFO  TC_LoginTestDDT_002 - Entered user name
2023-06-02 14:53:16.853 [main] INFO  TC_LoginTestDDT_002 - Entered password
2023-06-02 14:53:17.070 [main] INFO  TC_LoginTestDDT_002 - Clicked on login button
2023-06-02 14:53:21.306 [main] INFO  TC_LoginTestDDT_002 - Loggin passed
2023-06-02 14:53:21.306 [main] INFO  TC_LoginTestDDT_002 - *********************************
2023-06-02 14:53:21.306 [main] INFO  TC_LoginTestDDT_002 - Navigated to login page
2023-06-02 14:53:22.543 [main] INFO  TC_LoginTestDDT_002 - Entered user name
2023-06-02 14:53:22.718 [main] INFO  TC_LoginTestDDT_002 - Entered password
2023-06-02 14:53:22.939 [main] INFO  TC_LoginTestDDT_002 - Clicked on login button
2023-06-02 14:53:28.069 [main] WARN  TC_LoginTestDDT_002 - Login failed
2023-06-02 14:53:28.069 [main] INFO  TC_LoginTestDDT_002 - *********************************
2023-06-02 14:56:25.937 [main] INFO  TC_LoginTest_001 - Loading Chrome browser
2023-06-02 14:56:28.975 [main] INFO  TC_LoginTest_001 - Navigated to login page
2023-06-02 14:56:33.878 [main] INFO  TC_LoginTest_001 - Entered user name
2023-06-02 14:56:34.090 [main] INFO  TC_LoginTest_001 - Entered password
2023-06-02 14:56:34.243 [main] INFO  TC_LoginTest_001 - Clicked on login button
2023-06-02 14:56:35.640 [main] INFO  TC_LoginTest_001 - TC_LoginTest_001 passed
2023-06-02 14:56:36.486 [main] INFO  TC_LoginTestDDT_002 - Loading Chrome browser
2023-06-02 14:56:39.038 [main] INFO  TC_LoginTestDDT_002 - Navigated to login page
2023-06-02 14:56:43.974 [main] INFO  TC_LoginTestDDT_002 - Entered user name
2023-06-02 14:56:44.161 [main] INFO  TC_LoginTestDDT_002 - Entered password
2023-06-02 14:56:44.355 [main] INFO  TC_LoginTestDDT_002 - Clicked on login button
2023-06-02 14:56:49.722 [main] WARN  TC_LoginTestDDT_002 - Login failed
2023-06-02 14:56:49.722 [main] INFO  TC_LoginTestDDT_002 - *********************************
2023-06-02 14:56:49.748 [main] INFO  TC_LoginTestDDT_002 - Navigated to login page
2023-06-02 14:56:50.455 [main] INFO  TC_LoginTestDDT_002 - Entered user name
2023-06-02 14:56:50.622 [main] INFO  TC_LoginTestDDT_002 - Entered password
2023-06-02 14:56:50.762 [main] INFO  TC_LoginTestDDT_002 - Clicked on login button
2023-06-02 14:56:55.115 [main] INFO  TC_LoginTestDDT_002 - Loggin passed
2023-06-02 14:56:55.115 [main] INFO  TC_LoginTestDDT_002 - *********************************
2023-06-02 14:56:55.132 [main] INFO  TC_LoginTestDDT_002 - Navigated to login page
2023-06-02 14:56:56.896 [main] INFO  TC_LoginTestDDT_002 - Entered user name
2023-06-02 14:56:57.054 [main] INFO  TC_LoginTestDDT_002 - Entered password
2023-06-02 14:56:57.324 [main] INFO  TC_LoginTestDDT_002 - Clicked on login button
2023-06-02 14:57:02.329 [main] WARN  TC_LoginTestDDT_002 - Login failed
2023-06-02 14:57:02.331 [main] INFO  TC_LoginTestDDT_002 - *********************************
2023-06-02 15:05:22.770 [main] INFO  TC_LoginTest_001 - Loading Chrome browser
2023-06-02 15:05:25.868 [main] INFO  TC_LoginTest_001 - Navigated to login page
2023-06-02 15:05:30.955 [main] INFO  TC_LoginTest_001 - Entered user name
2023-06-02 15:05:31.163 [main] INFO  TC_LoginTest_001 - Entered password
2023-06-02 15:05:31.342 [main] INFO  TC_LoginTest_001 - Clicked on login button
2023-06-02 15:05:32.808 [main] INFO  TC_LoginTest_001 - TC_LoginTest_001 passed
2023-06-02 15:05:33.800 [main] INFO  TC_LoginTestDDT_002 - Loading Chrome browser
2023-06-02 15:05:36.336 [main] INFO  TC_LoginTestDDT_002 - Navigated to login page
2023-06-02 15:05:40.844 [main] INFO  TC_LoginTestDDT_002 - Entered user name
2023-06-02 15:05:41.036 [main] INFO  TC_LoginTestDDT_002 - Entered password
2023-06-02 15:05:41.182 [main] INFO  TC_LoginTestDDT_002 - Clicked on login button
2023-06-02 15:05:46.823 [main] WARN  TC_LoginTestDDT_002 - Login failed
2023-06-02 15:05:46.823 [main] INFO  TC_LoginTestDDT_002 - *********************************
2023-06-02 15:05:46.838 [main] INFO  TC_LoginTestDDT_002 - Navigated to login page
2023-06-02 15:05:48.092 [main] INFO  TC_LoginTestDDT_002 - Entered user name
2023-06-02 15:05:48.466 [main] INFO  TC_LoginTestDDT_002 - Entered password
2023-06-02 15:05:48.614 [main] INFO  TC_LoginTestDDT_002 - Clicked on login button
2023-06-02 15:05:52.865 [main] INFO  TC_LoginTestDDT_002 - Loggin passed
2023-06-02 15:05:52.865 [main] INFO  TC_LoginTestDDT_002 - *********************************
2023-06-02 15:05:52.865 [main] INFO  TC_LoginTestDDT_002 - Navigated to login page
2023-06-02 15:05:54.021 [main] INFO  TC_LoginTestDDT_002 - Entered user name
2023-06-02 15:05:54.183 [main] INFO  TC_LoginTestDDT_002 - Entered password
2023-06-02 15:05:54.390 [main] INFO  TC_LoginTestDDT_002 - Clicked on login button
2023-06-02 15:05:59.036 [main] WARN  TC_LoginTestDDT_002 - Login failed
2023-06-02 15:05:59.036 [main] INFO  TC_LoginTestDDT_002 - *********************************
2023-06-02 15:09:06.025 [main] INFO  TC_LoginTest_001 - Loading Chrome browser
2023-06-02 15:09:09.106 [main] INFO  TC_LoginTest_001 - Navigated to login page
2023-06-02 15:09:14.158 [main] INFO  TC_LoginTest_001 - Entered user name
2023-06-02 15:09:14.375 [main] INFO  TC_LoginTest_001 - Entered password
2023-06-02 15:09:14.600 [main] INFO  TC_LoginTest_001 - Clicked on login button
2023-06-02 15:09:16.034 [main] INFO  TC_LoginTest_001 - TC_LoginTest_001 passed
2023-06-02 15:09:17.111 [main] INFO  TC_LoginTestDDT_002 - Loading Chrome browser
2023-06-02 15:09:19.639 [main] INFO  TC_LoginTestDDT_002 - Navigated to login page
2023-06-02 15:09:24.923 [main] INFO  TC_LoginTestDDT_002 - Entered user name
2023-06-02 15:09:25.114 [main] INFO  TC_LoginTestDDT_002 - Entered password
2023-06-02 15:09:25.289 [main] INFO  TC_LoginTestDDT_002 - Clicked on login button
2023-06-02 15:09:31.320 [main] WARN  TC_LoginTestDDT_002 - Login failed
2023-06-02 15:09:31.320 [main] INFO  TC_LoginTestDDT_002 - *********************************
2023-06-02 15:09:31.337 [main] INFO  TC_LoginTestDDT_002 - Navigated to login page
2023-06-02 15:09:32.745 [main] INFO  TC_LoginTestDDT_002 - Entered user name
2023-06-02 15:09:32.926 [main] INFO  TC_LoginTestDDT_002 - Entered password
2023-06-02 15:09:33.364 [main] INFO  TC_LoginTestDDT_002 - Clicked on login button
2023-06-02 15:09:37.381 [main] INFO  TC_LoginTestDDT_002 - Loggin passed
2023-06-02 15:09:37.381 [main] INFO  TC_LoginTestDDT_002 - *********************************
2023-06-02 15:09:37.381 [main] INFO  TC_LoginTestDDT_002 - Navigated to login page
2023-06-02 15:09:38.629 [main] INFO  TC_LoginTestDDT_002 - Entered user name
2023-06-02 15:09:38.788 [main] INFO  TC_LoginTestDDT_002 - Entered password
2023-06-02 15:09:38.997 [main] INFO  TC_LoginTestDDT_002 - Clicked on login button
2023-06-02 15:09:43.693 [main] WARN  TC_LoginTestDDT_002 - Login failed
2023-06-02 15:09:43.693 [main] INFO  TC_LoginTestDDT_002 - *********************************
2023-06-02 15:12:05.728 [main] INFO  TC_LoginTest_001 - Loading Chrome browser
2023-06-02 15:12:08.840 [main] INFO  TC_LoginTest_001 - Navigated to login page
2023-06-02 15:12:16.527 [main] INFO  TC_LoginTest_001 - Entered user name
2023-06-02 15:12:16.712 [main] INFO  TC_LoginTest_001 - Entered password
2023-06-02 15:12:16.899 [main] INFO  TC_LoginTest_001 - Clicked on login button
2023-06-02 15:12:18.189 [main] INFO  TC_LoginTest_001 - TC_LoginTest_001 passed
2023-06-02 15:12:18.315 [AsyncHttpClient-1-4] WARN  org.asynchttpclient.netty.handler.WebSocketHandler - onError
java.net.SocketException: Connection reset
	at sun.nio.ch.SocketChannelImpl.throwConnectionReset(SocketChannelImpl.java:401) ~[?:?]
	at sun.nio.ch.SocketChannelImpl.read(SocketChannelImpl.java:434) ~[?:?]
	at io.netty.buffer.PooledByteBuf.setBytes(PooledByteBuf.java:256) ~[netty-buffer-4.1.91.Final.jar:4.1.91.Final]
	at io.netty.buffer.AbstractByteBuf.writeBytes(AbstractByteBuf.java:1132) ~[netty-buffer-4.1.91.Final.jar:4.1.91.Final]
	at io.netty.channel.socket.nio.NioSocketChannel.doReadBytes(NioSocketChannel.java:357) ~[netty-transport-4.1.91.Final.jar:4.1.91.Final]
	at io.netty.channel.nio.AbstractNioByteChannel$NioByteUnsafe.read(AbstractNioByteChannel.java:151) [netty-transport-4.1.91.Final.jar:4.1.91.Final]
	at io.netty.channel.nio.NioEventLoop.processSelectedKey(NioEventLoop.java:788) [netty-transport-4.1.91.Final.jar:4.1.91.Final]
	at io.netty.channel.nio.NioEventLoop.processSelectedKeysOptimized(NioEventLoop.java:724) [netty-transport-4.1.91.Final.jar:4.1.91.Final]
	at io.netty.channel.nio.NioEventLoop.processSelectedKeys(NioEventLoop.java:650) [netty-transport-4.1.91.Final.jar:4.1.91.Final]
	at io.netty.channel.nio.NioEventLoop.run(NioEventLoop.java:562) [netty-transport-4.1.91.Final.jar:4.1.91.Final]
	at io.netty.util.concurrent.SingleThreadEventExecutor$4.run(SingleThreadEventExecutor.java:997) [netty-common-4.1.91.Final.jar:4.1.91.Final]
	at io.netty.util.internal.ThreadExecutorMap$2.run(ThreadExecutorMap.java:74) [netty-common-4.1.91.Final.jar:4.1.91.Final]
	at io.netty.util.concurrent.FastThreadLocalRunnable.run(FastThreadLocalRunnable.java:30) [netty-common-4.1.91.Final.jar:4.1.91.Final]
	at java.lang.Thread.run(Thread.java:1589) [?:?]
2023-06-02 15:12:19.113 [main] INFO  TC_LoginTestDDT_002 - Loading Chrome browser
2023-06-02 15:12:21.590 [main] INFO  TC_LoginTestDDT_002 - Navigated to login page
2023-06-02 15:12:29.284 [main] INFO  TC_LoginTestDDT_002 - Entered user name
2023-06-02 15:12:29.481 [main] INFO  TC_LoginTestDDT_002 - Entered password
2023-06-02 15:12:29.637 [main] INFO  TC_LoginTestDDT_002 - Clicked on login button
2023-06-02 15:12:35.717 [main] WARN  TC_LoginTestDDT_002 - Login failed
2023-06-02 15:12:35.717 [main] INFO  TC_LoginTestDDT_002 - *********************************
2023-06-02 15:12:35.733 [main] INFO  TC_LoginTestDDT_002 - Navigated to login page
2023-06-02 15:12:37.115 [main] INFO  TC_LoginTestDDT_002 - Entered user name
2023-06-02 15:12:37.548 [main] INFO  TC_LoginTestDDT_002 - Entered password
2023-06-02 15:12:37.696 [main] INFO  TC_LoginTestDDT_002 - Clicked on login button
2023-06-02 15:12:42.128 [main] INFO  TC_LoginTestDDT_002 - Loggin passed
2023-06-02 15:12:42.128 [main] INFO  TC_LoginTestDDT_002 - *********************************
2023-06-02 15:12:42.133 [main] INFO  TC_LoginTestDDT_002 - Navigated to login page
2023-06-02 15:12:43.374 [main] INFO  TC_LoginTestDDT_002 - Entered user name
2023-06-02 15:12:43.541 [main] INFO  TC_LoginTestDDT_002 - Entered password
2023-06-02 15:12:43.775 [main] INFO  TC_LoginTestDDT_002 - Clicked on login button
2023-06-02 15:12:49.631 [main] WARN  TC_LoginTestDDT_002 - Login failed
2023-06-02 15:12:49.632 [main] INFO  TC_LoginTestDDT_002 - *********************************
2023-06-02 15:13:26.087 [main] INFO  TC_LoginTest_001 - Loading Chrome browser
2023-06-02 15:13:29.235 [main] INFO  TC_LoginTest_001 - Navigated to login page
2023-06-02 15:13:36.157 [main] INFO  TC_LoginTest_001 - Entered user name
2023-06-02 15:13:36.310 [main] INFO  TC_LoginTest_001 - Entered password
2023-06-02 15:13:36.432 [main] INFO  TC_LoginTest_001 - Clicked on login button
2023-06-02 15:13:37.424 [main] INFO  TC_LoginTest_001 - TC_LoginTest_001 passed
2023-06-02 15:13:37.518 [AsyncHttpClient-1-4] WARN  org.asynchttpclient.netty.handler.WebSocketHandler - onError
java.net.SocketException: Connection reset
	at sun.nio.ch.SocketChannelImpl.throwConnectionReset(SocketChannelImpl.java:401) ~[?:?]
	at sun.nio.ch.SocketChannelImpl.read(SocketChannelImpl.java:434) ~[?:?]
	at io.netty.buffer.PooledByteBuf.setBytes(PooledByteBuf.java:256) ~[netty-buffer-4.1.91.Final.jar:4.1.91.Final]
	at io.netty.buffer.AbstractByteBuf.writeBytes(AbstractByteBuf.java:1132) ~[netty-buffer-4.1.91.Final.jar:4.1.91.Final]
	at io.netty.channel.socket.nio.NioSocketChannel.doReadBytes(NioSocketChannel.java:357) ~[netty-transport-4.1.91.Final.jar:4.1.91.Final]
	at io.netty.channel.nio.AbstractNioByteChannel$NioByteUnsafe.read(AbstractNioByteChannel.java:151) [netty-transport-4.1.91.Final.jar:4.1.91.Final]
	at io.netty.channel.nio.NioEventLoop.processSelectedKey(NioEventLoop.java:788) [netty-transport-4.1.91.Final.jar:4.1.91.Final]
	at io.netty.channel.nio.NioEventLoop.processSelectedKeysOptimized(NioEventLoop.java:724) [netty-transport-4.1.91.Final.jar:4.1.91.Final]
	at io.netty.channel.nio.NioEventLoop.processSelectedKeys(NioEventLoop.java:650) [netty-transport-4.1.91.Final.jar:4.1.91.Final]
	at io.netty.channel.nio.NioEventLoop.run(NioEventLoop.java:562) [netty-transport-4.1.91.Final.jar:4.1.91.Final]
	at io.netty.util.concurrent.SingleThreadEventExecutor$4.run(SingleThreadEventExecutor.java:997) [netty-common-4.1.91.Final.jar:4.1.91.Final]
	at io.netty.util.internal.ThreadExecutorMap$2.run(ThreadExecutorMap.java:74) [netty-common-4.1.91.Final.jar:4.1.91.Final]
	at io.netty.util.concurrent.FastThreadLocalRunnable.run(FastThreadLocalRunnable.java:30) [netty-common-4.1.91.Final.jar:4.1.91.Final]
	at java.lang.Thread.run(Thread.java:1589) [?:?]
2023-06-02 15:13:38.286 [main] INFO  TC_LoginTestDDT_002 - Loading Chrome browser
2023-06-02 15:13:40.799 [main] INFO  TC_LoginTestDDT_002 - Navigated to login page
2023-06-02 15:13:47.828 [main] INFO  TC_LoginTestDDT_002 - Entered user name
2023-06-02 15:13:48.012 [main] INFO  TC_LoginTestDDT_002 - Entered password
2023-06-02 15:13:48.169 [main] INFO  TC_LoginTestDDT_002 - Clicked on login button
2023-06-02 15:13:53.804 [main] WARN  TC_LoginTestDDT_002 - Login failed
2023-06-02 15:13:53.804 [main] INFO  TC_LoginTestDDT_002 - *********************************
2023-06-02 15:13:53.822 [main] INFO  TC_LoginTestDDT_002 - Navigated to login page
2023-06-02 15:13:54.714 [main] INFO  TC_LoginTestDDT_002 - Entered user name
2023-06-02 15:13:54.888 [main] INFO  TC_LoginTestDDT_002 - Entered password
2023-06-02 15:13:55.035 [main] INFO  TC_LoginTestDDT_002 - Clicked on login button
2023-06-02 15:13:59.358 [main] INFO  TC_LoginTestDDT_002 - Loggin passed
2023-06-02 15:13:59.358 [main] INFO  TC_LoginTestDDT_002 - *********************************
2023-06-02 15:13:59.358 [main] INFO  TC_LoginTestDDT_002 - Navigated to login page
2023-06-02 15:14:00.577 [main] INFO  TC_LoginTestDDT_002 - Entered user name
2023-06-02 15:14:00.742 [main] INFO  TC_LoginTestDDT_002 - Entered password
2023-06-02 15:14:00.940 [main] INFO  TC_LoginTestDDT_002 - Clicked on login button
2023-06-02 15:14:07.031 [main] WARN  TC_LoginTestDDT_002 - Login failed
2023-06-02 15:14:07.031 [main] INFO  TC_LoginTestDDT_002 - *********************************
2023-06-02 15:18:44.512 [main] INFO  TC_LoginTest_001 - Loading Chrome browser
2023-06-02 15:18:47.218 [main] INFO  TC_LoginTest_001 - Navigated to login page
2023-06-02 15:18:53.557 [main] INFO  TC_LoginTest_001 - Entered user name
2023-06-02 15:18:53.781 [main] INFO  TC_LoginTest_001 - Entered password
2023-06-02 15:18:53.936 [main] INFO  TC_LoginTest_001 - Clicked on login button
2023-06-02 15:18:55.009 [main] INFO  TC_LoginTest_001 - TC_LoginTest_001 passed
2023-06-02 15:18:55.789 [main] INFO  TC_LoginTestDDT_002 - Loading Chrome browser
2023-06-02 15:18:58.058 [main] INFO  TC_LoginTestDDT_002 - Navigated to login page
2023-06-02 15:19:06.394 [main] INFO  TC_LoginTestDDT_002 - Entered user name
2023-06-02 15:19:06.577 [main] INFO  TC_LoginTestDDT_002 - Entered password
2023-06-02 15:19:06.727 [main] INFO  TC_LoginTestDDT_002 - Clicked on login button
2023-06-02 15:19:12.283 [main] WARN  TC_LoginTestDDT_002 - Login failed
2023-06-02 15:19:12.283 [main] INFO  TC_LoginTestDDT_002 - *********************************
2023-06-02 15:19:12.298 [main] INFO  TC_LoginTestDDT_002 - Navigated to login page
2023-06-02 15:19:13.425 [main] INFO  TC_LoginTestDDT_002 - Entered user name
2023-06-02 15:19:13.645 [main] INFO  TC_LoginTestDDT_002 - Entered password
2023-06-02 15:19:13.808 [main] INFO  TC_LoginTestDDT_002 - Clicked on login button
2023-06-02 15:19:44.627 [main] INFO  TC_LoginTestDDT_002 - Loggin passed
2023-06-02 15:19:44.627 [main] INFO  TC_LoginTestDDT_002 - *********************************
2023-06-02 15:19:44.627 [main] INFO  TC_LoginTestDDT_002 - Navigated to login page
2023-06-02 15:19:46.738 [main] INFO  TC_LoginTestDDT_002 - Entered user name
2023-06-02 15:19:46.892 [main] INFO  TC_LoginTestDDT_002 - Entered password
2023-06-02 15:19:47.027 [main] INFO  TC_LoginTestDDT_002 - Clicked on login button
2023-06-02 15:19:52.714 [main] WARN  TC_LoginTestDDT_002 - Login failed
2023-06-02 15:19:52.714 [main] INFO  TC_LoginTestDDT_002 - *********************************
2023-06-02 15:22:10.579 [main] INFO  TC_LoginTest_001 - Loading Chrome browser
2023-06-02 15:22:13.466 [main] INFO  TC_LoginTest_001 - Navigated to login page
2023-06-02 15:22:18.421 [main] INFO  TC_LoginTest_001 - Entered user name
2023-06-02 15:22:18.645 [main] INFO  TC_LoginTest_001 - Entered password
2023-06-02 15:22:18.805 [main] INFO  TC_LoginTest_001 - Clicked on login button
2023-06-02 15:22:20.139 [main] INFO  TC_LoginTest_001 - TC_LoginTest_001 passed
2023-06-02 15:22:21.008 [main] INFO  TC_LoginTestDDT_002 - Loading Chrome browser
2023-06-02 15:22:23.508 [main] INFO  TC_LoginTestDDT_002 - Navigated to login page
2023-06-02 15:22:27.941 [main] INFO  TC_LoginTestDDT_002 - Entered user name
2023-06-02 15:22:28.131 [main] INFO  TC_LoginTestDDT_002 - Entered password
2023-06-02 15:22:28.293 [main] INFO  TC_LoginTestDDT_002 - Clicked on login button
2023-06-02 15:22:34.371 [main] WARN  TC_LoginTestDDT_002 - Login failed
2023-06-02 15:22:34.371 [main] INFO  TC_LoginTestDDT_002 - *********************************
2023-06-02 15:22:34.777 [main] INFO  TC_LoginTestDDT_002 - Navigated to login page
2023-06-02 15:22:35.873 [main] INFO  TC_LoginTestDDT_002 - Entered user name
2023-06-02 15:22:36.056 [main] INFO  TC_LoginTestDDT_002 - Entered password
2023-06-02 15:22:36.243 [main] INFO  TC_LoginTestDDT_002 - Clicked on login button
2023-06-02 15:22:40.483 [main] INFO  TC_LoginTestDDT_002 - Loggin passed
2023-06-02 15:22:40.483 [main] INFO  TC_LoginTestDDT_002 - *********************************
2023-06-02 15:22:40.489 [main] INFO  TC_LoginTestDDT_002 - Navigated to login page
2023-06-02 15:22:41.677 [main] INFO  TC_LoginTestDDT_002 - Entered user name
2023-06-02 15:22:41.841 [main] INFO  TC_LoginTestDDT_002 - Entered password
2023-06-02 15:22:42.046 [main] INFO  TC_LoginTestDDT_002 - Clicked on login button
2023-06-02 15:22:46.676 [main] WARN  TC_LoginTestDDT_002 - Login failed
2023-06-02 15:22:46.676 [main] INFO  TC_LoginTestDDT_002 - *********************************
2023-06-02 15:25:55.363 [main] INFO  TC_LoginTest_001 - Loading Chrome browser
2023-06-02 15:25:58.221 [main] INFO  TC_LoginTest_001 - Navigated to login page
2023-06-02 15:26:05.976 [main] INFO  TC_LoginTest_001 - Entered user name
2023-06-02 15:26:06.197 [main] INFO  TC_LoginTest_001 - Entered password
2023-06-02 15:26:06.378 [main] INFO  TC_LoginTest_001 - Clicked on login button
2023-06-02 15:26:07.515 [main] INFO  TC_LoginTest_001 - TC_LoginTest_001 passed
2023-06-02 15:26:08.333 [main] INFO  TC_LoginTestDDT_002 - Loading Chrome browser
2023-06-02 15:26:10.874 [main] INFO  TC_LoginTestDDT_002 - Navigated to login page
2023-06-02 15:26:15.676 [main] INFO  TC_LoginTestDDT_002 - Entered user name
2023-06-02 15:26:15.842 [main] INFO  TC_LoginTestDDT_002 - Entered password
2023-06-02 15:26:15.975 [main] INFO  TC_LoginTestDDT_002 - Clicked on login button
2023-06-02 15:26:21.360 [main] WARN  TC_LoginTestDDT_002 - Login failed
2023-06-02 15:26:21.363 [main] INFO  TC_LoginTestDDT_002 - *********************************
2023-06-02 15:26:21.733 [main] INFO  TC_LoginTestDDT_002 - Navigated to login page
2023-06-02 15:26:22.751 [main] INFO  TC_LoginTestDDT_002 - Entered user name
2023-06-02 15:26:22.945 [main] INFO  TC_LoginTestDDT_002 - Entered password
2023-06-02 15:26:23.346 [main] INFO  TC_LoginTestDDT_002 - Clicked on login button
2023-06-02 15:26:27.557 [main] INFO  TC_LoginTestDDT_002 - Loggin passed
2023-06-02 15:26:27.557 [main] INFO  TC_LoginTestDDT_002 - *********************************
2023-06-02 15:26:27.565 [main] INFO  TC_LoginTestDDT_002 - Navigated to login page
2023-06-02 15:26:28.741 [main] INFO  TC_LoginTestDDT_002 - Entered user name
2023-06-02 15:26:28.871 [main] INFO  TC_LoginTestDDT_002 - Entered password
2023-06-02 15:26:29.011 [main] INFO  TC_LoginTestDDT_002 - Clicked on login button
2023-06-02 15:26:34.833 [main] WARN  TC_LoginTestDDT_002 - Login failed
2023-06-02 15:26:34.833 [main] INFO  TC_LoginTestDDT_002 - *********************************
2023-06-02 15:32:00.322 [main] INFO  TC_LoginTest_001 - Loading Chrome browser
2023-06-02 15:32:03.239 [main] INFO  TC_LoginTest_001 - Navigated to login page
2023-06-02 15:32:11.885 [main] INFO  TC_LoginTest_001 - Entered user name
2023-06-02 15:32:12.075 [main] INFO  TC_LoginTest_001 - Entered password
2023-06-02 15:32:12.227 [main] INFO  TC_LoginTest_001 - Clicked on login button
2023-06-02 15:32:13.847 [main] INFO  TC_LoginTest_001 - TC_LoginTest_001 passed
2023-06-02 15:32:14.683 [main] INFO  TC_LoginTestDDT_002 - Loading Chrome browser
2023-06-02 15:32:17.224 [main] INFO  TC_LoginTestDDT_002 - Navigated to login page
2023-06-02 15:32:22.204 [main] INFO  TC_LoginTestDDT_002 - Entered user name
2023-06-02 15:32:22.390 [main] INFO  TC_LoginTestDDT_002 - Entered password
2023-06-02 15:32:22.546 [main] INFO  TC_LoginTestDDT_002 - Clicked on login button
2023-06-02 15:32:28.683 [main] WARN  TC_LoginTestDDT_002 - Login failed
2023-06-02 15:32:28.683 [main] INFO  TC_LoginTestDDT_002 - *********************************
2023-06-02 15:32:29.016 [main] INFO  TC_LoginTestDDT_002 - Navigated to login page
2023-06-02 15:32:29.955 [main] INFO  TC_LoginTestDDT_002 - Entered user name
2023-06-02 15:32:30.149 [main] INFO  TC_LoginTestDDT_002 - Entered password
2023-06-02 15:32:30.346 [main] INFO  TC_LoginTestDDT_002 - Clicked on login button
2023-06-02 15:32:34.758 [main] INFO  TC_LoginTestDDT_002 - Loggin passed
2023-06-02 15:32:34.758 [main] INFO  TC_LoginTestDDT_002 - *********************************
2023-06-02 15:32:34.766 [main] INFO  TC_LoginTestDDT_002 - Navigated to login page
2023-06-02 15:32:36.144 [main] INFO  TC_LoginTestDDT_002 - Entered user name
2023-06-02 15:32:36.266 [main] INFO  TC_LoginTestDDT_002 - Entered password
2023-06-02 15:32:36.380 [main] INFO  TC_LoginTestDDT_002 - Clicked on login button
2023-06-02 15:32:42.135 [main] WARN  TC_LoginTestDDT_002 - Login failed
2023-06-02 15:32:42.135 [main] INFO  TC_LoginTestDDT_002 - *********************************
2023-06-03 00:26:27.128 [main] INFO  TC_LoginTestDDT_002 - Loading Chrome browser
2023-06-03 00:26:32.264 [main] INFO  TC_LoginTestDDT_002 - Navigated to login page
2023-06-03 00:26:35.696 [main] INFO  TC_LoginTestDDT_002 - Entered user name
2023-06-03 00:26:36.125 [main] INFO  TC_LoginTestDDT_002 - Entered password
2023-06-03 00:26:36.332 [main] INFO  TC_LoginTestDDT_002 - Clicked on login button
2023-06-03 00:26:40.844 [main] WARN  TC_LoginTestDDT_002 - Login failed
2023-06-03 00:26:40.844 [main] INFO  TC_LoginTestDDT_002 - *********************************
2023-06-03 00:26:41.174 [main] INFO  TC_LoginTestDDT_002 - Navigated to login page
2023-06-03 00:26:41.916 [main] INFO  TC_LoginTestDDT_002 - Entered user name
2023-06-03 00:26:42.072 [main] INFO  TC_LoginTestDDT_002 - Entered password
2023-06-03 00:26:42.328 [main] INFO  TC_LoginTestDDT_002 - Clicked on login button
2023-06-03 00:26:46.941 [main] WARN  TC_LoginTestDDT_002 - Login failed
2023-06-03 00:26:46.941 [main] INFO  TC_LoginTestDDT_002 - *********************************
2023-06-03 00:28:26.456 [main] INFO  TC_LoginTest_001 - Loading Chrome browser
2023-06-03 00:28:29.267 [main] INFO  TC_LoginTest_001 - Navigated to login page
2023-06-03 00:28:32.513 [main] INFO  TC_LoginTest_001 - Entered user name
2023-06-03 00:28:33.535 [main] INFO  TC_LoginTest_001 - Entered password
2023-06-03 00:28:33.750 [main] INFO  TC_LoginTest_001 - Clicked on login button
2023-06-03 00:28:34.771 [main] INFO  TC_LoginTest_001 - TC_LoginTest_001 failed
2023-06-03 00:28:35.893 [main] INFO  TC_LoginTestDDT_002 - Loading Chrome browser
2023-06-03 00:28:38.321 [main] INFO  TC_LoginTestDDT_002 - Navigated to login page
2023-06-03 00:28:43.794 [main] INFO  TC_LoginTestDDT_002 - Entered user name
2023-06-03 00:28:43.990 [main] INFO  TC_LoginTestDDT_002 - Entered password
2023-06-03 00:28:44.122 [main] INFO  TC_LoginTestDDT_002 - Clicked on login button
2023-06-03 00:28:49.083 [main] WARN  TC_LoginTestDDT_002 - Login failed
2023-06-03 00:28:49.084 [main] INFO  TC_LoginTestDDT_002 - *********************************
2023-06-03 00:28:49.351 [main] INFO  TC_LoginTestDDT_002 - Navigated to login page
2023-06-03 00:28:50.046 [main] INFO  TC_LoginTestDDT_002 - Entered user name
2023-06-03 00:28:50.275 [main] INFO  TC_LoginTestDDT_002 - Entered password
2023-06-03 00:28:50.459 [main] INFO  TC_LoginTestDDT_002 - Clicked on login button
2023-06-03 00:28:54.622 [main] INFO  TC_LoginTestDDT_002 - Loggin passed
2023-06-03 00:28:54.623 [main] INFO  TC_LoginTestDDT_002 - *********************************
2023-06-03 00:28:54.627 [main] INFO  TC_LoginTestDDT_002 - Navigated to login page
2023-06-03 00:28:55.855 [main] INFO  TC_LoginTestDDT_002 - Entered user name
2023-06-03 00:28:56.000 [main] INFO  TC_LoginTestDDT_002 - Entered password
2023-06-03 00:28:56.208 [main] INFO  TC_LoginTestDDT_002 - Clicked on login button
2023-06-03 00:29:00.825 [main] WARN  TC_LoginTestDDT_002 - Login failed
2023-06-03 00:29:00.825 [main] INFO  TC_LoginTestDDT_002 - *********************************
2023-06-03 00:29:56.308 [main] INFO  TC_LoginTest_001 - Loading Chrome browser
2023-06-03 00:29:58.988 [main] INFO  TC_LoginTest_001 - Navigated to login page
2023-06-03 00:30:03.159 [main] INFO  TC_LoginTest_001 - Entered user name
2023-06-03 00:30:03.330 [main] INFO  TC_LoginTest_001 - Entered password
2023-06-03 00:30:03.483 [main] INFO  TC_LoginTest_001 - Clicked on login button
2023-06-03 00:30:04.777 [main] INFO  TC_LoginTest_001 - TC_LoginTest_001 passed
2023-06-03 00:30:04.871 [AsyncHttpClient-1-4] WARN  org.asynchttpclient.netty.handler.WebSocketHandler - onError
java.net.SocketException: Connection reset
	at sun.nio.ch.SocketChannelImpl.throwConnectionReset(SocketChannelImpl.java:401) ~[?:?]
	at sun.nio.ch.SocketChannelImpl.read(SocketChannelImpl.java:434) ~[?:?]
	at io.netty.buffer.PooledByteBuf.setBytes(PooledByteBuf.java:256) ~[netty-buffer-4.1.91.Final.jar:4.1.91.Final]
	at io.netty.buffer.AbstractByteBuf.writeBytes(AbstractByteBuf.java:1132) ~[netty-buffer-4.1.91.Final.jar:4.1.91.Final]
	at io.netty.channel.socket.nio.NioSocketChannel.doReadBytes(NioSocketChannel.java:357) ~[netty-transport-4.1.91.Final.jar:4.1.91.Final]
	at io.netty.channel.nio.AbstractNioByteChannel$NioByteUnsafe.read(AbstractNioByteChannel.java:151) [netty-transport-4.1.91.Final.jar:4.1.91.Final]
	at io.netty.channel.nio.NioEventLoop.processSelectedKey(NioEventLoop.java:788) [netty-transport-4.1.91.Final.jar:4.1.91.Final]
	at io.netty.channel.nio.NioEventLoop.processSelectedKeysOptimized(NioEventLoop.java:724) [netty-transport-4.1.91.Final.jar:4.1.91.Final]
	at io.netty.channel.nio.NioEventLoop.processSelectedKeys(NioEventLoop.java:650) [netty-transport-4.1.91.Final.jar:4.1.91.Final]
	at io.netty.channel.nio.NioEventLoop.run(NioEventLoop.java:562) [netty-transport-4.1.91.Final.jar:4.1.91.Final]
	at io.netty.util.concurrent.SingleThreadEventExecutor$4.run(SingleThreadEventExecutor.java:997) [netty-common-4.1.91.Final.jar:4.1.91.Final]
	at io.netty.util.internal.ThreadExecutorMap$2.run(ThreadExecutorMap.java:74) [netty-common-4.1.91.Final.jar:4.1.91.Final]
	at io.netty.util.concurrent.FastThreadLocalRunnable.run(FastThreadLocalRunnable.java:30) [netty-common-4.1.91.Final.jar:4.1.91.Final]
	at java.lang.Thread.run(Thread.java:1589) [?:?]
2023-06-03 00:30:05.484 [main] INFO  TC_LoginTestDDT_002 - Loading Chrome browser
2023-06-03 00:30:08.168 [main] INFO  TC_LoginTestDDT_002 - Navigated to login page
2023-06-03 00:30:13.083 [main] INFO  TC_LoginTestDDT_002 - Entered user name
2023-06-03 00:30:13.262 [main] INFO  TC_LoginTestDDT_002 - Entered password
2023-06-03 00:30:13.406 [main] INFO  TC_LoginTestDDT_002 - Clicked on login button
2023-06-03 00:30:18.293 [main] WARN  TC_LoginTestDDT_002 - Login failed
2023-06-03 00:30:18.293 [main] INFO  TC_LoginTestDDT_002 - *********************************
2023-06-03 00:30:18.664 [main] INFO  TC_LoginTestDDT_002 - Navigated to login page
2023-06-03 00:30:19.339 [main] INFO  TC_LoginTestDDT_002 - Entered user name
2023-06-03 00:30:19.678 [main] INFO  TC_LoginTestDDT_002 - Entered password
2023-06-03 00:30:19.820 [main] INFO  TC_LoginTestDDT_002 - Clicked on login button
2023-06-03 00:30:24.066 [main] INFO  TC_LoginTestDDT_002 - Loggin passed
2023-06-03 00:30:24.066 [main] INFO  TC_LoginTestDDT_002 - *********************************
2023-06-03 00:30:24.084 [main] INFO  TC_LoginTestDDT_002 - Navigated to login page
2023-06-03 00:30:25.289 [main] INFO  TC_LoginTestDDT_002 - Entered user name
2023-06-03 00:30:25.457 [main] INFO  TC_LoginTestDDT_002 - Entered password
2023-06-03 00:30:25.747 [main] INFO  TC_LoginTestDDT_002 - Clicked on login button
2023-06-03 00:30:30.464 [main] WARN  TC_LoginTestDDT_002 - Login failed
2023-06-03 00:30:30.464 [main] INFO  TC_LoginTestDDT_002 - *********************************
2023-06-03 11:04:16.060 [main] INFO  TC_LoginTest_001 - Loading Chrome browser
2023-06-03 11:04:20.084 [main] INFO  TC_LoginTest_001 - Navigated to login page
2023-06-03 11:04:25.470 [main] INFO  TC_LoginTest_001 - Entered user name
2023-06-03 11:04:25.658 [main] INFO  TC_LoginTest_001 - Entered password
2023-06-03 11:04:25.817 [main] INFO  TC_LoginTest_001 - Clicked on login button
2023-06-03 11:04:27.174 [main] INFO  TC_LoginTest_001 - TC_LoginTest_001 failed
2023-06-03 11:04:28.657 [main] INFO  TC_LoginTestDDT_002 - Loading Chrome browser
2023-06-03 11:04:31.265 [main] INFO  TC_LoginTestDDT_002 - Navigated to login page
2023-06-03 11:04:35.987 [main] INFO  TC_LoginTestDDT_002 - Entered user name
2023-06-03 11:04:36.138 [main] INFO  TC_LoginTestDDT_002 - Entered password
2023-06-03 11:04:36.262 [main] INFO  TC_LoginTestDDT_002 - Clicked on login button
2023-06-03 11:04:42.313 [main] WARN  TC_LoginTestDDT_002 - Login failed
2023-06-03 11:04:42.315 [main] INFO  TC_LoginTestDDT_002 - *********************************
2023-06-03 11:04:42.818 [main] INFO  TC_LoginTestDDT_002 - Navigated to login page
2023-06-03 11:04:43.973 [main] INFO  TC_LoginTestDDT_002 - Entered user name
2023-06-03 11:04:44.237 [main] INFO  TC_LoginTestDDT_002 - Entered password
2023-06-03 11:04:44.346 [main] INFO  TC_LoginTestDDT_002 - Clicked on login button
2023-06-03 11:04:48.360 [main] INFO  TC_LoginTestDDT_002 - Loggin passed
2023-06-03 11:04:48.360 [main] INFO  TC_LoginTestDDT_002 - *********************************
2023-06-03 11:04:48.360 [main] INFO  TC_LoginTestDDT_002 - Navigated to login page
2023-06-03 11:04:49.795 [main] INFO  TC_LoginTestDDT_002 - Entered user name
2023-06-03 11:04:49.896 [main] INFO  TC_LoginTestDDT_002 - Entered password
2023-06-03 11:04:50.029 [main] INFO  TC_LoginTestDDT_002 - Clicked on login button
2023-06-03 11:04:55.588 [main] WARN  TC_LoginTestDDT_002 - Login failed
2023-06-03 11:04:55.588 [main] INFO  TC_LoginTestDDT_002 - *********************************
2023-06-03 11:09:26.573 [main] INFO  TC_LoginTest_001 - Loading Chrome browser
2023-06-03 11:09:29.248 [main] INFO  TC_LoginTest_001 - Navigated to login page
2023-06-03 11:09:36.828 [main] INFO  TC_LoginTest_001 - Entered user name
2023-06-03 11:09:37.020 [main] INFO  TC_LoginTest_001 - Entered password
2023-06-03 11:09:37.149 [main] INFO  TC_LoginTest_001 - Clicked on login button
2023-06-03 11:09:38.172 [main] INFO  TC_LoginTest_001 - TC_LoginTest_001 failed
2023-06-03 11:09:39.510 [main] INFO  TC_LoginTestDDT_002 - Loading Chrome browser
2023-06-03 11:09:42.205 [main] INFO  TC_LoginTestDDT_002 - Navigated to login page
2023-06-03 11:09:47.231 [main] INFO  TC_LoginTestDDT_002 - Entered user name
2023-06-03 11:09:47.405 [main] INFO  TC_LoginTestDDT_002 - Entered password
2023-06-03 11:09:47.552 [main] INFO  TC_LoginTestDDT_002 - Clicked on login button
2023-06-03 11:09:52.777 [main] WARN  TC_LoginTestDDT_002 - Login failed
2023-06-03 11:09:52.777 [main] INFO  TC_LoginTestDDT_002 - *********************************
2023-06-03 11:09:53.116 [main] INFO  TC_LoginTestDDT_002 - Navigated to login page
2023-06-03 11:09:54.104 [main] INFO  TC_LoginTestDDT_002 - Entered user name
2023-06-03 11:09:54.364 [main] INFO  TC_LoginTestDDT_002 - Entered password
2023-06-03 11:09:54.503 [main] INFO  TC_LoginTestDDT_002 - Clicked on login button
2023-06-03 11:09:58.768 [main] INFO  TC_LoginTestDDT_002 - Loggin passed
2023-06-03 11:09:58.768 [main] INFO  TC_LoginTestDDT_002 - *********************************
2023-06-03 11:09:58.771 [main] INFO  TC_LoginTestDDT_002 - Navigated to login page
2023-06-03 11:10:00.325 [main] INFO  TC_LoginTestDDT_002 - Entered user name
2023-06-03 11:10:00.757 [main] INFO  TC_LoginTestDDT_002 - Entered password
2023-06-03 11:10:00.888 [main] INFO  TC_LoginTestDDT_002 - Clicked on login button
2023-06-03 11:10:05.895 [main] WARN  TC_LoginTestDDT_002 - Login failed
2023-06-03 11:10:05.895 [main] INFO  TC_LoginTestDDT_002 - *********************************
2023-06-03 11:13:29.106 [main] INFO  TC_LoginTest_001 - Loading Chrome browser
2023-06-03 11:13:31.883 [main] INFO  TC_LoginTest_001 - Navigated to login page
2023-06-03 11:13:40.511 [main] INFO  TC_LoginTest_001 - Entered user name
2023-06-03 11:13:40.716 [main] INFO  TC_LoginTest_001 - Entered password
2023-06-03 11:13:40.889 [main] INFO  TC_LoginTest_001 - Clicked on login button
2023-06-03 11:13:42.103 [main] INFO  TC_LoginTest_001 - TC_LoginTest_001 failed
2023-06-03 11:13:43.685 [main] INFO  TC_LoginTestDDT_002 - Loading Chrome browser
2023-06-03 11:13:46.380 [main] INFO  TC_LoginTestDDT_002 - Navigated to login page
2023-06-03 11:13:53.531 [main] INFO  TC_LoginTestDDT_002 - Entered user name
2023-06-03 11:13:53.652 [main] INFO  TC_LoginTestDDT_002 - Entered password
2023-06-03 11:13:53.781 [main] INFO  TC_LoginTestDDT_002 - Clicked on login button
2023-06-03 11:13:59.909 [main] WARN  TC_LoginTestDDT_002 - Login failed
2023-06-03 11:13:59.910 [main] INFO  TC_LoginTestDDT_002 - *********************************
2023-06-03 11:14:00.337 [main] INFO  TC_LoginTestDDT_002 - Navigated to login page
2023-06-03 11:14:01.383 [main] INFO  TC_LoginTestDDT_002 - Entered user name
2023-06-03 11:14:01.479 [main] INFO  TC_LoginTestDDT_002 - Entered password
2023-06-03 11:14:01.644 [main] INFO  TC_LoginTestDDT_002 - Clicked on login button
2023-06-03 11:14:05.863 [main] INFO  TC_LoginTestDDT_002 - Loggin passed
2023-06-03 11:14:05.863 [main] INFO  TC_LoginTestDDT_002 - *********************************
2023-06-03 11:14:05.868 [main] INFO  TC_LoginTestDDT_002 - Navigated to login page
2023-06-03 11:14:07.334 [main] INFO  TC_LoginTestDDT_002 - Entered user name
2023-06-03 11:14:07.448 [main] INFO  TC_LoginTestDDT_002 - Entered password
2023-06-03 11:14:07.579 [main] INFO  TC_LoginTestDDT_002 - Clicked on login button
2023-06-03 11:14:13.547 [main] WARN  TC_LoginTestDDT_002 - Login failed
2023-06-03 11:14:13.547 [main] INFO  TC_LoginTestDDT_002 - *********************************
2023-06-03 11:14:27.316 [main] INFO  TC_LoginTest_001 - Loading Chrome browser
2023-06-03 11:14:30.210 [main] INFO  TC_LoginTest_001 - Navigated to login page
2023-06-03 11:14:38.339 [main] INFO  TC_LoginTest_001 - Entered user name
2023-06-03 11:14:38.513 [main] INFO  TC_LoginTest_001 - Entered password
2023-06-03 11:14:38.632 [main] INFO  TC_LoginTest_001 - Clicked on login button
2023-06-03 11:14:39.686 [main] INFO  TC_LoginTest_001 - TC_LoginTest_001 passed
2023-06-03 11:14:40.586 [main] INFO  TC_LoginTestDDT_002 - Loading Chrome browser
2023-06-03 11:14:42.990 [main] INFO  TC_LoginTestDDT_002 - Navigated to login page
2023-06-03 11:14:50.489 [main] INFO  TC_LoginTestDDT_002 - Entered user name
2023-06-03 11:14:50.913 [main] INFO  TC_LoginTestDDT_002 - Entered password
2023-06-03 11:14:51.181 [main] INFO  TC_LoginTestDDT_002 - Clicked on login button
2023-06-03 11:14:57.116 [main] WARN  TC_LoginTestDDT_002 - Login failed
2023-06-03 11:14:57.116 [main] INFO  TC_LoginTestDDT_002 - *********************************
2023-06-03 11:14:57.623 [main] INFO  TC_LoginTestDDT_002 - Navigated to login page
2023-06-03 11:14:58.719 [main] INFO  TC_LoginTestDDT_002 - Entered user name
2023-06-03 11:14:59.038 [main] INFO  TC_LoginTestDDT_002 - Entered password
2023-06-03 11:14:59.190 [main] INFO  TC_LoginTestDDT_002 - Clicked on login button
2023-06-03 11:15:03.469 [main] INFO  TC_LoginTestDDT_002 - Loggin passed
2023-06-03 11:15:03.469 [main] INFO  TC_LoginTestDDT_002 - *********************************
2023-06-03 11:15:03.476 [main] INFO  TC_LoginTestDDT_002 - Navigated to login page
2023-06-03 11:15:04.991 [main] INFO  TC_LoginTestDDT_002 - Entered user name
2023-06-03 11:15:05.440 [main] INFO  TC_LoginTestDDT_002 - Entered password
2023-06-03 11:15:05.587 [main] INFO  TC_LoginTestDDT_002 - Clicked on login button
2023-06-03 11:15:12.560 [main] WARN  TC_LoginTestDDT_002 - Login failed
2023-06-03 11:15:12.560 [main] INFO  TC_LoginTestDDT_002 - *********************************
2023-06-03 12:27:19.038 [main] INFO  TC_LoginTest_001 - Loading Chrome browser
2023-06-03 12:27:30.474 [main] INFO  TC_LoginTest_001 - Navigated to login page
2023-06-03 12:27:30.518 [main] INFO  TC_LoginTest_001 - Entered user name
2023-06-03 12:27:30.752 [main] INFO  TC_LoginTest_001 - Entered password
2023-06-03 12:27:30.977 [main] INFO  TC_LoginTest_001 - Clicked on login button
2023-06-03 12:27:32.021 [main] INFO  TC_LoginTest_001 - TC_LoginTest_001 passed
2023-06-03 12:27:32.935 [main] INFO  TC_LoginTestDDT_002 - Loading Chrome browser
2023-06-03 12:27:40.159 [main] INFO  TC_LoginTestDDT_002 - Navigated to login page
2023-06-03 12:27:40.160 [main] INFO  TC_LoginTestDDT_002 - Entered user name
2023-06-03 12:27:40.342 [main] INFO  TC_LoginTestDDT_002 - Entered password
2023-06-03 12:27:40.484 [main] INFO  TC_LoginTestDDT_002 - Clicked on login button
2023-06-03 12:27:46.637 [main] WARN  TC_LoginTestDDT_002 - Login failed
2023-06-03 12:27:46.637 [main] INFO  TC_LoginTestDDT_002 - *********************************
2023-06-03 12:27:47.403 [main] INFO  TC_LoginTestDDT_002 - Navigated to login page
2023-06-03 12:27:47.403 [main] INFO  TC_LoginTestDDT_002 - Entered user name
2023-06-03 12:27:47.576 [main] INFO  TC_LoginTestDDT_002 - Entered password
2023-06-03 12:27:47.715 [main] INFO  TC_LoginTestDDT_002 - Clicked on login button
2023-06-03 12:27:52.591 [main] INFO  TC_LoginTestDDT_002 - Loggin passed
2023-06-03 12:27:52.591 [main] INFO  TC_LoginTestDDT_002 - *********************************
2023-06-03 12:27:52.597 [main] INFO  TC_LoginTestDDT_002 - Navigated to login page
2023-06-03 12:27:52.600 [main] INFO  TC_LoginTestDDT_002 - Entered user name
2023-06-03 12:28:38.621 [main] INFO  TC_LoginTest_001 - Loading Chrome browser
2023-06-03 12:28:46.688 [main] INFO  TC_LoginTest_001 - Navigated to login page
2023-06-03 12:28:46.728 [main] INFO  TC_LoginTest_001 - Entered user name
2023-06-03 12:28:46.942 [main] INFO  TC_LoginTest_001 - Entered password
2023-06-03 12:28:47.126 [main] INFO  TC_LoginTest_001 - Clicked on login button
2023-06-03 12:28:48.431 [main] INFO  TC_LoginTest_001 - TC_LoginTest_001 passed
2023-06-03 12:28:49.365 [main] INFO  TC_LoginTestDDT_002 - Loading Chrome browser
2023-06-03 12:28:56.315 [main] INFO  TC_LoginTestDDT_002 - Navigated to login page
2023-06-03 12:28:56.315 [main] INFO  TC_LoginTestDDT_002 - Entered user name
2023-06-03 12:28:56.511 [main] INFO  TC_LoginTestDDT_002 - Entered password
2023-06-03 12:28:56.672 [main] INFO  TC_LoginTestDDT_002 - Clicked on login button
2023-06-03 12:29:01.864 [main] WARN  TC_LoginTestDDT_002 - Login failed
2023-06-03 12:29:01.864 [main] INFO  TC_LoginTestDDT_002 - *********************************
2023-06-03 12:29:02.391 [main] INFO  TC_LoginTestDDT_002 - Navigated to login page
2023-06-03 12:29:02.391 [main] INFO  TC_LoginTestDDT_002 - Entered user name
2023-06-03 12:29:02.539 [main] INFO  TC_LoginTestDDT_002 - Entered password
2023-06-03 12:29:02.670 [main] INFO  TC_LoginTestDDT_002 - Clicked on login button
2023-06-03 12:29:06.922 [main] INFO  TC_LoginTestDDT_002 - Loggin passed
2023-06-03 12:29:06.922 [main] INFO  TC_LoginTestDDT_002 - *********************************
2023-06-03 12:29:06.922 [main] INFO  TC_LoginTestDDT_002 - Navigated to login page
2023-06-03 12:29:06.922 [main] INFO  TC_LoginTestDDT_002 - Entered user name
2023-06-03 12:32:16.386 [main] INFO  TC_LoginTest_001 - Loading Chrome browser
2023-06-03 12:32:19.190 [main] INFO  TC_LoginTest_001 - Navigated to login page
2023-06-03 12:32:25.008 [main] INFO  TC_LoginTest_001 - Entered user name
2023-06-03 12:32:25.169 [main] INFO  TC_LoginTest_001 - Entered password
2023-06-03 12:32:25.321 [main] INFO  TC_LoginTest_001 - Clicked on login button
2023-06-03 12:32:26.378 [main] INFO  TC_LoginTest_001 - TC_LoginTest_001 passed
2023-06-03 12:32:26.544 [AsyncHttpClient-1-4] WARN  org.asynchttpclient.netty.handler.WebSocketHandler - onError
java.net.SocketException: Connection reset
	at sun.nio.ch.SocketChannelImpl.throwConnectionReset(SocketChannelImpl.java:401) ~[?:?]
	at sun.nio.ch.SocketChannelImpl.read(SocketChannelImpl.java:434) ~[?:?]
	at io.netty.buffer.PooledByteBuf.setBytes(PooledByteBuf.java:256) ~[netty-buffer-4.1.91.Final.jar:4.1.91.Final]
	at io.netty.buffer.AbstractByteBuf.writeBytes(AbstractByteBuf.java:1132) ~[netty-buffer-4.1.91.Final.jar:4.1.91.Final]
	at io.netty.channel.socket.nio.NioSocketChannel.doReadBytes(NioSocketChannel.java:357) ~[netty-transport-4.1.91.Final.jar:4.1.91.Final]
	at io.netty.channel.nio.AbstractNioByteChannel$NioByteUnsafe.read(AbstractNioByteChannel.java:151) [netty-transport-4.1.91.Final.jar:4.1.91.Final]
	at io.netty.channel.nio.NioEventLoop.processSelectedKey(NioEventLoop.java:788) [netty-transport-4.1.91.Final.jar:4.1.91.Final]
	at io.netty.channel.nio.NioEventLoop.processSelectedKeysOptimized(NioEventLoop.java:724) [netty-transport-4.1.91.Final.jar:4.1.91.Final]
	at io.netty.channel.nio.NioEventLoop.processSelectedKeys(NioEventLoop.java:650) [netty-transport-4.1.91.Final.jar:4.1.91.Final]
	at io.netty.channel.nio.NioEventLoop.run(NioEventLoop.java:562) [netty-transport-4.1.91.Final.jar:4.1.91.Final]
	at io.netty.util.concurrent.SingleThreadEventExecutor$4.run(SingleThreadEventExecutor.java:997) [netty-common-4.1.91.Final.jar:4.1.91.Final]
	at io.netty.util.internal.ThreadExecutorMap$2.run(ThreadExecutorMap.java:74) [netty-common-4.1.91.Final.jar:4.1.91.Final]
	at io.netty.util.concurrent.FastThreadLocalRunnable.run(FastThreadLocalRunnable.java:30) [netty-common-4.1.91.Final.jar:4.1.91.Final]
	at java.lang.Thread.run(Thread.java:1589) [?:?]
2023-06-03 12:32:27.361 [main] INFO  TC_LoginTestDDT_002 - Loading Chrome browser
2023-06-03 12:32:29.879 [main] INFO  TC_LoginTestDDT_002 - Navigated to login page
2023-06-03 12:32:35.342 [main] INFO  TC_LoginTestDDT_002 - Entered user name
2023-06-03 12:32:35.520 [main] INFO  TC_LoginTestDDT_002 - Entered password
2023-06-03 12:32:35.675 [main] INFO  TC_LoginTestDDT_002 - Clicked on login button
2023-06-03 12:32:40.925 [main] WARN  TC_LoginTestDDT_002 - Login failed
2023-06-03 12:32:40.925 [main] INFO  TC_LoginTestDDT_002 - *********************************
2023-06-03 12:32:41.499 [main] INFO  TC_LoginTestDDT_002 - Navigated to login page
2023-06-03 12:32:42.602 [main] INFO  TC_LoginTestDDT_002 - Entered user name
2023-06-03 12:32:42.822 [main] INFO  TC_LoginTestDDT_002 - Entered password
2023-06-03 12:32:42.961 [main] INFO  TC_LoginTestDDT_002 - Clicked on login button
2023-06-03 12:32:47.184 [main] INFO  TC_LoginTestDDT_002 - Loggin passed
2023-06-03 12:32:47.184 [main] INFO  TC_LoginTestDDT_002 - *********************************
2023-06-03 12:32:47.184 [main] INFO  TC_LoginTestDDT_002 - Navigated to login page
2023-06-03 12:32:48.645 [main] INFO  TC_LoginTestDDT_002 - Entered user name
2023-06-03 12:32:49.045 [main] INFO  TC_LoginTestDDT_002 - Entered password
2023-06-03 12:32:49.185 [main] INFO  TC_LoginTestDDT_002 - Clicked on login button
2023-06-03 12:32:54.635 [main] WARN  TC_LoginTestDDT_002 - Login failed
2023-06-03 12:32:54.635 [main] INFO  TC_LoginTestDDT_002 - *********************************
2023-06-03 13:02:00.461 [main] INFO  TC_CreateNewCustomer_001 - Loading Chrome browser
2023-06-03 13:02:03.301 [main] INFO  TC_CreateNewCustomer_001 - Navigated to login page
2023-06-03 15:31:54.848 [main] INFO  TC_CreateNewCustomer_001 - Loading Chrome browser
2023-06-03 15:31:59.033 [main] INFO  TC_CreateNewCustomer_001 - Navigated to login page
2023-06-03 15:32:16.488 [AsyncHttpClient-1-4] WARN  org.asynchttpclient.netty.handler.WebSocketHandler - onError
java.net.SocketException: Connection reset
	at sun.nio.ch.SocketChannelImpl.throwConnectionReset(SocketChannelImpl.java:401) ~[?:?]
	at sun.nio.ch.SocketChannelImpl.read(SocketChannelImpl.java:434) ~[?:?]
	at io.netty.buffer.PooledByteBuf.setBytes(PooledByteBuf.java:256) ~[netty-buffer-4.1.91.Final.jar:4.1.91.Final]
	at io.netty.buffer.AbstractByteBuf.writeBytes(AbstractByteBuf.java:1132) ~[netty-buffer-4.1.91.Final.jar:4.1.91.Final]
	at io.netty.channel.socket.nio.NioSocketChannel.doReadBytes(NioSocketChannel.java:357) ~[netty-transport-4.1.91.Final.jar:4.1.91.Final]
	at io.netty.channel.nio.AbstractNioByteChannel$NioByteUnsafe.read(AbstractNioByteChannel.java:151) [netty-transport-4.1.91.Final.jar:4.1.91.Final]
	at io.netty.channel.nio.NioEventLoop.processSelectedKey(NioEventLoop.java:788) [netty-transport-4.1.91.Final.jar:4.1.91.Final]
	at io.netty.channel.nio.NioEventLoop.processSelectedKeysOptimized(NioEventLoop.java:724) [netty-transport-4.1.91.Final.jar:4.1.91.Final]
	at io.netty.channel.nio.NioEventLoop.processSelectedKeys(NioEventLoop.java:650) [netty-transport-4.1.91.Final.jar:4.1.91.Final]
	at io.netty.channel.nio.NioEventLoop.run(NioEventLoop.java:562) [netty-transport-4.1.91.Final.jar:4.1.91.Final]
	at io.netty.util.concurrent.SingleThreadEventExecutor$4.run(SingleThreadEventExecutor.java:997) [netty-common-4.1.91.Final.jar:4.1.91.Final]
	at io.netty.util.internal.ThreadExecutorMap$2.run(ThreadExecutorMap.java:74) [netty-common-4.1.91.Final.jar:4.1.91.Final]
	at io.netty.util.concurrent.FastThreadLocalRunnable.run(FastThreadLocalRunnable.java:30) [netty-common-4.1.91.Final.jar:4.1.91.Final]
	at java.lang.Thread.run(Thread.java:1589) [?:?]
2023-06-03 16:28:20.178 [main] INFO  TC_CreateNewCustomer_001 - Loading Chrome browser
2023-06-03 16:28:23.018 [main] INFO  TC_CreateNewCustomer_001 - Navigated to login page
2023-06-03 16:29:52.530 [main] INFO  TC_CreateNewCustomer_001 - Loading Chrome browser
2023-06-03 16:29:55.297 [main] INFO  TC_CreateNewCustomer_001 - Navigated to login page
2023-06-03 16:31:17.678 [main] INFO  TC_CreateNewCustomer_001 - Loading Chrome browser
2023-06-03 16:31:20.555 [main] INFO  TC_CreateNewCustomer_001 - Navigated to login page
2023-06-03 16:37:06.492 [main] INFO  TC_CreateNewCustomer_001 - Loading Chrome browser
2023-06-03 16:37:09.468 [main] INFO  TC_CreateNewCustomer_001 - Navigated to login page
2023-06-03 16:40:09.392 [main] INFO  TC_CreateNewCustomer_001 - Loading Chrome browser
2023-06-03 16:40:12.074 [main] INFO  TC_CreateNewCustomer_001 - Navigated to login page
2023-06-03 16:40:57.995 [main] INFO  TC_CreateNewCustomer_001 - Loading Chrome browser
2023-06-03 16:41:00.852 [main] INFO  TC_CreateNewCustomer_001 - Navigated to login page
2023-06-03 16:41:39.628 [main] INFO  TC_CreateNewCustomer_001 - Loading Chrome browser
2023-06-03 16:41:42.583 [main] INFO  TC_CreateNewCustomer_001 - Navigated to login page
2023-06-03 16:51:04.510 [main] INFO  TC_CreateNewCustomer_001 - Loading Chrome browser
2023-06-03 16:51:07.277 [main] INFO  TC_CreateNewCustomer_001 - Navigated to login page
2023-06-03 16:54:03.767 [main] INFO  TC_CreateNewCustomer_001 - Loading Chrome browser
2023-06-03 16:54:06.706 [main] INFO  TC_CreateNewCustomer_001 - Navigated to login page
2023-06-03 17:00:51.862 [main] INFO  TC_CreateNewCustomer_001 - Loading Chrome browser
2023-06-03 17:00:54.623 [main] INFO  TC_CreateNewCustomer_001 - Navigated to login page
2023-06-03 17:02:39.403 [main] INFO  TC_CreateNewCustomer_001 - Loading Chrome browser
2023-06-03 17:02:42.142 [main] INFO  TC_CreateNewCustomer_001 - Navigated to login page
2023-06-03 17:05:18.092 [main] INFO  TC_CreateNewCustomer_001 - Loading Chrome browser
2023-06-03 17:05:20.995 [main] INFO  TC_CreateNewCustomer_001 - Navigated to login page
2023-06-03 17:17:35.440 [main] INFO  TC_CreateNewCustomer_001 - Loading Chrome browser
2023-06-03 17:17:38.243 [main] INFO  TC_CreateNewCustomer_001 - Navigated to login page
2023-06-03 17:21:23.765 [main] INFO  TC_CreateNewCustomer_001 - Loading Chrome browser
2023-06-03 17:21:26.650 [main] INFO  TC_CreateNewCustomer_001 - Navigated to login page
2023-06-03 17:23:05.054 [main] INFO  TC_CreateNewCustomer_001 - Loading Chrome browser
2023-06-03 17:23:07.781 [main] INFO  TC_CreateNewCustomer_001 - Navigated to login page
2023-06-03 17:36:43.191 [main] INFO  TC_CreateNewCustomer_001 - Loading Chrome browser
2023-06-03 17:36:46.094 [main] INFO  TC_CreateNewCustomer_001 - Navigated to login page
2023-06-03 17:40:41.598 [main] INFO  TC_CreateNewCustomer_001 - Loading Chrome browser
2023-06-03 17:40:44.420 [main] INFO  TC_CreateNewCustomer_001 - Navigated to login page
2023-06-03 17:44:17.757 [main] INFO  TC_CreateNewCustomer_001 - Loading Chrome browser
2023-06-03 17:44:20.550 [main] INFO  TC_CreateNewCustomer_001 - Navigated to login page
2023-06-03 17:47:51.909 [main] INFO  TC_CreateNewCustomer_001 - Loading Chrome browser
2023-06-03 17:47:54.900 [main] INFO  TC_CreateNewCustomer_001 - Navigated to login page
2023-06-03 17:50:18.927 [main] INFO  TC_CreateNewCustomer_001 - Loading Chrome browser
2023-06-03 17:50:22.011 [main] INFO  TC_CreateNewCustomer_001 - Navigated to login page
2023-06-03 18:01:35.095 [main] INFO  TC_CreateNewCustomer_001 - Loading Chrome browser
2023-06-03 18:01:37.885 [main] INFO  TC_CreateNewCustomer_001 - Navigated to login page
2023-06-03 18:01:48.534 [main] INFO  TC_CreateNewCustomer_001 - Navigated to create new customer page
2023-06-03 18:01:56.697 [main] INFO  TC_CreateNewCustomer_001 - Clicked on Submit button
2023-06-03 18:01:56.713 [main] INFO  TC_CreateNewCustomer_001 - TC_CreateNewCustomer_001 test failed
2023-06-03 18:12:02.544 [main] INFO  TC_CreateNewCustomer_002 - Loading Chrome browser
2023-06-03 18:12:05.416 [main] INFO  TC_CreateNewCustomer_002 - Navigated to login page
2023-06-03 18:13:02.469 [main] INFO  TC_CreateNewCustomer_002 - Loading Chrome browser
2023-06-03 18:13:05.414 [main] INFO  TC_CreateNewCustomer_002 - Navigated to login page
2023-06-03 18:14:19.454 [main] INFO  TC_CreateNewCustomer_002 - Loading Chrome browser
2023-06-03 18:14:22.564 [main] INFO  TC_CreateNewCustomer_002 - Navigated to login page
2023-06-03 18:17:44.219 [main] INFO  TC_CreateNewCustomer_002 - Loading Chrome browser
2023-06-03 18:17:47.143 [main] INFO  TC_CreateNewCustomer_002 - Navigated to login page
2023-06-03 18:18:01.966 [main] INFO  TC_CreateNewCustomer_002 - TC_CreateNewCustomer_002 test passed
2023-06-04 00:10:36.494 [main] INFO  TC_CreateNewCustomer_002 - Loading Chrome browser
2023-06-04 00:10:40.197 [main] INFO  TC_CreateNewCustomer_002 - Navigated to login page
2023-06-04 00:10:59.317 [main] INFO  TC_CreateNewCustomer_002 - TC_CreateNewCustomer_002 test passed
2023-06-04 00:10:59.337 [main] INFO  TC_CreateNewCustomer_002 - Navigated to login page
2023-06-04 00:11:22.425 [main] INFO  TC_CreateNewCustomer_002 - Loading Chrome browser
2023-06-04 00:11:24.952 [main] INFO  TC_CreateNewCustomer_002 - Navigated to login page
2023-06-04 00:11:37.057 [main] INFO  TC_CreateNewCustomer_002 - TC_CreateNewCustomer_002 test passed
2023-06-04 00:11:37.070 [main] INFO  TC_CreateNewCustomer_002 - Navigated to login page
2023-06-04 00:12:04.032 [main] INFO  TC_CreateNewCustomer_002 - Loading Chrome browser
2023-06-04 00:12:06.628 [main] INFO  TC_CreateNewCustomer_002 - Navigated to login page
2023-06-04 00:12:23.369 [main] INFO  TC_CreateNewCustomer_002 - TC_CreateNewCustomer_002 test failed
2023-06-04 00:12:23.801 [main] INFO  TC_CreateNewCustomer_002 - Navigated to login page
2023-06-04 00:12:53.970 [main] INFO  TC_CreateNewCustomer_002 - Loading Chrome browser
2023-06-04 00:12:56.553 [main] INFO  TC_CreateNewCustomer_002 - Navigated to login page
2023-06-04 00:13:15.087 [main] INFO  TC_CreateNewCustomer_002 - TC_CreateNewCustomer_002 test failed
2023-06-04 00:13:15.390 [main] INFO  TC_CreateNewCustomer_002 - Navigated to login page
2023-06-04 00:14:35.734 [main] INFO  TC_CreateNewCustomer_002 - Loading Chrome browser
2023-06-04 00:14:38.351 [main] INFO  TC_CreateNewCustomer_002 - Navigated to login page
2023-06-04 00:14:54.285 [main] INFO  TC_CreateNewCustomer_002 - TC_CreateNewCustomer_002 test passed
2023-06-04 00:14:54.296 [main] INFO  TC_CreateNewCustomer_002 - Navigated to login page
2023-06-04 00:20:55.136 [main] INFO  TC_CreateNewCustomer_003 - Loading Chrome browser
2023-06-04 00:20:57.987 [main] INFO  TC_CreateNewCustomer_003 - Navigated to login page
2023-06-04 00:21:30.868 [main] INFO  TC_CreateNewCustomer_003 - Loading Chrome browser
2023-06-04 00:21:33.911 [main] INFO  TC_CreateNewCustomer_003 - Navigated to login page
2023-06-04 00:22:48.840 [main] INFO  TC_CreateNewCustomer_003 - Loading Chrome browser
2023-06-04 00:22:51.547 [main] INFO  TC_CreateNewCustomer_003 - Navigated to login page
2023-06-04 00:26:41.650 [main] INFO  TC_CreateNewCustomer_003 - Loading Chrome browser
2023-06-04 00:26:44.351 [main] INFO  TC_CreateNewCustomer_003 - Navigated to login page
2023-06-04 00:27:26.235 [main] INFO  TC_CreateNewCustomer_003 - Loading Chrome browser
2023-06-04 00:27:28.868 [main] INFO  TC_CreateNewCustomer_003 - Navigated to login page
2023-06-04 00:31:26.205 [main] INFO  TC_CreateNewCustomer_003 - Loading Chrome browser
2023-06-04 00:31:28.979 [main] INFO  TC_CreateNewCustomer_003 - Navigated to login page
2023-06-04 00:32:50.742 [main] INFO  TC_CreateNewCustomer_003 - Loading Chrome browser
2023-06-04 00:32:53.569 [main] INFO  TC_CreateNewCustomer_003 - Navigated to login page
2023-06-04 18:02:34.607 [main] INFO  TC_CreateNewCustomer_003 - Loading Chrome browser
2023-06-04 18:02:38.769 [main] INFO  TC_CreateNewCustomer_003 - Navigated to login page
2023-06-04 18:32:37.166 [main] INFO  TC_CreateNewCustomer_003 - Loading Chrome browser
2023-06-04 18:32:39.913 [main] INFO  TC_CreateNewCustomer_003 - Navigated to login page
2023-06-04 18:32:55.931 [main] INFO  TC_CreateNewCustomer_003 - TC_CreateNewCustomer_003 test passed
2023-06-04 18:34:32.008 [main] INFO  TC_CreateNewCustomer_003 - Loading Chrome browser
2023-06-04 18:34:34.755 [main] INFO  TC_CreateNewCustomer_003 - Navigated to login page
2023-06-04 18:34:49.134 [main] INFO  TC_CreateNewCustomer_003 - TC_CreateNewCustomer_003 test passed
2023-06-04 18:35:17.256 [main] INFO  TC_CreateNewCustomer_003 - Loading Chrome browser
2023-06-04 18:35:20.083 [main] INFO  TC_CreateNewCustomer_003 - Navigated to login page
2023-06-04 18:35:34.857 [main] INFO  TC_CreateNewCustomer_003 - TC_CreateNewCustomer_003 test passed
2023-06-04 18:36:26.138 [main] INFO  TC_CreateNewCustomer_003 - Loading Chrome browser
2023-06-04 18:36:28.841 [main] INFO  TC_CreateNewCustomer_003 - Navigated to login page
2023-06-04 18:36:43.295 [main] INFO  TC_CreateNewCustomer_003 - TC_CreateNewCustomer_003 test passed
2023-06-04 18:41:31.172 [main] INFO  TC_CreateNewCustomer_003 - Loading Chrome browser
2023-06-04 18:41:34.045 [main] INFO  TC_CreateNewCustomer_003 - Navigated to login page
2023-06-04 18:41:52.345 [main] INFO  TC_CreateNewCustomer_003 - TC_CreateNewCustomer_003 test failed
2023-06-04 18:44:40.689 [main] INFO  TC_CreateNewCustomer_003 - Loading Chrome browser
2023-06-04 18:44:43.562 [main] INFO  TC_CreateNewCustomer_003 - Navigated to login page
2023-06-04 18:44:58.478 [main] INFO  TC_CreateNewCustomer_003 - TC_CreateNewCustomer_003 test failed
2023-06-04 18:45:52.296 [main] INFO  TC_CreateNewCustomer_003 - Loading Chrome browser
2023-06-04 18:45:55.108 [main] INFO  TC_CreateNewCustomer_003 - Navigated to login page
2023-06-04 18:46:13.076 [main] INFO  TC_CreateNewCustomer_003 - TC_CreateNewCustomer_003 test failed
2023-06-04 18:47:27.986 [main] INFO  TC_LoginTest_001 - Loading Chrome browser
2023-06-04 18:47:30.805 [main] INFO  TC_LoginTest_001 - Navigated to login page
2023-06-04 18:47:37.048 [main] INFO  TC_LoginTest_001 - Entered user name
2023-06-04 18:47:37.218 [main] INFO  TC_LoginTest_001 - Entered password
2023-06-04 18:47:37.340 [main] INFO  TC_LoginTest_001 - Clicked on login button
2023-06-04 18:47:38.320 [main] INFO  TC_LoginTest_001 - TC_LoginTest_001 passed
2023-06-04 18:47:39.327 [main] INFO  TC_LoginTestDDT_002 - Loading Chrome browser
2023-06-04 18:47:42.393 [main] INFO  TC_LoginTestDDT_002 - Navigated to login page
2023-06-04 18:47:48.049 [main] INFO  TC_LoginTestDDT_002 - Entered user name
2023-06-04 18:47:48.201 [main] INFO  TC_LoginTestDDT_002 - Entered password
2023-06-04 18:47:48.323 [main] INFO  TC_LoginTestDDT_002 - Clicked on login button
2023-06-04 18:47:53.267 [main] WARN  TC_LoginTestDDT_002 - Login failed
2023-06-04 18:47:53.267 [main] INFO  TC_LoginTestDDT_002 - *********************************
2023-06-04 18:47:53.656 [main] INFO  TC_LoginTestDDT_002 - Navigated to login page
2023-06-04 18:47:54.635 [main] INFO  TC_LoginTestDDT_002 - Entered user name
2023-06-04 18:47:54.746 [main] INFO  TC_LoginTestDDT_002 - Entered password
2023-06-04 18:47:54.905 [main] INFO  TC_LoginTestDDT_002 - Clicked on login button
2023-06-04 18:47:59.066 [main] INFO  TC_LoginTestDDT_002 - Loggin passed
2023-06-04 18:47:59.067 [main] INFO  TC_LoginTestDDT_002 - *********************************
2023-06-04 18:47:59.072 [main] INFO  TC_LoginTestDDT_002 - Navigated to login page
2023-06-04 18:48:00.557 [main] INFO  TC_LoginTestDDT_002 - Entered user name
2023-06-04 18:48:00.707 [main] INFO  TC_LoginTestDDT_002 - Entered password
2023-06-04 18:48:00.971 [main] INFO  TC_LoginTestDDT_002 - Clicked on login button
2023-06-04 18:48:06.208 [main] WARN  TC_LoginTestDDT_002 - Login failed
2023-06-04 18:48:06.208 [main] INFO  TC_LoginTestDDT_002 - *********************************
2023-06-04 18:48:07.199 [main] INFO  TC_CreateNewCustomer_001 - Loading Chrome browser
2023-06-04 18:48:08.707 [main] INFO  TC_CreateNewCustomer_001 - Navigated to login page
2023-06-04 18:48:15.485 [main] INFO  TC_CreateNewCustomer_001 - Navigated to create new customer page
2023-06-04 18:48:23.996 [main] INFO  TC_CreateNewCustomer_001 - Clicked on Submit button
2023-06-04 18:48:24.012 [main] INFO  TC_CreateNewCustomer_001 - TC_CreateNewCustomer_001 test passed
2023-06-04 18:48:24.561 [main] INFO  TC_CreateNewCustomer_002 - Loading Chrome browser
2023-06-04 18:48:25.868 [main] INFO  TC_CreateNewCustomer_002 - Navigated to login page
2023-06-04 18:48:39.861 [main] INFO  TC_CreateNewCustomer_002 - TC_CreateNewCustomer_002 test passed
2023-06-04 18:48:40.348 [main] INFO  TC_CreateNewCustomer_003 - Loading Chrome browser
2023-06-04 18:48:41.751 [main] INFO  TC_CreateNewCustomer_003 - Navigated to login page
2023-06-04 18:48:56.937 [main] INFO  TC_CreateNewCustomer_003 - TC_CreateNewCustomer_003 test passed
2023-06-04 20:02:44.116 [main] INFO  TC_LoginTest_001 - Loading Chrome browser
2023-06-04 20:02:47.051 [main] INFO  TC_LoginTest_001 - Navigated to login page
2023-06-04 20:02:51.844 [main] INFO  TC_LoginTest_001 - Entered user name
2023-06-04 20:02:51.982 [main] INFO  TC_LoginTest_001 - Entered password
2023-06-04 20:02:52.102 [main] INFO  TC_LoginTest_001 - Clicked on login button
2023-06-04 20:02:53.330 [main] INFO  TC_LoginTest_001 - TC_LoginTest_001 passed
2023-06-04 20:02:53.411 [AsyncHttpClient-1-4] WARN  org.asynchttpclient.netty.handler.WebSocketHandler - onError
java.net.SocketException: Connection reset
	at sun.nio.ch.SocketChannelImpl.throwConnectionReset(SocketChannelImpl.java:401) ~[?:?]
	at sun.nio.ch.SocketChannelImpl.read(SocketChannelImpl.java:434) ~[?:?]
	at io.netty.buffer.PooledByteBuf.setBytes(PooledByteBuf.java:256) ~[netty-buffer-4.1.91.Final.jar:4.1.91.Final]
	at io.netty.buffer.AbstractByteBuf.writeBytes(AbstractByteBuf.java:1132) ~[netty-buffer-4.1.91.Final.jar:4.1.91.Final]
	at io.netty.channel.socket.nio.NioSocketChannel.doReadBytes(NioSocketChannel.java:357) ~[netty-transport-4.1.91.Final.jar:4.1.91.Final]
	at io.netty.channel.nio.AbstractNioByteChannel$NioByteUnsafe.read(AbstractNioByteChannel.java:151) [netty-transport-4.1.91.Final.jar:4.1.91.Final]
	at io.netty.channel.nio.NioEventLoop.processSelectedKey(NioEventLoop.java:788) [netty-transport-4.1.91.Final.jar:4.1.91.Final]
	at io.netty.channel.nio.NioEventLoop.processSelectedKeysOptimized(NioEventLoop.java:724) [netty-transport-4.1.91.Final.jar:4.1.91.Final]
	at io.netty.channel.nio.NioEventLoop.processSelectedKeys(NioEventLoop.java:650) [netty-transport-4.1.91.Final.jar:4.1.91.Final]
	at io.netty.channel.nio.NioEventLoop.run(NioEventLoop.java:562) [netty-transport-4.1.91.Final.jar:4.1.91.Final]
	at io.netty.util.concurrent.SingleThreadEventExecutor$4.run(SingleThreadEventExecutor.java:997) [netty-common-4.1.91.Final.jar:4.1.91.Final]
	at io.netty.util.internal.ThreadExecutorMap$2.run(ThreadExecutorMap.java:74) [netty-common-4.1.91.Final.jar:4.1.91.Final]
	at io.netty.util.concurrent.FastThreadLocalRunnable.run(FastThreadLocalRunnable.java:30) [netty-common-4.1.91.Final.jar:4.1.91.Final]
	at java.lang.Thread.run(Thread.java:1589) [?:?]
2023-06-04 20:02:54.245 [main] INFO  TC_LoginTestDDT_002 - Loading Chrome browser
2023-06-04 20:02:56.741 [main] INFO  TC_LoginTestDDT_002 - Navigated to login page
2023-06-04 20:03:02.861 [main] INFO  TC_LoginTestDDT_002 - Entered user name
2023-06-04 20:03:03.005 [main] INFO  TC_LoginTestDDT_002 - Entered password
2023-06-04 20:03:03.153 [main] INFO  TC_LoginTestDDT_002 - Clicked on login button
2023-06-04 20:03:08.763 [main] WARN  TC_LoginTestDDT_002 - Login failed
2023-06-04 20:03:08.763 [main] INFO  TC_LoginTestDDT_002 - *********************************
2023-06-04 20:03:09.198 [main] INFO  TC_LoginTestDDT_002 - Navigated to login page
2023-06-04 20:03:10.321 [main] INFO  TC_LoginTestDDT_002 - Entered user name
2023-06-04 20:03:10.440 [main] INFO  TC_LoginTestDDT_002 - Entered password
2023-06-04 20:03:10.590 [main] INFO  TC_LoginTestDDT_002 - Clicked on login button
2023-06-04 20:03:14.719 [main] INFO  TC_LoginTestDDT_002 - Loggin passed
2023-06-04 20:03:14.719 [main] INFO  TC_LoginTestDDT_002 - *********************************
2023-06-04 20:03:14.719 [main] INFO  TC_LoginTestDDT_002 - Navigated to login page
2023-06-04 20:03:16.170 [main] INFO  TC_LoginTestDDT_002 - Entered user name
2023-06-04 20:03:16.293 [main] INFO  TC_LoginTestDDT_002 - Entered password
2023-06-04 20:03:16.447 [main] INFO  TC_LoginTestDDT_002 - Clicked on login button
2023-06-04 20:03:22.070 [main] WARN  TC_LoginTestDDT_002 - Login failed
2023-06-04 20:03:22.070 [main] INFO  TC_LoginTestDDT_002 - *********************************
2023-06-04 20:08:35.124 [main] INFO  TC_LoginTest_001 - Loading Chrome browser
2023-06-04 20:08:37.975 [main] INFO  TC_LoginTest_001 - Navigated to login page
2023-06-04 20:08:44.062 [main] INFO  TC_LoginTest_001 - Entered user name
2023-06-04 20:08:44.223 [main] INFO  TC_LoginTest_001 - Entered password
2023-06-04 20:08:44.389 [main] INFO  TC_LoginTest_001 - Clicked on login button
2023-06-04 20:08:50.366 [main] INFO  TC_LoginTest_001 - TC_LoginTest_001 passed
2023-06-04 20:08:51.364 [main] INFO  TC_CreateNewCustomer_001 - Loading Chrome browser
2023-06-04 20:08:52.728 [main] INFO  TC_CreateNewCustomer_001 - Navigated to login page
2023-06-04 20:08:59.333 [main] INFO  TC_CreateNewCustomer_001 - Navigated to create new customer page
2023-06-04 20:09:07.491 [main] INFO  TC_CreateNewCustomer_001 - Clicked on Submit button
2023-06-04 20:09:07.515 [main] INFO  TC_CreateNewCustomer_001 - TC_CreateNewCustomer_001 test passed
2023-06-04 21:18:53.542 [main] INFO  TC_LoginTest_001 - Loading Chrome browser
2023-06-04 21:18:56.592 [main] INFO  TC_LoginTest_001 - Navigated to login page
2023-06-04 21:19:01.510 [main] INFO  TC_LoginTest_001 - Entered user name
2023-06-04 21:19:01.766 [main] INFO  TC_LoginTest_001 - Entered password
2023-06-04 21:19:02.032 [main] INFO  TC_LoginTest_001 - Clicked on login button
2023-06-04 21:19:03.343 [main] INFO  TC_LoginTest_001 - TC_LoginTest_001 passed
2023-06-04 21:19:04.141 [main] INFO  TC_CreateNewCustomer_001 - Loading Chrome browser
2023-06-04 21:19:05.872 [main] INFO  TC_CreateNewCustomer_001 - Navigated to login page
2023-06-04 21:19:12.868 [main] INFO  TC_CreateNewCustomer_001 - Navigated to create new customer page
2023-06-04 21:19:20.309 [main] INFO  TC_CreateNewCustomer_001 - Clicked on Submit button
2023-06-04 21:19:53.317 [main] INFO  TC_LoginTest_001 - Loading Chrome browser
2023-06-04 21:19:56.329 [main] INFO  TC_LoginTest_001 - Navigated to login page
2023-06-04 21:20:00.975 [main] INFO  TC_LoginTest_001 - Entered user name
2023-06-04 21:20:01.304 [main] INFO  TC_LoginTest_001 - Entered password
2023-06-04 21:20:01.472 [main] INFO  TC_LoginTest_001 - Clicked on login button
2023-06-04 21:20:02.955 [main] INFO  TC_LoginTest_001 - TC_LoginTest_001 passed
2023-06-04 21:20:03.055 [AsyncHttpClient-1-4] WARN  org.asynchttpclient.netty.handler.WebSocketHandler - onError
java.net.SocketException: Connection reset
	at sun.nio.ch.SocketChannelImpl.throwConnectionReset(SocketChannelImpl.java:401) ~[?:?]
	at sun.nio.ch.SocketChannelImpl.read(SocketChannelImpl.java:434) ~[?:?]
	at io.netty.buffer.PooledByteBuf.setBytes(PooledByteBuf.java:256) ~[netty-buffer-4.1.91.Final.jar:4.1.91.Final]
	at io.netty.buffer.AbstractByteBuf.writeBytes(AbstractByteBuf.java:1132) ~[netty-buffer-4.1.91.Final.jar:4.1.91.Final]
	at io.netty.channel.socket.nio.NioSocketChannel.doReadBytes(NioSocketChannel.java:357) ~[netty-transport-4.1.91.Final.jar:4.1.91.Final]
	at io.netty.channel.nio.AbstractNioByteChannel$NioByteUnsafe.read(AbstractNioByteChannel.java:151) [netty-transport-4.1.91.Final.jar:4.1.91.Final]
	at io.netty.channel.nio.NioEventLoop.processSelectedKey(NioEventLoop.java:788) [netty-transport-4.1.91.Final.jar:4.1.91.Final]
	at io.netty.channel.nio.NioEventLoop.processSelectedKeysOptimized(NioEventLoop.java:724) [netty-transport-4.1.91.Final.jar:4.1.91.Final]
	at io.netty.channel.nio.NioEventLoop.processSelectedKeys(NioEventLoop.java:650) [netty-transport-4.1.91.Final.jar:4.1.91.Final]
	at io.netty.channel.nio.NioEventLoop.run(NioEventLoop.java:562) [netty-transport-4.1.91.Final.jar:4.1.91.Final]
	at io.netty.util.concurrent.SingleThreadEventExecutor$4.run(SingleThreadEventExecutor.java:997) [netty-common-4.1.91.Final.jar:4.1.91.Final]
	at io.netty.util.internal.ThreadExecutorMap$2.run(ThreadExecutorMap.java:74) [netty-common-4.1.91.Final.jar:4.1.91.Final]
	at io.netty.util.concurrent.FastThreadLocalRunnable.run(FastThreadLocalRunnable.java:30) [netty-common-4.1.91.Final.jar:4.1.91.Final]
	at java.lang.Thread.run(Thread.java:1589) [?:?]
2023-06-04 21:20:03.740 [main] INFO  TC_CreateNewCustomer_001 - Loading Chrome browser
2023-06-04 21:20:05.050 [main] INFO  TC_CreateNewCustomer_001 - Navigated to login page
2023-06-04 21:20:11.231 [main] INFO  TC_CreateNewCustomer_001 - Navigated to create new customer page
2023-06-04 21:20:19.446 [main] INFO  TC_CreateNewCustomer_001 - Clicked on Submit button
2023-06-04 21:20:19.461 [main] INFO  TC_CreateNewCustomer_001 - TC_CreateNewCustomer_001 test passed
2023-06-04 23:50:22.620 [main] INFO  TC_LoginTest_001 - Loading Chrome browser
2023-06-04 23:50:25.613 [main] INFO  TC_LoginTest_001 - Navigated to login page
2023-06-04 23:50:30.334 [main] INFO  TC_LoginTest_001 - Entered user name
2023-06-04 23:50:30.629 [main] INFO  TC_LoginTest_001 - Entered password
2023-06-04 23:50:30.745 [main] INFO  TC_LoginTest_001 - Clicked on login button
2023-06-04 23:50:31.914 [main] INFO  TC_LoginTest_001 - TC_LoginTest_001 passed
2023-06-04 23:50:32.812 [main] INFO  TC_CreateNewCustomer_001 - Loading Chrome browser
2023-06-04 23:50:34.095 [main] INFO  TC_CreateNewCustomer_001 - Navigated to login page
2023-06-04 23:50:42.590 [main] INFO  TC_CreateNewCustomer_001 - Navigated to create new customer page
2023-06-04 23:50:50.512 [main] INFO  TC_CreateNewCustomer_001 - Clicked on Submit button
2023-06-04 23:51:13.400 [main] INFO  TC_LoginTest_001 - Loading Chrome browser
2023-06-04 23:51:16.113 [main] INFO  TC_LoginTest_001 - Navigated to login page
2023-06-04 23:51:20.052 [main] INFO  TC_LoginTest_001 - Entered user name
2023-06-04 23:51:20.207 [main] INFO  TC_LoginTest_001 - Entered password
2023-06-04 23:51:20.701 [main] INFO  TC_LoginTest_001 - Clicked on login button
2023-06-04 23:51:22.118 [main] INFO  TC_LoginTest_001 - TC_LoginTest_001 passed
2023-06-04 23:51:23.120 [main] INFO  TC_CreateNewCustomer_001 - Loading Chrome browser
2023-06-04 23:51:24.459 [main] INFO  TC_CreateNewCustomer_001 - Navigated to login page
2023-06-04 23:51:30.100 [main] INFO  TC_CreateNewCustomer_001 - Navigated to create new customer page
2023-06-04 23:51:37.564 [main] INFO  TC_CreateNewCustomer_001 - Clicked on Submit button
2023-06-04 23:51:37.580 [main] INFO  TC_CreateNewCustomer_001 - TC_CreateNewCustomer_001 test passed
