<?xml version="1.0" encoding="UTF-8"?>
<testng-results ignored="0" total="7" passed="5" failed="2" skipped="0">
  <reporter-output>
  </reporter-output>
  <suite started-at="2023-06-04T18:47:27 AEST" name="inetBankingV1" finished-at="2023-06-04T18:48:57 AEST" duration-ms="90004">
    <groups>
    </groups>
    <test started-at="2023-06-04T18:47:27 AEST" name="BankingApp Test" finished-at="2023-06-04T18:48:57 AEST" duration-ms="90004">
      <class name="com.inetbanking.testCases.TC_LoginTest_001">
        <test-method is-config="true" signature="setUp(java.lang.String)[pri:0, instance:com.inetbanking.testCases.TC_LoginTest_001@3fb6cf60]" started-at="2023-06-04T18:47:27 AEST" name="setUp" finished-at="2023-06-04T18:47:30 AEST" duration-ms="3360" status="PASS">
          <params>
            <param index="0">
              <value>
                <![CDATA[chrome]]>
              </value>
            </param>
          </params>
          <reporter-output>
          </reporter-output>
        </test-method> <!-- setUp -->
        <test-method signature="logintest()[pri:0, instance:com.inetbanking.testCases.TC_LoginTest_001@3fb6cf60]" started-at="2023-06-04T18:47:30 AEST" name="logintest" finished-at="2023-06-04T18:47:38 AEST" duration-ms="7528" status="PASS">
          <reporter-output>
          </reporter-output>
        </test-method> <!-- logintest -->
        <test-method is-config="true" signature="tearDown()[pri:0, instance:com.inetbanking.testCases.TC_LoginTest_001@3fb6cf60]" started-at="2023-06-04T18:47:38 AEST" name="tearDown" finished-at="2023-06-04T18:47:39 AEST" duration-ms="992" status="PASS">
          <reporter-output>
          </reporter-output>
        </test-method> <!-- tearDown -->
      </class> <!-- com.inetbanking.testCases.TC_LoginTest_001 -->
      <class name="com.inetbanking.testCases.TC_LoginTestDDT_002">
        <test-method is-config="true" signature="setUp(java.lang.String)[pri:0, instance:com.inetbanking.testCases.TC_LoginTestDDT_002@2b5f4d54]" started-at="2023-06-04T18:47:39 AEST" name="setUp" finished-at="2023-06-04T18:47:40 AEST" duration-ms="1510" status="PASS">
          <params>
            <param index="0">
              <value>
                <![CDATA[chrome]]>
              </value>
            </param>
          </params>
          <reporter-output>
          </reporter-output>
        </test-method> <!-- setUp -->
        <test-method signature="logintest(java.lang.String,java.lang.String,java.lang.String)[pri:0, instance:com.inetbanking.testCases.TC_LoginTestDDT_002@2b5f4d54]" started-at="2023-06-04T18:47:42 AEST" name="logintest" data-provider="getData" finished-at="2023-06-04T18:47:53 AEST" duration-ms="11273" status="FAIL">
          <params>
            <param index="0">
              <value>
                <![CDATA[mngr505003]]>
              </value>
            </param>
            <param index="1">
              <value>
                <![CDATA[AvddybEdy]]>
              </value>
            </param>
            <param index="2">
              <value>
                <![CDATA[Invalid]]>
              </value>
            </param>
          </params>
          <exception class="java.lang.AssertionError">
            <message>
              <![CDATA[expected [true] but found [false]]]>
            </message>
            <full-stacktrace>
              <![CDATA[java.lang.AssertionError: expected [true] but found [false]
at org.testng.Assert.fail(Assert.java:110)
at org.testng.Assert.failNotEquals(Assert.java:1577)
at org.testng.Assert.assertTrue(Assert.java:56)
at org.testng.Assert.assertTrue(Assert.java:66)
at com.inetbanking.testCases.TC_LoginTestDDT_002.logintest(TC_LoginTestDDT_002.java:51)
at java.base/jdk.internal.reflect.DirectMethodHandleAccessor.invoke(DirectMethodHandleAccessor.java:104)
at java.base/java.lang.reflect.Method.invoke(Method.java:578)
at org.testng.internal.invokers.MethodInvocationHelper.invokeMethod(MethodInvocationHelper.java:139)
at org.testng.internal.invokers.TestInvoker.invokeMethod(TestInvoker.java:677)
at org.testng.internal.invokers.TestInvoker.invokeTestMethod(TestInvoker.java:221)
at org.testng.internal.invokers.MethodRunner.runInSequence(MethodRunner.java:50)
at org.testng.internal.invokers.TestInvoker$MethodInvocationAgent.invoke(TestInvoker.java:969)
at org.testng.internal.invokers.TestInvoker.invokeTestMethods(TestInvoker.java:194)
at org.testng.internal.invokers.TestMethodWorker.invokeTestMethods(TestMethodWorker.java:148)
at org.testng.internal.invokers.TestMethodWorker.run(TestMethodWorker.java:128)
at java.base/java.util.ArrayList.forEach(ArrayList.java:1511)
at org.testng.TestRunner.privateRun(TestRunner.java:829)
at org.testng.TestRunner.run(TestRunner.java:602)
at org.testng.SuiteRunner.runTest(SuiteRunner.java:437)
at org.testng.SuiteRunner.runSequentially(SuiteRunner.java:431)
at org.testng.SuiteRunner.privateRun(SuiteRunner.java:391)
at org.testng.SuiteRunner.run(SuiteRunner.java:330)
at org.testng.SuiteRunnerWorker.runSuite(SuiteRunnerWorker.java:52)
at org.testng.SuiteRunnerWorker.run(SuiteRunnerWorker.java:95)
at org.testng.TestNG.runSuitesSequentially(TestNG.java:1256)
at org.testng.TestNG.runSuitesLocally(TestNG.java:1176)
at org.testng.TestNG.runSuites(TestNG.java:1099)
at org.testng.TestNG.run(TestNG.java:1067)
at org.testng.remote.AbstractRemoteTestNG.run(AbstractRemoteTestNG.java:115)
at org.testng.remote.RemoteTestNG.initAndRun(RemoteTestNG.java:251)
at org.testng.remote.RemoteTestNG.main(RemoteTestNG.java:77)
]]>
            </full-stacktrace>
          </exception> <!-- java.lang.AssertionError -->
          <reporter-output>
          </reporter-output>
        </test-method> <!-- logintest -->
        <test-method signature="logintest(java.lang.String,java.lang.String,java.lang.String)[pri:0, instance:com.inetbanking.testCases.TC_LoginTestDDT_002@2b5f4d54]" started-at="2023-06-04T18:47:53 AEST" name="logintest" data-provider="getData" finished-at="2023-06-04T18:47:59 AEST" duration-ms="5416" status="PASS">
          <params>
            <param index="0">
              <value>
                <![CDATA[mngr505003]]>
              </value>
            </param>
            <param index="1">
              <value>
                <![CDATA[AvybEdy]]>
              </value>
            </param>
            <param index="2">
              <value>
                <![CDATA[Valid]]>
              </value>
            </param>
          </params>
          <reporter-output>
          </reporter-output>
        </test-method> <!-- logintest -->
        <test-method signature="logintest(java.lang.String,java.lang.String,java.lang.String)[pri:0, instance:com.inetbanking.testCases.TC_LoginTestDDT_002@2b5f4d54]" started-at="2023-06-04T18:47:59 AEST" name="logintest" data-provider="getData" finished-at="2023-06-04T18:48:06 AEST" duration-ms="7527" status="FAIL">
          <params>
            <param index="0">
              <value>
                <![CDATA[mnredfg]]>
              </value>
            </param>
            <param index="1">
              <value>
                <![CDATA[AvddybEdy]]>
              </value>
            </param>
            <param index="2">
              <value>
                <![CDATA[invalid]]>
              </value>
            </param>
          </params>
          <exception class="java.lang.AssertionError">
            <message>
              <![CDATA[expected [true] but found [false]]]>
            </message>
            <full-stacktrace>
              <![CDATA[java.lang.AssertionError: expected [true] but found [false]
at org.testng.Assert.fail(Assert.java:110)
at org.testng.Assert.failNotEquals(Assert.java:1577)
at org.testng.Assert.assertTrue(Assert.java:56)
at org.testng.Assert.assertTrue(Assert.java:66)
at com.inetbanking.testCases.TC_LoginTestDDT_002.logintest(TC_LoginTestDDT_002.java:51)
at java.base/jdk.internal.reflect.DirectMethodHandleAccessor.invoke(DirectMethodHandleAccessor.java:104)
at java.base/java.lang.reflect.Method.invoke(Method.java:578)
at org.testng.internal.invokers.MethodInvocationHelper.invokeMethod(MethodInvocationHelper.java:139)
at org.testng.internal.invokers.TestInvoker.invokeMethod(TestInvoker.java:677)
at org.testng.internal.invokers.TestInvoker.invokeTestMethod(TestInvoker.java:221)
at org.testng.internal.invokers.MethodRunner.runInSequence(MethodRunner.java:50)
at org.testng.internal.invokers.TestInvoker$MethodInvocationAgent.invoke(TestInvoker.java:969)
at org.testng.internal.invokers.TestInvoker.invokeTestMethods(TestInvoker.java:194)
at org.testng.internal.invokers.TestMethodWorker.invokeTestMethods(TestMethodWorker.java:148)
at org.testng.internal.invokers.TestMethodWorker.run(TestMethodWorker.java:128)
at java.base/java.util.ArrayList.forEach(ArrayList.java:1511)
at org.testng.TestRunner.privateRun(TestRunner.java:829)
at org.testng.TestRunner.run(TestRunner.java:602)
at org.testng.SuiteRunner.runTest(SuiteRunner.java:437)
at org.testng.SuiteRunner.runSequentially(SuiteRunner.java:431)
at org.testng.SuiteRunner.privateRun(SuiteRunner.java:391)
at org.testng.SuiteRunner.run(SuiteRunner.java:330)
at org.testng.SuiteRunnerWorker.runSuite(SuiteRunnerWorker.java:52)
at org.testng.SuiteRunnerWorker.run(SuiteRunnerWorker.java:95)
at org.testng.TestNG.runSuitesSequentially(TestNG.java:1256)
at org.testng.TestNG.runSuitesLocally(TestNG.java:1176)
at org.testng.TestNG.runSuites(TestNG.java:1099)
at org.testng.TestNG.run(TestNG.java:1067)
at org.testng.remote.AbstractRemoteTestNG.run(AbstractRemoteTestNG.java:115)
at org.testng.remote.RemoteTestNG.initAndRun(RemoteTestNG.java:251)
at org.testng.remote.RemoteTestNG.main(RemoteTestNG.java:77)
]]>
            </full-stacktrace>
          </exception> <!-- java.lang.AssertionError -->
          <reporter-output>
          </reporter-output>
        </test-method> <!-- logintest -->
        <test-method is-config="true" signature="tearDown()[pri:0, instance:com.inetbanking.testCases.TC_LoginTestDDT_002@2b5f4d54]" started-at="2023-06-04T18:48:06 AEST" name="tearDown" finished-at="2023-06-04T18:48:07 AEST" duration-ms="586" status="PASS">
          <reporter-output>
          </reporter-output>
        </test-method> <!-- tearDown -->
      </class> <!-- com.inetbanking.testCases.TC_LoginTestDDT_002 -->
      <class name="com.inetbanking.testCases.TC_CreateNewCustomer_003">
        <test-method is-config="true" signature="setUp(java.lang.String)[pri:0, instance:com.inetbanking.testCases.TC_CreateNewCustomer_003@6b7906b3]" started-at="2023-06-04T18:48:40 AEST" name="setUp" finished-at="2023-06-04T18:48:41 AEST" duration-ms="1395" status="PASS">
          <params>
            <param index="0">
              <value>
                <![CDATA[chrome]]>
              </value>
            </param>
          </params>
          <reporter-output>
          </reporter-output>
        </test-method> <!-- setUp -->
        <test-method signature="resetNewCustomerDetailsTest()[pri:0, instance:com.inetbanking.testCases.TC_CreateNewCustomer_003@6b7906b3]" started-at="2023-06-04T18:48:41 AEST" name="resetNewCustomerDetailsTest" finished-at="2023-06-04T18:48:56 AEST" duration-ms="15194" status="PASS">
          <reporter-output>
          </reporter-output>
        </test-method> <!-- resetNewCustomerDetailsTest -->
        <test-method is-config="true" signature="tearDown()[pri:0, instance:com.inetbanking.testCases.TC_CreateNewCustomer_003@6b7906b3]" started-at="2023-06-04T18:48:56 AEST" name="tearDown" finished-at="2023-06-04T18:48:57 AEST" duration-ms="454" status="PASS">
          <reporter-output>
          </reporter-output>
        </test-method> <!-- tearDown -->
      </class> <!-- com.inetbanking.testCases.TC_CreateNewCustomer_003 -->
      <class name="com.inetbanking.testCases.TC_CreateNewCustomer_001">
        <test-method is-config="true" signature="setUp(java.lang.String)[pri:0, instance:com.inetbanking.testCases.TC_CreateNewCustomer_001@5f7b97da]" started-at="2023-06-04T18:48:07 AEST" name="setUp" finished-at="2023-06-04T18:48:08 AEST" duration-ms="1492" status="PASS">
          <params>
            <param index="0">
              <value>
                <![CDATA[chrome]]>
              </value>
            </param>
          </params>
          <reporter-output>
          </reporter-output>
        </test-method> <!-- setUp -->
        <test-method signature="createNewCustomerTest()[pri:0, instance:com.inetbanking.testCases.TC_CreateNewCustomer_001@5f7b97da]" started-at="2023-06-04T18:48:08 AEST" name="createNewCustomerTest" finished-at="2023-06-04T18:48:24 AEST" duration-ms="15321" status="PASS">
          <reporter-output>
          </reporter-output>
        </test-method> <!-- createNewCustomerTest -->
        <test-method is-config="true" signature="tearDown()[pri:0, instance:com.inetbanking.testCases.TC_CreateNewCustomer_001@5f7b97da]" started-at="2023-06-04T18:48:24 AEST" name="tearDown" finished-at="2023-06-04T18:48:24 AEST" duration-ms="549" status="PASS">
          <reporter-output>
          </reporter-output>
        </test-method> <!-- tearDown -->
      </class> <!-- com.inetbanking.testCases.TC_CreateNewCustomer_001 -->
      <class name="com.inetbanking.testCases.TC_CreateNewCustomer_002">
        <test-method is-config="true" signature="setUp(java.lang.String)[pri:0, instance:com.inetbanking.testCases.TC_CreateNewCustomer_002@18b0930f]" started-at="2023-06-04T18:48:24 AEST" name="setUp" finished-at="2023-06-04T18:48:25 AEST" duration-ms="1307" status="PASS">
          <params>
            <param index="0">
              <value>
                <![CDATA[chrome]]>
              </value>
            </param>
          </params>
          <reporter-output>
          </reporter-output>
        </test-method> <!-- setUp -->
        <test-method signature="createNewCustomerTest()[pri:0, instance:com.inetbanking.testCases.TC_CreateNewCustomer_002@18b0930f]" started-at="2023-06-04T18:48:25 AEST" name="createNewCustomerTest" finished-at="2023-06-04T18:48:39 AEST" duration-ms="13994" status="PASS">
          <reporter-output>
          </reporter-output>
        </test-method> <!-- createNewCustomerTest -->
        <test-method is-config="true" signature="tearDown()[pri:0, instance:com.inetbanking.testCases.TC_CreateNewCustomer_002@18b0930f]" started-at="2023-06-04T18:48:39 AEST" name="tearDown" finished-at="2023-06-04T18:48:40 AEST" duration-ms="471" status="PASS">
          <reporter-output>
          </reporter-output>
        </test-method> <!-- tearDown -->
      </class> <!-- com.inetbanking.testCases.TC_CreateNewCustomer_002 -->
    </test> <!-- BankingApp Test -->
  </suite> <!-- inetBankingV1 -->
</testng-results>
